TN:
SF:src/cli/argsParser.ts
FN:58,(anonymous_1)
FN:65,(anonymous_2)
FN:113,(anonymous_3)
FN:137,(anonymous_4)
FN:169,(anonymous_5)
FN:252,(anonymous_6)
FN:258,(anonymous_7)
FN:276,(anonymous_8)
FN:282,(anonymous_9)
FN:302,(anonymous_10)
FN:305,(anonymous_11)
FNF:11
FNH:0
FNDA:0,(anonymous_1)
FNDA:0,(anonymous_2)
FNDA:0,(anonymous_3)
FNDA:0,(anonymous_4)
FNDA:0,(anonymous_5)
FNDA:0,(anonymous_6)
FNDA:0,(anonymous_7)
FNDA:0,(anonymous_8)
FNDA:0,(anonymous_9)
FNDA:0,(anonymous_10)
FNDA:0,(anonymous_11)
DA:1,0
DA:2,0
DA:3,0
DA:55,0
DA:59,0
DA:66,0
DA:106,0
DA:107,0
DA:114,0
DA:115,0
DA:121,0
DA:122,0
DA:131,0
DA:138,0
DA:140,0
DA:141,0
DA:143,0
DA:144,0
DA:148,0
DA:151,0
DA:152,0
DA:153,0
DA:155,0
DA:159,0
DA:163,0
DA:171,0
DA:172,0
DA:175,0
DA:176,0
DA:180,0
DA:181,0
DA:185,0
DA:186,0
DA:187,0
DA:190,0
DA:191,0
DA:192,0
DA:197,0
DA:198,0
DA:199,0
DA:204,0
DA:205,0
DA:208,0
DA:209,0
DA:212,0
DA:213,0
DA:217,0
DA:218,0
DA:219,0
DA:220,0
DA:221,0
DA:223,0
DA:228,0
DA:229,0
DA:230,0
DA:231,0
DA:233,0
DA:238,0
DA:239,0
DA:243,0
DA:244,0
DA:245,0
DA:253,0
DA:254,0
DA:257,0
DA:258,0
DA:259,0
DA:262,0
DA:263,0
DA:267,0
DA:269,0
DA:277,0
DA:278,0
DA:279,0
DA:282,0
DA:283,0
DA:284,0
DA:285,0
DA:289,0
DA:293,0
DA:295,0
DA:303,0
DA:304,0
DA:305,0
DA:307,0
DA:309,0
DA:310,0
DA:316,0
DA:318,0
DA:319,0
DA:320,0
DA:321,0
DA:329,0
DA:331,0
LF:94
LH:0
BRDA:75,0,0,0
BRDA:75,0,1,0
BRDA:80,1,0,0
BRDA:80,1,1,0
BRDA:81,2,0,0
BRDA:81,2,1,0
BRDA:82,3,0,0
BRDA:82,3,1,0
BRDA:83,4,0,0
BRDA:83,4,1,0
BRDA:86,5,0,0
BRDA:86,5,1,0
BRDA:87,6,0,0
BRDA:87,6,1,0
BRDA:90,7,0,0
BRDA:90,7,1,0
BRDA:91,8,0,0
BRDA:91,8,1,0
BRDA:95,9,0,0
BRDA:95,9,1,0
BRDA:98,10,0,0
BRDA:98,10,1,0
BRDA:99,11,0,0
BRDA:99,11,1,0
BRDA:100,12,0,0
BRDA:100,12,1,0
BRDA:101,13,0,0
BRDA:101,13,1,0
BRDA:102,14,0,0
BRDA:102,14,1,0
BRDA:103,15,0,0
BRDA:103,15,1,0
BRDA:114,16,0,0
BRDA:121,17,0,0
BRDA:121,18,0,0
BRDA:121,18,1,0
BRDA:121,18,2,0
BRDA:121,18,3,0
BRDA:143,19,0,0
BRDA:143,19,1,0
BRDA:143,20,0,0
BRDA:143,20,1,0
BRDA:143,20,2,0
BRDA:152,21,0,0
BRDA:152,21,1,0
BRDA:171,22,0,0
BRDA:171,23,0,0
BRDA:171,23,1,0
BRDA:175,24,0,0
BRDA:175,25,0,0
BRDA:175,25,1,0
BRDA:175,25,2,0
BRDA:175,25,3,0
BRDA:180,26,0,0
BRDA:180,27,0,0
BRDA:180,27,1,0
BRDA:186,28,0,0
BRDA:191,29,0,0
BRDA:197,30,0,0
BRDA:198,31,0,0
BRDA:204,32,0,0
BRDA:208,33,0,0
BRDA:212,34,0,0
BRDA:217,35,0,0
BRDA:219,36,0,0
BRDA:238,37,0,0
BRDA:238,38,0,0
BRDA:238,38,1,0
BRDA:244,39,0,0
BRDA:259,40,0,0
BRDA:259,40,1,0
BRDA:262,41,0,0
BRDA:267,42,0,0
BRDA:267,42,1,0
BRDA:283,43,0,0
BRDA:283,44,0,0
BRDA:283,44,1,0
BRDA:285,45,0,0
BRDA:285,45,1,0
BRDA:289,46,0,0
BRDA:289,46,1,0
BRDA:307,47,0,0
BRDA:307,47,1,0
BRDA:309,48,0,0
BRDA:309,49,0,0
BRDA:309,49,1,0
BRDA:309,49,2,0
BRDA:309,49,3,0
BRDA:309,49,4,0
BRDA:316,50,0,0
BRDA:320,51,0,0
BRDA:320,52,0,0
BRDA:320,52,1,0
BRDA:320,52,2,0
BRDA:320,52,3,0
BRDA:320,52,4,0
BRF:96
BRH:0
end_of_record
TN:
SF:src/cli/index.ts
FN:54,(anonymous_1)
FN:131,(anonymous_2)
FN:154,(anonymous_3)
FN:160,(anonymous_4)
FN:165,(anonymous_5)
FNF:5
FNH:0
FNDA:0,(anonymous_1)
FNDA:0,(anonymous_2)
FNDA:0,(anonymous_3)
FNDA:0,(anonymous_4)
FNDA:0,(anonymous_5)
DA:4,0
DA:6,0
DA:7,0
DA:8,0
DA:9,0
DA:10,0
DA:11,0
DA:12,0
DA:14,0
DA:16,0
DA:17,0
DA:18,0
DA:21,0
DA:27,0
DA:55,0
DA:57,0
DA:58,0
DA:61,0
DA:69,0
DA:70,0
DA:74,0
DA:77,0
DA:78,0
DA:81,0
DA:84,0
DA:85,0
DA:88,0
DA:89,0
DA:93,0
DA:94,0
DA:95,0
DA:99,0
DA:100,0
DA:101,0
DA:105,0
DA:106,0
DA:109,0
DA:110,0
DA:111,0
DA:112,0
DA:113,0
DA:114,0
DA:116,0
DA:117,0
DA:121,0
DA:126,0
DA:132,0
DA:133,0
DA:135,0
DA:137,0
DA:140,0
DA:142,0
DA:146,0
DA:151,0
DA:155,0
DA:156,0
DA:160,0
DA:161,0
DA:162,0
DA:165,0
DA:166,0
DA:167,0
DA:171,0
DA:174,0
DA:175,0
LF:65
LH:0
BRDA:69,0,0,0
BRDA:77,1,0,0
BRDA:84,2,0,0
BRDA:84,3,0,0
BRDA:84,3,1,0
BRDA:88,4,0,0
BRDA:88,5,0,0
BRDA:88,5,1,0
BRDA:88,5,2,0
BRDA:88,5,3,0
BRDA:94,6,0,0
BRDA:100,7,0,0
BRDA:109,8,0,0
BRDA:109,8,1,0
BRDA:112,9,0,0
BRDA:112,9,1,0
BRDA:112,10,0,0
BRDA:112,10,1,0
BRDA:135,11,0,0
BRDA:140,12,0,0
BRDA:174,13,0,0
BRF:21
BRH:0
end_of_record
TN:
SF:src/core/adoClient.ts
FN:93,(anonymous_1)
FN:116,(anonymous_2)
FN:126,(anonymous_3)
FN:133,(anonymous_4)
FN:140,(anonymous_5)
FN:147,(anonymous_6)
FN:190,(anonymous_7)
FN:224,(anonymous_8)
FN:266,(anonymous_9)
FN:343,(anonymous_10)
FN:381,(anonymous_11)
FN:430,(anonymous_12)
FN:474,(anonymous_13)
FN:512,(anonymous_14)
FN:559,(anonymous_15)
FN:593,(anonymous_16)
FN:596,(anonymous_17)
FN:602,(anonymous_18)
FN:610,(anonymous_19)
FN:623,(anonymous_20)
FN:643,(anonymous_21)
FNF:21
FNH:0
FNDA:0,(anonymous_1)
FNDA:0,(anonymous_2)
FNDA:0,(anonymous_3)
FNDA:0,(anonymous_4)
FNDA:0,(anonymous_5)
FNDA:0,(anonymous_6)
FNDA:0,(anonymous_7)
FNDA:0,(anonymous_8)
FNDA:0,(anonymous_9)
FNDA:0,(anonymous_10)
FNDA:0,(anonymous_11)
FNDA:0,(anonymous_12)
FNDA:0,(anonymous_13)
FNDA:0,(anonymous_14)
FNDA:0,(anonymous_15)
FNDA:0,(anonymous_16)
FNDA:0,(anonymous_17)
FNDA:0,(anonymous_18)
FNDA:0,(anonymous_19)
FNDA:0,(anonymous_20)
FNDA:0,(anonymous_21)
DA:1,0
DA:85,0
DA:101,0
DA:102,0
DA:103,0
DA:104,0
DA:105,0
DA:107,0
DA:116,0
DA:120,0
DA:127,0
DA:134,0
DA:141,0
DA:148,0
DA:149,0
DA:151,0
DA:160,0
DA:161,0
DA:162,0
DA:163,0
DA:164,0
DA:166,0
DA:172,0
DA:191,0
DA:192,0
DA:194,0
DA:203,0
DA:204,0
DA:206,0
DA:229,0
DA:230,0
DA:232,0
DA:236,0
DA:237,0
DA:240,0
DA:245,0
DA:246,0
DA:248,0
DA:272,0
DA:275,0
DA:277,0
DA:278,0
DA:281,0
DA:283,0
DA:304,0
DA:305,0
DA:308,0
DA:318,0
DA:319,0
DA:321,0
DA:347,0
DA:348,0
DA:350,0
DA:360,0
DA:361,0
DA:363,0
DA:387,0
DA:388,0
DA:390,0
DA:399,0
DA:409,0
DA:410,0
DA:412,0
DA:435,0
DA:436,0
DA:438,0
DA:444,0
DA:454,0
DA:456,0
DA:478,0
DA:479,0
DA:481,0
DA:491,0
DA:492,0
DA:494,0
DA:516,0
DA:517,0
DA:519,0
DA:533,0
DA:534,0
DA:536,0
DA:537,0
DA:538,0
DA:541,0
DA:560,0
DA:561,0
DA:563,0
DA:572,0
DA:573,0
DA:575,0
DA:595,0
DA:597,0
DA:599,0
DA:600,0
DA:603,0
DA:604,0
DA:609,0
DA:611,0
DA:614,0
DA:615,0
DA:616,0
DA:617,0
DA:618,0
DA:621,0
DA:624,0
DA:625,0
DA:626,0
DA:627,0
DA:628,0
DA:632,0
DA:637,0
DA:638,0
DA:639,0
DA:641,0
DA:643,0
DA:644,0
DA:647,0
DA:648,0
LF:118
LH:0
BRDA:162,0,0,0
BRDA:162,0,1,0
BRDA:174,1,0,0
BRDA:174,1,1,0
BRDA:175,2,0,0
BRDA:175,2,1,0
BRDA:208,3,0,0
BRDA:208,3,1,0
BRDA:209,4,0,0
BRDA:209,4,1,0
BRDA:236,5,0,0
BRDA:250,6,0,0
BRDA:250,6,1,0
BRDA:251,7,0,0
BRDA:251,7,1,0
BRDA:275,8,0,0
BRDA:275,8,1,0
BRDA:277,9,0,0
BRDA:277,10,0,0
BRDA:277,10,1,0
BRDA:323,11,0,0
BRDA:323,11,1,0
BRDA:324,12,0,0
BRDA:324,12,1,0
BRDA:332,13,0,0
BRDA:332,13,1,0
BRDA:365,14,0,0
BRDA:365,14,1,0
BRDA:366,15,0,0
BRDA:366,15,1,0
BRDA:392,16,0,0
BRDA:392,16,1,0
BRDA:414,17,0,0
BRDA:414,17,1,0
BRDA:415,18,0,0
BRDA:415,18,1,0
BRDA:440,19,0,0
BRDA:440,19,1,0
BRDA:458,20,0,0
BRDA:458,20,1,0
BRDA:459,21,0,0
BRDA:459,21,1,0
BRDA:486,22,0,0
BRDA:486,22,1,0
BRDA:492,23,0,0
BRDA:492,23,1,0
BRDA:496,24,0,0
BRDA:496,24,1,0
BRDA:497,25,0,0
BRDA:497,25,1,0
BRDA:536,26,0,0
BRDA:543,27,0,0
BRDA:543,27,1,0
BRDA:544,28,0,0
BRDA:544,28,1,0
BRDA:577,29,0,0
BRDA:577,29,1,0
BRDA:578,30,0,0
BRDA:578,30,1,0
BRDA:614,31,0,0
BRDA:627,32,0,0
BRDA:627,32,1,0
BRDA:632,33,0,0
BRDA:632,33,1,0
BRDA:632,33,2,0
BRDA:632,33,3,0
BRDA:632,33,4,0
BRDA:637,34,0,0
BRDA:641,35,0,0
BRDA:641,35,1,0
BRDA:647,36,0,0
BRDA:647,36,1,0
BRF:72
BRH:0
end_of_record
TN:
SF:src/core/commenter.ts
FN:49,(anonymous_0)
FN:68,(anonymous_1)
FN:163,(anonymous_2)
FN:174,(anonymous_3)
FN:216,(anonymous_4)
FN:220,(anonymous_5)
FN:223,(anonymous_6)
FN:237,(anonymous_7)
FN:250,(anonymous_8)
FN:300,(anonymous_9)
FN:307,(anonymous_10)
FN:323,(anonymous_11)
FN:332,(anonymous_12)
FN:342,(anonymous_13)
FN:354,(anonymous_14)
FN:360,(anonymous_15)
FN:372,(anonymous_16)
FN:374,(anonymous_17)
FN:392,(anonymous_18)
FN:396,(anonymous_19)
FN:405,(anonymous_20)
FN:422,(anonymous_21)
FN:432,(anonymous_22)
FN:468,(anonymous_23)
FN:484,(anonymous_24)
FN:490,(anonymous_25)
FN:491,(anonymous_26)
FN:497,(anonymous_27)
FN:545,(anonymous_28)
FN:569,(anonymous_29)
FNF:30
FNH:0
FNDA:0,(anonymous_0)
FNDA:0,(anonymous_1)
FNDA:0,(anonymous_2)
FNDA:0,(anonymous_3)
FNDA:0,(anonymous_4)
FNDA:0,(anonymous_5)
FNDA:0,(anonymous_6)
FNDA:0,(anonymous_7)
FNDA:0,(anonymous_8)
FNDA:0,(anonymous_9)
FNDA:0,(anonymous_10)
FNDA:0,(anonymous_11)
FNDA:0,(anonymous_12)
FNDA:0,(anonymous_13)
FNDA:0,(anonymous_14)
FNDA:0,(anonymous_15)
FNDA:0,(anonymous_16)
FNDA:0,(anonymous_17)
FNDA:0,(anonymous_18)
FNDA:0,(anonymous_19)
FNDA:0,(anonymous_20)
FNDA:0,(anonymous_21)
FNDA:0,(anonymous_22)
FNDA:0,(anonymous_23)
FNDA:0,(anonymous_24)
FNDA:0,(anonymous_25)
FNDA:0,(anonymous_26)
FNDA:0,(anonymous_27)
FNDA:0,(anonymous_28)
FNDA:0,(anonymous_29)
DA:43,0
DA:50,0
DA:51,0
DA:52,0
DA:53,0
DA:73,0
DA:74,0
DA:75,0
DA:77,0
DA:79,0
DA:80,0
DA:83,0
DA:95,0
DA:96,0
DA:97,0
DA:98,0
DA:102,0
DA:104,0
DA:105,0
DA:106,0
DA:108,0
DA:110,0
DA:111,0
DA:119,0
DA:120,0
DA:121,0
DA:122,0
DA:123,0
DA:124,0
DA:125,0
DA:128,0
DA:129,0
DA:130,0
DA:131,0
DA:135,0
DA:136,0
DA:141,0
DA:142,0
DA:143,0
DA:144,0
DA:146,0
DA:147,0
DA:148,0
DA:152,0
DA:154,0
DA:156,0
DA:167,0
DA:169,0
DA:174,0
DA:180,0
DA:181,0
DA:185,0
DA:186,0
DA:187,0
DA:189,0
DA:191,0
DA:196,0
DA:197,0
DA:198,0
DA:200,0
DA:201,0
DA:205,0
DA:206,0
DA:207,0
DA:210,0
DA:217,0
DA:218,0
DA:220,0
DA:223,0
DA:229,0
DA:230,0
DA:238,0
DA:240,0
DA:241,0
DA:244,0
DA:256,0
DA:267,0
DA:268,0
DA:269,0
DA:271,0
DA:272,0
DA:273,0
DA:274,0
DA:275,0
DA:276,0
DA:277,0
DA:278,0
DA:279,0
DA:282,0
DA:283,0
DA:284,0
DA:287,0
DA:288,0
DA:289,0
DA:290,0
DA:294,0
DA:304,0
DA:305,0
DA:307,0
DA:308,0
DA:309,0
DA:312,0
DA:328,0
DA:329,0
DA:331,0
DA:332,0
DA:348,0
DA:349,0
DA:352,0
DA:354,0
DA:355,0
DA:358,0
DA:359,0
DA:360,0
DA:374,0
DA:376,0
DA:377,0
DA:380,0
DA:381,0
DA:385,0
DA:386,0
DA:393,0
DA:394,0
DA:396,0
DA:397,0
DA:399,0
DA:410,0
DA:413,0
DA:421,0
DA:422,0
DA:440,0
DA:441,0
DA:442,0
DA:444,0
DA:446,0
DA:447,0
DA:451,0
DA:452,0
DA:455,0
DA:456,0
DA:458,0
DA:462,0
DA:469,0
DA:472,0
DA:484,0
DA:491,0
DA:498,0
DA:501,0
DA:502,0
DA:504,0
DA:505,0
DA:506,0
DA:507,0
DA:508,0
DA:510,0
DA:511,0
DA:513,0
DA:514,0
DA:520,0
DA:521,0
DA:523,0
DA:524,0
DA:527,0
DA:528,0
DA:531,0
DA:532,0
DA:536,0
DA:546,0
DA:551,0
DA:552,0
DA:555,0
DA:556,0
DA:559,0
DA:560,0
DA:563,0
DA:570,0
LF:176
LH:0
BRDA:71,0,0,0
BRDA:79,1,0,0
BRDA:96,2,0,0
BRDA:96,3,0,0
BRDA:96,3,1,0
BRDA:106,4,0,0
BRDA:135,5,0,0
BRDA:135,6,0,0
BRDA:135,6,1,0
BRDA:141,7,0,0
BRDA:180,8,0,0
BRDA:187,9,0,0
BRDA:198,10,0,0
BRDA:205,11,0,0
BRDA:271,12,0,0
BRDA:271,12,1,0
BRDA:272,13,0,0
BRDA:272,13,1,0
BRDA:276,14,0,0
BRDA:305,15,0,0
BRDA:309,16,0,0
BRDA:313,17,0,0
BRDA:313,17,1,0
BRDA:313,17,2,0
BRDA:358,18,0,0
BRDA:380,19,0,0
BRDA:446,20,0,0
BRDA:451,21,0,0
BRDA:501,22,0,0
BRDA:501,22,1,0
BRDA:501,23,0,0
BRDA:501,23,1,0
BRDA:506,24,0,0
BRDA:510,25,0,0
BRDA:510,26,0,0
BRDA:510,26,1,0
BRDA:513,27,0,0
BRDA:513,28,0,0
BRDA:513,28,1,0
BRDA:520,29,0,0
BRDA:523,30,0,0
BRDA:523,31,0,0
BRDA:523,31,1,0
BRDA:527,32,0,0
BRDA:527,33,0,0
BRDA:527,33,1,0
BRDA:531,34,0,0
BRDA:531,35,0,0
BRDA:531,35,1,0
BRDA:551,36,0,0
BRDA:555,37,0,0
BRDA:559,38,0,0
BRF:52
BRH:0
end_of_record
TN:
SF:src/core/configLoader.ts
FN:116,(anonymous_9)
FN:130,(anonymous_10)
FN:179,(anonymous_11)
FN:189,(anonymous_12)
FN:197,(anonymous_13)
FN:205,(anonymous_14)
FN:213,(anonymous_15)
FN:221,(anonymous_16)
FN:229,(anonymous_17)
FN:237,(anonymous_18)
FN:245,(anonymous_19)
FN:253,(anonymous_20)
FN:261,(anonymous_21)
FN:269,(anonymous_22)
FNF:14
FNH:0
FNDA:0,(anonymous_9)
FNDA:0,(anonymous_10)
FNDA:0,(anonymous_11)
FNDA:0,(anonymous_12)
FNDA:0,(anonymous_13)
FNDA:0,(anonymous_14)
FNDA:0,(anonymous_15)
FNDA:0,(anonymous_16)
FNDA:0,(anonymous_17)
FNDA:0,(anonymous_18)
FNDA:0,(anonymous_19)
FNDA:0,(anonymous_20)
FNDA:0,(anonymous_21)
FNDA:0,(anonymous_22)
DA:1,0
DA:2,0
DA:3,0
DA:110,0
DA:113,0
DA:117,0
DA:118,0
DA:121,0
DA:122,0
DA:124,0
DA:131,0
DA:132,0
DA:135,0
DA:136,0
DA:137,0
DA:140,0
DA:141,0
DA:143,0
DA:144,0
DA:147,0
DA:150,0
DA:151,0
DA:152,0
DA:153,0
DA:154,0
DA:155,0
DA:158,0
DA:159,0
DA:160,0
DA:162,0
DA:164,0
DA:180,0
DA:181,0
DA:183,0
DA:190,0
DA:191,0
DA:198,0
DA:199,0
DA:206,0
DA:207,0
DA:214,0
DA:215,0
DA:222,0
DA:223,0
DA:230,0
DA:231,0
DA:238,0
DA:239,0
DA:246,0
DA:247,0
DA:254,0
DA:255,0
DA:262,0
DA:263,0
DA:270,0
DA:271,0
LF:56
LH:0
BRDA:131,0,0,0
BRDA:136,1,0,0
BRDA:143,2,0,0
BRDA:151,3,0,0
BRDA:151,3,1,0
BRDA:151,4,0,0
BRDA:151,4,1,0
BRDA:154,5,0,0
BRDA:171,6,0,0
BRDA:171,6,1,0
BRDA:180,7,0,0
BRF:11
BRH:0
end_of_record
TN:
SF:src/core/diffFetcher.ts
FN:42,(anonymous_0)
FN:57,(anonymous_1)
FN:158,(anonymous_2)
FN:229,(anonymous_3)
FN:247,(anonymous_4)
FN:268,(anonymous_5)
FN:298,(anonymous_6)
FN:352,(anonymous_7)
FN:387,(anonymous_8)
FN:448,(anonymous_9)
FN:449,(anonymous_10)
FN:450,(anonymous_11)
FN:466,(anonymous_12)
FN:476,(anonymous_13)
FN:482,(anonymous_14)
FN:485,(anonymous_15)
FN:486,(anonymous_16)
FN:519,(anonymous_17)
FN:522,(anonymous_18)
FNF:19
FNH:0
FNDA:0,(anonymous_0)
FNDA:0,(anonymous_1)
FNDA:0,(anonymous_2)
FNDA:0,(anonymous_3)
FNDA:0,(anonymous_4)
FNDA:0,(anonymous_5)
FNDA:0,(anonymous_6)
FNDA:0,(anonymous_7)
FNDA:0,(anonymous_8)
FNDA:0,(anonymous_9)
FNDA:0,(anonymous_10)
FNDA:0,(anonymous_11)
FNDA:0,(anonymous_12)
FNDA:0,(anonymous_13)
FNDA:0,(anonymous_14)
FNDA:0,(anonymous_15)
FNDA:0,(anonymous_16)
FNDA:0,(anonymous_17)
FNDA:0,(anonymous_18)
DA:36,0
DA:48,0
DA:49,0
DA:50,0
DA:51,0
DA:61,0
DA:62,0
DA:65,0
DA:66,0
DA:67,0
DA:71,0
DA:72,0
DA:73,0
DA:75,0
DA:78,0
DA:83,0
DA:86,0
DA:87,0
DA:88,0
DA:90,0
DA:91,0
DA:92,0
DA:95,0
DA:96,0
DA:102,0
DA:103,0
DA:106,0
DA:107,0
DA:108,0
DA:109,0
DA:110,0
DA:111,0
DA:112,0
DA:118,0
DA:123,0
DA:133,0
DA:134,0
DA:136,0
DA:137,0
DA:138,0
DA:145,0
DA:151,0
DA:163,0
DA:165,0
DA:168,0
DA:171,0
DA:172,0
DA:174,0
DA:175,0
DA:176,0
DA:186,0
DA:188,0
DA:190,0
DA:192,0
DA:194,0
DA:196,0
DA:197,0
DA:204,0
DA:206,0
DA:210,0
DA:215,0
DA:217,0
DA:230,0
DA:232,0
DA:234,0
DA:236,0
DA:238,0
DA:240,0
DA:248,0
DA:258,0
DA:259,0
DA:269,0
DA:270,0
DA:272,0
DA:274,0
DA:275,0
DA:278,0
DA:279,0
DA:280,0
DA:283,0
DA:284,0
DA:287,0
DA:288,0
DA:292,0
DA:304,0
DA:305,0
DA:307,0
DA:308,0
DA:310,0
DA:312,0
DA:313,0
DA:314,0
DA:315,0
DA:316,0
DA:318,0
DA:320,0
DA:321,0
DA:322,0
DA:323,0
DA:324,0
DA:328,0
DA:329,0
DA:333,0
DA:334,0
DA:335,0
DA:338,0
DA:339,0
DA:343,0
DA:344,0
DA:349,0
DA:353,0
DA:354,0
DA:356,0
DA:357,0
DA:359,0
DA:361,0
DA:362,0
DA:363,0
DA:364,0
DA:365,0
DA:367,0
DA:368,0
DA:369,0
DA:370,0
DA:371,0
DA:373,0
DA:374,0
DA:375,0
DA:376,0
DA:377,0
DA:378,0
DA:381,0
DA:388,0
DA:389,0
DA:391,0
DA:392,0
DA:394,0
DA:396,0
DA:398,0
DA:400,0
DA:401,0
DA:414,0
DA:421,0
DA:422,0
DA:424,0
DA:429,0
DA:430,0
DA:442,0
DA:449,0
DA:450,0
DA:452,0
DA:453,0
DA:454,0
DA:455,0
DA:456,0
DA:457,0
DA:459,0
DA:472,0
DA:475,0
DA:476,0
DA:477,0
DA:481,0
DA:482,0
DA:486,0
DA:491,0
DA:492,0
DA:494,0
DA:495,0
DA:496,0
DA:497,0
DA:498,0
DA:499,0
DA:500,0
DA:501,0
DA:507,0
DA:520,0
DA:522,0
DA:523,0
DA:524,0
DA:527,0
DA:528,0
DA:529,0
DA:530,0
DA:531,0
DA:533,0
LF:185
LH:0
BRDA:66,0,0,0
BRDA:72,1,0,0
BRDA:91,2,0,0
BRDA:102,3,0,0
BRDA:109,4,0,0
BRDA:109,4,1,0
BRDA:109,5,0,0
BRDA:109,5,1,0
BRDA:111,6,0,0
BRDA:111,7,0,0
BRDA:111,7,1,0
BRDA:137,8,0,0
BRDA:137,8,1,0
BRDA:174,9,0,0
BRDA:194,10,0,0
BRDA:194,10,1,0
BRDA:230,11,0,0
BRDA:230,11,1,0
BRDA:230,11,2,0
BRDA:230,11,3,0
BRDA:230,11,4,0
BRDA:279,12,0,0
BRDA:283,13,0,0
BRDA:304,14,0,0
BRDA:304,14,1,0
BRDA:305,15,0,0
BRDA:305,15,1,0
BRDA:310,16,0,0
BRDA:310,16,1,0
BRDA:310,17,0,0
BRDA:310,17,1,0
BRDA:318,18,0,0
BRDA:318,18,1,0
BRDA:318,19,0,0
BRDA:318,19,1,0
BRDA:334,20,0,0
BRDA:359,21,0,0
BRDA:359,21,1,0
BRDA:359,21,2,0
BRDA:398,22,0,0
BRDA:398,22,1,0
BRDA:400,23,0,0
BRDA:400,24,0,0
BRDA:400,24,1,0
BRDA:415,25,0,0
BRDA:415,25,1,0
BRDA:416,26,0,0
BRDA:416,26,1,0
BRDA:417,27,0,0
BRDA:417,27,1,0
BRDA:418,28,0,0
BRDA:418,28,1,0
BRDA:419,29,0,0
BRDA:419,29,1,0
BRDA:422,30,0,0
BRDA:422,31,0,0
BRDA:422,31,1,0
BRDA:422,31,2,0
BRDA:422,31,3,0
BRDA:429,32,0,0
BRDA:429,33,0,0
BRDA:429,33,1,0
BRDA:452,34,0,0
BRDA:452,34,1,0
BRDA:452,35,0,0
BRDA:452,35,1,0
BRDA:454,36,0,0
BRDA:454,36,1,0
BRDA:456,37,0,0
BRDA:456,37,1,0
BRDA:475,38,0,0
BRDA:475,38,1,0
BRDA:475,39,0,0
BRDA:475,39,1,0
BRDA:498,40,0,0
BRDA:498,40,1,0
BRDA:498,41,0,0
BRDA:498,41,1,0
BRDA:500,42,0,0
BRDA:500,43,0,0
BRDA:500,43,1,0
BRDA:523,44,0,0
BRDA:523,44,1,0
BRDA:528,45,0,0
BRDA:529,46,0,0
BRDA:530,47,0,0
BRDA:531,48,0,0
BRF:87
BRH:0
end_of_record
TN:
SF:src/core/errorHandler.ts
FN:4,(anonymous_1)
FN:24,(anonymous_2)
FN:39,(anonymous_3)
FN:49,(anonymous_4)
FN:64,(anonymous_5)
FN:77,(anonymous_6)
FN:84,(anonymous_7)
FN:100,(anonymous_8)
FN:115,(anonymous_9)
FN:122,(anonymous_10)
FN:135,(anonymous_11)
FN:146,(anonymous_12)
FN:194,(anonymous_13)
FN:202,(anonymous_14)
FN:211,(anonymous_15)
FN:218,(anonymous_16)
FN:225,(anonymous_17)
FN:267,(anonymous_18)
FN:308,(anonymous_19)
FN:343,(anonymous_20)
FN:352,(anonymous_21)
FN:371,(anonymous_22)
FNF:22
FNH:0
FNDA:0,(anonymous_1)
FNDA:0,(anonymous_2)
FNDA:0,(anonymous_3)
FNDA:0,(anonymous_4)
FNDA:0,(anonymous_5)
FNDA:0,(anonymous_6)
FNDA:0,(anonymous_7)
FNDA:0,(anonymous_8)
FNDA:0,(anonymous_9)
FNDA:0,(anonymous_10)
FNDA:0,(anonymous_11)
FNDA:0,(anonymous_12)
FNDA:0,(anonymous_13)
FNDA:0,(anonymous_14)
FNDA:0,(anonymous_15)
FNDA:0,(anonymous_16)
FNDA:0,(anonymous_17)
FNDA:0,(anonymous_18)
FNDA:0,(anonymous_19)
FNDA:0,(anonymous_20)
FNDA:0,(anonymous_21)
FNDA:0,(anonymous_22)
DA:2,0
DA:4,0
DA:5,0
DA:6,0
DA:7,0
DA:8,0
DA:9,0
DA:10,0
DA:19,0
DA:30,0
DA:31,0
DA:32,0
DA:33,0
DA:34,0
DA:38,0
DA:40,0
DA:41,0
DA:45,0
DA:56,0
DA:57,0
DA:58,0
DA:59,0
DA:63,0
DA:65,0
DA:66,0
DA:67,0
DA:68,0
DA:73,0
DA:75,0
DA:78,0
DA:85,0
DA:88,0
DA:91,0
DA:94,0
DA:101,0
DA:104,0
DA:107,0
DA:109,0
DA:116,0
DA:129,0
DA:140,0
DA:151,0
DA:152,0
DA:155,0
DA:156,0
DA:159,0
DA:160,0
DA:163,0
DA:164,0
DA:167,0
DA:168,0
DA:172,0
DA:173,0
DA:183,0
DA:187,0
DA:188,0
DA:195,0
DA:196,0
DA:199,0
DA:201,0
DA:202,0
DA:205,0
DA:212,0
DA:219,0
DA:226,0
DA:227,0
DA:230,0
DA:232,0
DA:233,0
DA:236,0
DA:237,0
DA:240,0
DA:241,0
DA:245,0
DA:246,0
DA:256,0
DA:260,0
DA:261,0
DA:268,0
DA:270,0
DA:272,0
DA:273,0
DA:274,0
DA:276,0
DA:279,0
DA:280,0
DA:281,0
DA:283,0
DA:284,0
DA:286,0
DA:289,0
DA:290,0
DA:291,0
DA:293,0
DA:296,0
DA:300,0
DA:301,0
DA:309,0
DA:310,0
DA:313,0
DA:314,0
DA:315,0
DA:316,0
DA:317,0
DA:318,0
DA:319,0
DA:321,0
DA:322,0
DA:323,0
DA:324,0
DA:325,0
DA:326,0
DA:327,0
DA:328,0
DA:329,0
DA:333,0
DA:334,0
DA:335,0
DA:337,0
DA:344,0
DA:345,0
DA:346,0
DA:356,0
DA:357,0
DA:359,0
DA:375,0
DA:376,0
DA:378,0
DA:379,0
DA:380,0
DA:382,0
LF:131
LH:0
BRDA:4,0,0,0
BRDA:4,0,1,0
BRDA:26,1,0,0
BRDA:28,2,0,0
BRDA:54,3,0,0
BRDA:67,4,0,0
BRDA:67,5,0,0
BRDA:67,5,1,0
BRDA:68,6,0,0
BRDA:68,6,1,0
BRDA:127,7,0,0
BRDA:151,8,0,0
BRDA:155,9,0,0
BRDA:156,10,0,0
BRDA:156,10,1,0
BRDA:159,11,0,0
BRDA:159,12,0,0
BRDA:159,12,1,0
BRDA:163,13,0,0
BRDA:163,14,0,0
BRDA:163,14,1,0
BRDA:167,15,0,0
BRDA:167,16,0,0
BRDA:167,16,1,0
BRDA:172,17,0,0
BRDA:172,18,0,0
BRDA:172,18,1,0
BRDA:187,19,0,0
BRDA:187,19,1,0
BRDA:187,20,0,0
BRDA:187,20,1,0
BRDA:195,21,0,0
BRDA:199,22,0,0
BRDA:226,23,0,0
BRDA:230,24,0,0
BRDA:232,25,0,0
BRDA:232,26,0,0
BRDA:232,26,1,0
BRDA:236,27,0,0
BRDA:236,28,0,0
BRDA:236,28,1,0
BRDA:240,29,0,0
BRDA:240,30,0,0
BRDA:240,30,1,0
BRDA:245,31,0,0
BRDA:245,32,0,0
BRDA:245,32,1,0
BRDA:260,33,0,0
BRDA:260,33,1,0
BRDA:270,34,0,0
BRDA:270,34,1,0
BRDA:270,34,2,0
BRDA:270,34,3,0
BRDA:273,35,0,0
BRDA:280,36,0,0
BRDA:280,37,0,0
BRDA:280,37,1,0
BRDA:283,38,0,0
BRDA:290,39,0,0
BRDA:300,40,0,0
BRDA:313,41,0,0
BRDA:313,41,1,0
BRDA:314,42,0,0
BRDA:314,42,1,0
BRDA:316,43,0,0
BRDA:316,43,1,0
BRDA:318,44,0,0
BRDA:321,45,0,0
BRDA:322,46,0,0
BRDA:322,46,1,0
BRDA:324,47,0,0
BRDA:324,47,1,0
BRDA:326,48,0,0
BRDA:326,48,1,0
BRDA:328,49,0,0
BRDA:328,50,0,0
BRDA:328,50,1,0
BRDA:334,51,0,0
BRDA:345,52,0,0
BRDA:345,52,1,0
BRDA:356,53,0,0
BRDA:356,53,1,0
BRDA:379,54,0,0
BRF:83
BRH:0
end_of_record
TN:
SF:src/core/geminiAdapter.ts
FN:67,(anonymous_9)
FN:80,(anonymous_10)
FN:115,(anonymous_11)
FN:151,(anonymous_12)
FN:158,(anonymous_13)
FN:169,(anonymous_14)
FN:175,(anonymous_15)
FN:181,(anonymous_16)
FN:187,(anonymous_17)
FN:206,(anonymous_18)
FN:223,(anonymous_19)
FN:254,(anonymous_20)
FN:262,(anonymous_21)
FN:334,(anonymous_22)
FN:345,(anonymous_23)
FN:346,(anonymous_24)
FN:370,(anonymous_25)
FN:416,(anonymous_26)
FN:429,(anonymous_27)
FN:448,(anonymous_28)
FN:487,(anonymous_29)
FN:510,(anonymous_30)
FN:511,(anonymous_31)
FN:526,(anonymous_32)
FN:533,(anonymous_33)
FN:542,(anonymous_34)
FN:555,(anonymous_35)
FN:572,(anonymous_36)
FN:586,(anonymous_37)
FNF:29
FNH:0
FNDA:0,(anonymous_9)
FNDA:0,(anonymous_10)
FNDA:0,(anonymous_11)
FNDA:0,(anonymous_12)
FNDA:0,(anonymous_13)
FNDA:0,(anonymous_14)
FNDA:0,(anonymous_15)
FNDA:0,(anonymous_16)
FNDA:0,(anonymous_17)
FNDA:0,(anonymous_18)
FNDA:0,(anonymous_19)
FNDA:0,(anonymous_20)
FNDA:0,(anonymous_21)
FNDA:0,(anonymous_22)
FNDA:0,(anonymous_23)
FNDA:0,(anonymous_24)
FNDA:0,(anonymous_25)
FNDA:0,(anonymous_26)
FNDA:0,(anonymous_27)
FNDA:0,(anonymous_28)
FNDA:0,(anonymous_29)
FNDA:0,(anonymous_30)
FNDA:0,(anonymous_31)
FNDA:0,(anonymous_32)
FNDA:0,(anonymous_33)
FNDA:0,(anonymous_34)
FNDA:0,(anonymous_35)
FNDA:0,(anonymous_36)
FNDA:0,(anonymous_37)
DA:1,0
DA:2,0
DA:3,0
DA:4,0
DA:61,0
DA:68,0
DA:69,0
DA:70,0
DA:71,0
DA:72,0
DA:74,0
DA:84,0
DA:85,0
DA:87,0
DA:88,0
DA:90,0
DA:96,0
DA:98,0
DA:99,0
DA:102,0
DA:104,0
DA:105,0
DA:107,0
DA:108,0
DA:116,0
DA:118,0
DA:119,0
DA:120,0
DA:122,0
DA:128,0
DA:129,0
DA:130,0
DA:133,0
DA:134,0
DA:135,0
DA:139,0
DA:141,0
DA:143,0
DA:144,0
DA:158,0
DA:159,0
DA:161,0
DA:166,0
DA:167,0
DA:169,0
DA:170,0
DA:171,0
DA:172,0
DA:175,0
DA:176,0
DA:177,0
DA:178,0
DA:181,0
DA:182,0
DA:183,0
DA:184,0
DA:187,0
DA:188,0
DA:190,0
DA:191,0
DA:192,0
DA:194,0
DA:195,0
DA:200,0
DA:201,0
DA:202,0
DA:206,0
DA:207,0
DA:208,0
DA:209,0
DA:213,0
DA:214,0
DA:215,0
DA:228,0
DA:230,0
DA:231,0
DA:232,0
DA:234,0
DA:235,0
DA:236,0
DA:237,0
DA:245,0
DA:248,0
DA:255,0
DA:256,0
DA:266,0
DA:267,0
DA:270,0
DA:272,0
DA:273,0
DA:275,0
DA:276,0
DA:277,0
DA:278,0
DA:281,0
DA:282,0
DA:283,0
DA:284,0
DA:287,0
DA:288,0
DA:289,0
DA:291,0
DA:292,0
DA:293,0
DA:294,0
DA:295,0
DA:296,0
DA:297,0
DA:298,0
DA:299,0
DA:300,0
DA:301,0
DA:302,0
DA:303,0
DA:304,0
DA:305,0
DA:306,0
DA:307,0
DA:308,0
DA:309,0
DA:310,0
DA:311,0
DA:312,0
DA:313,0
DA:314,0
DA:315,0
DA:316,0
DA:317,0
DA:318,0
DA:319,0
DA:320,0
DA:322,0
DA:326,0
DA:328,0
DA:335,0
DA:337,0
DA:339,0
DA:340,0
DA:341,0
DA:343,0
DA:344,0
DA:345,0
DA:346,0
DA:351,0
DA:358,0
DA:361,0
DA:362,0
DA:363,0
DA:371,0
DA:373,0
DA:374,0
DA:375,0
DA:376,0
DA:379,0
DA:380,0
DA:381,0
DA:384,0
DA:391,0
DA:392,0
DA:395,0
DA:396,0
DA:399,0
DA:400,0
DA:403,0
DA:404,0
DA:407,0
DA:410,0
DA:417,0
DA:418,0
DA:419,0
DA:420,0
DA:421,0
DA:423,0
DA:430,0
DA:436,0
DA:437,0
DA:438,0
DA:442,0
DA:449,0
DA:452,0
DA:453,0
DA:454,0
DA:457,0
DA:476,0
DA:479,0
DA:481,0
DA:488,0
DA:491,0
DA:492,0
DA:494,0
DA:495,0
DA:496,0
DA:497,0
DA:498,0
DA:499,0
DA:509,0
DA:510,0
DA:511,0
DA:516,0
DA:527,0
DA:534,0
DA:535,0
DA:543,0
DA:544,0
DA:545,0
DA:548,0
DA:556,0
DA:557,0
DA:559,0
DA:560,0
DA:562,0
DA:564,0
DA:565,0
DA:575,0
DA:587,0
LF:215
LH:0
BRDA:67,0,0,0
BRDA:98,1,0,0
BRDA:119,2,0,0
BRDA:119,2,1,0
BRDA:129,3,0,0
BRDA:134,4,0,0
BRDA:194,5,0,0
BRDA:194,5,1,0
BRDA:213,6,0,0
BRDA:234,7,0,0
BRDA:234,8,0,0
BRDA:234,8,1,0
BRDA:240,9,0,0
BRDA:240,9,1,0
BRDA:256,10,0,0
BRDA:256,10,1,0
BRDA:266,11,0,0
BRDA:266,11,1,0
BRDA:275,12,0,0
BRDA:281,13,0,0
BRDA:337,14,0,0
BRDA:337,14,1,0
BRDA:339,15,0,0
BRDA:339,15,1,0
BRDA:340,16,0,0
BRDA:340,16,1,0
BRDA:343,17,0,0
BRDA:343,17,1,0
BRDA:346,18,0,0
BRDA:346,18,1,0
BRDA:353,19,0,0
BRDA:353,19,1,0
BRDA:374,20,0,0
BRDA:374,21,0,0
BRDA:374,21,1,0
BRDA:379,22,0,0
BRDA:379,23,0,0
BRDA:379,23,1,0
BRDA:391,24,0,0
BRDA:395,25,0,0
BRDA:399,26,0,0
BRDA:403,27,0,0
BRDA:417,28,0,0
BRDA:419,29,0,0
BRDA:419,30,0,0
BRDA:419,30,1,0
BRDA:420,31,0,0
BRDA:420,32,0,0
BRDA:420,32,1,0
BRDA:421,33,0,0
BRDA:421,34,0,0
BRDA:421,34,1,0
BRDA:437,35,0,0
BRDA:438,36,0,0
BRDA:438,36,1,0
BRDA:452,37,0,0
BRDA:452,37,1,0
BRDA:453,38,0,0
BRDA:453,38,1,0
BRDA:454,39,0,0
BRDA:454,39,1,0
BRDA:496,40,0,0
BRDA:498,41,0,0
BRDA:498,42,0,0
BRDA:498,42,1,0
BRDA:498,42,2,0
BRDA:498,42,3,0
BRDA:502,43,0,0
BRDA:502,43,1,0
BRDA:502,44,0,0
BRDA:502,44,1,0
BRDA:511,45,0,0
BRDA:511,45,1,0
BRDA:534,46,0,0
BRDA:544,47,0,0
BRDA:562,48,0,0
BRDA:562,48,1,0
BRF:77
BRH:0
end_of_record
TN:
SF:src/core/gitManager.ts
FN:25,(anonymous_9)
FN:33,(anonymous_10)
FN:108,(anonymous_11)
FN:136,(anonymous_12)
FN:169,(anonymous_13)
FN:183,(anonymous_14)
FN:202,(anonymous_15)
FN:215,(anonymous_16)
FN:237,(anonymous_17)
FN:281,(anonymous_18)
FN:310,(anonymous_19)
FN:319,(anonymous_20)
FN:320,(anonymous_21)
FN:326,(anonymous_22)
FN:327,(anonymous_23)
FN:337,(anonymous_24)
FNF:16
FNH:0
FNDA:0,(anonymous_9)
FNDA:0,(anonymous_10)
FNDA:0,(anonymous_11)
FNDA:0,(anonymous_12)
FNDA:0,(anonymous_13)
FNDA:0,(anonymous_14)
FNDA:0,(anonymous_15)
FNDA:0,(anonymous_16)
FNDA:0,(anonymous_17)
FNDA:0,(anonymous_18)
FNDA:0,(anonymous_19)
FNDA:0,(anonymous_20)
FNDA:0,(anonymous_21)
FNDA:0,(anonymous_22)
FNDA:0,(anonymous_23)
FNDA:0,(anonymous_24)
DA:1,0
DA:2,0
DA:3,0
DA:21,0
DA:26,0
DA:27,0
DA:37,0
DA:38,0
DA:39,0
DA:42,0
DA:43,0
DA:47,0
DA:50,0
DA:53,0
DA:54,0
DA:55,0
DA:57,0
DA:58,0
DA:60,0
DA:61,0
DA:64,0
DA:68,0
DA:69,0
DA:70,0
DA:72,0
DA:76,0
DA:77,0
DA:80,0
DA:82,0
DA:89,0
DA:90,0
DA:92,0
DA:94,0
DA:113,0
DA:114,0
DA:116,0
DA:117,0
DA:119,0
DA:120,0
DA:122,0
DA:142,0
DA:143,0
DA:145,0
DA:146,0
DA:147,0
DA:150,0
DA:152,0
DA:153,0
DA:155,0
DA:174,0
DA:175,0
DA:177,0
DA:183,0
DA:185,0
DA:186,0
DA:188,0
DA:203,0
DA:204,0
DA:205,0
DA:207,0
DA:208,0
DA:216,0
DA:217,0
DA:219,0
DA:221,0
DA:222,0
DA:225,0
DA:226,0
DA:229,0
DA:242,0
DA:243,0
DA:249,0
DA:255,0
DA:261,0
DA:267,0
DA:282,0
DA:283,0
DA:284,0
DA:286,0
DA:293,0
DA:295,0
DA:296,0
DA:298,0
DA:299,0
DA:301,0
DA:315,0
DA:318,0
DA:319,0
DA:320,0
DA:325,0
DA:326,0
DA:327,0
DA:331,0
DA:339,0
DA:344,0
DA:345,0
LF:96
LH:0
BRDA:42,0,0,0
BRDA:53,1,0,0
BRDA:53,2,0,0
BRDA:53,2,1,0
BRDA:60,3,0,0
BRDA:69,4,0,0
BRDA:116,5,0,0
BRDA:116,5,1,0
BRDA:146,6,0,0
BRDA:219,7,0,0
BRDA:221,8,0,0
BRDA:296,9,0,0
BRDA:296,9,1,0
BRDA:296,9,2,0
BRDA:318,10,0,0
BRDA:318,11,0,0
BRDA:318,11,1,0
BRDA:325,12,0,0
BRDA:325,13,0,0
BRDA:325,13,1,0
BRF:20
BRH:0
end_of_record
TN:
SF:src/core/logger.ts
FN:23,(anonymous_1)
FN:42,(anonymous_2)
FN:66,(anonymous_3)
FN:85,(anonymous_4)
FN:92,(anonymous_5)
FN:99,(anonymous_6)
FN:106,(anonymous_7)
FN:113,(anonymous_8)
FN:120,(anonymous_9)
FN:127,(anonymous_10)
FN:135,(anonymous_11)
FN:142,(anonymous_12)
FN:149,(anonymous_13)
FN:156,(anonymous_14)
FN:166,(anonymous_15)
FN:184,(anonymous_16)
FN:191,(anonymous_17)
FN:205,(anonymous_18)
FN:207,(anonymous_19)
FN:216,(anonymous_20)
FN:224,(anonymous_21)
FN:224,(anonymous_22)
FN:227,(anonymous_23)
FN:228,(anonymous_24)
FN:232,(anonymous_25)
FN:233,(anonymous_26)
FN:239,(anonymous_27)
FN:240,(anonymous_28)
FN:248,(anonymous_29)
FN:268,(anonymous_30)
FN:289,(anonymous_31)
FN:318,(anonymous_32)
FN:319,(anonymous_33)
FNF:33
FNH:0
FNDA:0,(anonymous_1)
FNDA:0,(anonymous_2)
FNDA:0,(anonymous_3)
FNDA:0,(anonymous_4)
FNDA:0,(anonymous_5)
FNDA:0,(anonymous_6)
FNDA:0,(anonymous_7)
FNDA:0,(anonymous_8)
FNDA:0,(anonymous_9)
FNDA:0,(anonymous_10)
FNDA:0,(anonymous_11)
FNDA:0,(anonymous_12)
FNDA:0,(anonymous_13)
FNDA:0,(anonymous_14)
FNDA:0,(anonymous_15)
FNDA:0,(anonymous_16)
FNDA:0,(anonymous_17)
FNDA:0,(anonymous_18)
FNDA:0,(anonymous_19)
FNDA:0,(anonymous_20)
FNDA:0,(anonymous_21)
FNDA:0,(anonymous_22)
FNDA:0,(anonymous_23)
FNDA:0,(anonymous_24)
FNDA:0,(anonymous_25)
FNDA:0,(anonymous_26)
FNDA:0,(anonymous_27)
FNDA:0,(anonymous_28)
FNDA:0,(anonymous_29)
FNDA:0,(anonymous_30)
FNDA:0,(anonymous_31)
FNDA:0,(anonymous_32)
FNDA:0,(anonymous_33)
DA:1,0
DA:2,0
DA:3,0
DA:4,0
DA:17,0
DA:24,0
DA:25,0
DA:26,0
DA:34,0
DA:37,0
DA:38,0
DA:43,0
DA:44,0
DA:45,0
DA:46,0
DA:54,0
DA:55,0
DA:56,0
DA:57,0
DA:60,0
DA:67,0
DA:68,0
DA:69,0
DA:76,0
DA:86,0
DA:93,0
DA:100,0
DA:107,0
DA:114,0
DA:121,0
DA:128,0
DA:129,0
DA:136,0
DA:143,0
DA:150,0
DA:157,0
DA:158,0
DA:159,0
DA:160,0
DA:167,0
DA:169,0
DA:171,0
DA:173,0
DA:175,0
DA:177,0
DA:185,0
DA:186,0
DA:189,0
DA:190,0
DA:191,0
DA:193,0
DA:194,0
DA:195,0
DA:199,0
DA:206,0
DA:207,0
DA:208,0
DA:209,0
DA:217,0
DA:218,0
DA:219,0
DA:223,0
DA:224,0
DA:227,0
DA:228,0
DA:232,0
DA:233,0
DA:235,0
DA:236,0
DA:239,0
DA:240,0
DA:241,0
DA:249,0
DA:250,0
DA:251,0
DA:252,0
DA:253,0
DA:255,0
DA:256,0
DA:259,0
DA:260,0
DA:261,0
DA:269,0
DA:270,0
DA:271,0
DA:272,0
DA:273,0
DA:274,0
DA:276,0
DA:277,0
DA:280,0
DA:281,0
DA:282,0
DA:290,0
DA:291,0
DA:292,0
DA:293,0
DA:294,0
DA:295,0
DA:297,0
DA:298,0
DA:301,0
DA:304,0
DA:305,0
DA:306,0
DA:308,0
DA:311,0
DA:319,0
DA:320,0
DA:321,0
DA:323,0
LF:111
LH:0
BRDA:23,0,0,0
BRDA:24,1,0,0
BRDA:24,1,1,0
BRDA:37,2,0,0
BRDA:45,3,0,0
BRDA:45,3,1,0
BRDA:54,4,0,0
BRDA:54,5,0,0
BRDA:54,5,1,0
BRDA:56,6,0,0
BRDA:68,7,0,0
BRDA:68,7,1,0
BRDA:77,8,0,0
BRDA:77,8,1,0
BRDA:167,9,0,0
BRDA:167,9,1,0
BRDA:167,9,2,0
BRDA:167,9,3,0
BRDA:167,9,4,0
BRDA:185,10,0,0
BRDA:217,11,0,0
BRDA:223,12,0,0
BRDA:223,12,1,0
BRDA:224,13,0,0
BRDA:224,13,1,0
BRDA:228,14,0,0
BRDA:228,14,1,0
BRDA:232,15,0,0
BRDA:232,15,1,0
BRDA:233,16,0,0
BRDA:233,16,1,0
BRDA:240,17,0,0
BRDA:240,17,1,0
BRDA:249,18,0,0
BRDA:252,19,0,0
BRDA:252,19,1,0
BRDA:255,20,0,0
BRDA:269,21,0,0
BRDA:271,22,0,0
BRDA:271,22,1,0
BRDA:273,23,0,0
BRDA:273,23,1,0
BRDA:276,24,0,0
BRDA:290,25,0,0
BRDA:292,26,0,0
BRDA:292,26,1,0
BRDA:294,27,0,0
BRDA:294,27,1,0
BRDA:297,28,0,0
BRDA:320,29,0,0
BRF:50
BRH:0
end_of_record
TN:
SF:src/core/resultMapper.ts
FN:71,(anonymous_0)
FN:90,(anonymous_1)
FN:115,(anonymous_2)
FN:139,(anonymous_3)
FN:156,(anonymous_4)
FN:163,(anonymous_5)
FN:195,(anonymous_6)
FN:226,(anonymous_7)
FN:247,(anonymous_8)
FN:323,(anonymous_9)
FN:397,(anonymous_10)
FN:412,(anonymous_11)
FN:470,(anonymous_12)
FN:544,(anonymous_13)
FN:584,(anonymous_14)
FN:604,(anonymous_15)
FNF:16
FNH:0
FNDA:0,(anonymous_0)
FNDA:0,(anonymous_1)
FNDA:0,(anonymous_2)
FNDA:0,(anonymous_3)
FNDA:0,(anonymous_4)
FNDA:0,(anonymous_5)
FNDA:0,(anonymous_6)
FNDA:0,(anonymous_7)
FNDA:0,(anonymous_8)
FNDA:0,(anonymous_9)
FNDA:0,(anonymous_10)
FNDA:0,(anonymous_11)
FNDA:0,(anonymous_12)
FNDA:0,(anonymous_13)
FNDA:0,(anonymous_14)
FNDA:0,(anonymous_15)
DA:66,0
DA:72,0
DA:73,0
DA:74,0
DA:94,0
DA:95,0
DA:96,0
DA:98,0
DA:101,0
DA:104,0
DA:105,0
DA:106,0
DA:108,0
DA:109,0
DA:112,0
DA:113,0
DA:115,0
DA:116,0
DA:119,0
DA:120,0
DA:121,0
DA:127,0
DA:128,0
DA:131,0
DA:139,0
DA:143,0
DA:145,0
DA:147,0
DA:148,0
DA:149,0
DA:160,0
DA:163,0
DA:165,0
DA:166,0
DA:167,0
DA:170,0
DA:171,0
DA:174,0
DA:177,0
DA:178,0
DA:182,0
DA:183,0
DA:186,0
DA:189,0
DA:200,0
DA:202,0
DA:204,0
DA:205,0
DA:206,0
DA:210,0
DA:212,0
DA:213,0
DA:214,0
DA:215,0
DA:220,0
DA:227,0
DA:229,0
DA:230,0
DA:234,0
DA:235,0
DA:238,0
DA:241,0
DA:252,0
DA:254,0
DA:255,0
DA:256,0
DA:259,0
DA:272,0
DA:275,0
DA:276,0
DA:288,0
DA:289,0
DA:290,0
DA:291,0
DA:295,0
DA:296,0
DA:297,0
DA:308,0
DA:328,0
DA:330,0
DA:331,0
DA:333,0
DA:334,0
DA:335,0
DA:337,0
DA:338,0
DA:340,0
DA:341,0
DA:342,0
DA:346,0
DA:359,0
DA:362,0
DA:363,0
DA:364,0
DA:365,0
DA:369,0
DA:370,0
DA:371,0
DA:382,0
DA:398,0
DA:404,0
DA:406,0
DA:413,0
DA:416,0
DA:422,0
DA:423,0
DA:426,0
DA:429,0
DA:430,0
DA:431,0
DA:433,0
DA:434,0
DA:437,0
DA:438,0
DA:442,0
DA:443,0
DA:447,0
DA:450,0
DA:452,0
DA:475,0
DA:477,0
DA:480,0
DA:481,0
DA:484,0
DA:485,0
DA:486,0
DA:490,0
DA:491,0
DA:492,0
DA:493,0
DA:495,0
DA:496,0
DA:499,0
DA:500,0
DA:501,0
DA:505,0
DA:506,0
DA:507,0
DA:508,0
DA:510,0
DA:512,0
DA:513,0
DA:515,0
DA:516,0
DA:518,0
DA:519,0
DA:524,0
DA:525,0
DA:526,0
DA:528,0
DA:545,0
DA:547,0
DA:548,0
DA:549,0
DA:553,0
DA:554,0
DA:555,0
DA:559,0
DA:560,0
DA:562,0
DA:563,0
DA:567,0
DA:568,0
DA:569,0
DA:570,0
DA:574,0
DA:576,0
DA:577,0
DA:585,0
DA:587,0
DA:594,0
DA:595,0
DA:598,0
DA:605,0
LF:174
LH:0
BRDA:92,0,0,0
BRDA:119,1,0,0
BRDA:127,2,0,0
BRDA:127,3,0,0
BRDA:127,3,1,0
BRDA:133,4,0,0
BRDA:133,4,1,0
BRDA:167,5,0,0
BRDA:171,6,0,0
BRDA:178,7,0,0
BRDA:178,7,1,0
BRDA:182,8,0,0
BRDA:202,9,0,0
BRDA:202,9,1,0
BRDA:205,10,0,0
BRDA:214,11,0,0
BRDA:230,12,0,0
BRDA:230,12,1,0
BRDA:234,13,0,0
BRDA:252,14,0,0
BRDA:256,15,0,0
BRDA:260,16,0,0
BRDA:260,16,1,0
BRDA:262,17,0,0
BRDA:262,17,1,0
BRDA:266,18,0,0
BRDA:266,18,1,0
BRDA:266,18,2,0
BRDA:295,19,0,0
BRDA:328,20,0,0
BRDA:331,21,0,0
BRDA:333,22,0,0
BRDA:333,22,1,0
BRDA:334,23,0,0
BRDA:334,23,1,0
BRDA:335,24,0,0
BRDA:335,24,1,0
BRDA:340,25,0,0
BRDA:340,26,0,0
BRDA:340,26,1,0
BRDA:347,27,0,0
BRDA:347,27,1,0
BRDA:369,28,0,0
BRDA:389,29,0,0
BRDA:389,29,1,0
BRDA:406,30,0,0
BRDA:406,30,1,0
BRDA:406,31,0,0
BRDA:406,31,1,0
BRDA:430,32,0,0
BRDA:430,33,0,0
BRDA:430,33,1,0
BRDA:433,34,0,0
BRDA:433,35,0,0
BRDA:433,35,1,0
BRDA:437,36,0,0
BRDA:442,37,0,0
BRDA:442,38,0,0
BRDA:442,38,1,0
BRDA:447,39,0,0
BRDA:447,39,1,0
BRDA:447,40,0,0
BRDA:447,40,1,0
BRDA:484,41,0,0
BRDA:495,42,0,0
BRDA:499,43,0,0
BRDA:505,44,0,0
BRDA:510,45,0,0
BRDA:510,46,0,0
BRDA:510,47,0,0
BRDA:512,48,0,0
BRDA:515,49,0,0
BRDA:518,50,0,0
BRDA:547,51,0,0
BRDA:547,52,0,0
BRDA:547,52,1,0
BRDA:553,53,0,0
BRDA:553,54,0,0
BRDA:553,54,1,0
BRDA:560,55,0,0
BRDA:560,56,0,0
BRDA:560,56,1,0
BRDA:560,56,2,0
BRDA:560,56,3,0
BRDA:568,57,0,0
BRDA:568,58,0,0
BRDA:568,58,1,0
BRDA:594,59,0,0
BRF:88
BRH:0
end_of_record
TN:
SF:src/core/reviewOrchestrator.ts
FN:58,(anonymous_1)
FN:74,(anonymous_2)
FN:183,(anonymous_3)
FN:262,(anonymous_4)
FN:283,(anonymous_5)
FN:294,(anonymous_6)
FN:315,(anonymous_7)
FN:356,(anonymous_8)
FN:370,(anonymous_9)
FN:394,(anonymous_10)
FN:421,(anonymous_11)
FN:445,(anonymous_12)
FN:471,(anonymous_13)
FN:476,(anonymous_14)
FN:488,(anonymous_15)
FN:509,(anonymous_16)
FN:524,(anonymous_17)
FN:528,(anonymous_18)
FN:529,(anonymous_19)
FN:530,(anonymous_20)
FN:545,(anonymous_21)
FN:550,(anonymous_22)
FN:555,(anonymous_23)
FN:556,(anonymous_24)
FN:557,(anonymous_25)
FN:558,(anonymous_26)
FN:559,(anonymous_27)
FN:579,(anonymous_28)
FN:586,(anonymous_29)
FN:587,(anonymous_30)
FN:597,(anonymous_31)
FN:598,(anonymous_32)
FN:599,(anonymous_33)
FN:641,(anonymous_34)
FN:673,(anonymous_35)
FN:682,(anonymous_36)
FNF:36
FNH:0
FNDA:0,(anonymous_1)
FNDA:0,(anonymous_2)
FNDA:0,(anonymous_3)
FNDA:0,(anonymous_4)
FNDA:0,(anonymous_5)
FNDA:0,(anonymous_6)
FNDA:0,(anonymous_7)
FNDA:0,(anonymous_8)
FNDA:0,(anonymous_9)
FNDA:0,(anonymous_10)
FNDA:0,(anonymous_11)
FNDA:0,(anonymous_12)
FNDA:0,(anonymous_13)
FNDA:0,(anonymous_14)
FNDA:0,(anonymous_15)
FNDA:0,(anonymous_16)
FNDA:0,(anonymous_17)
FNDA:0,(anonymous_18)
FNDA:0,(anonymous_19)
FNDA:0,(anonymous_20)
FNDA:0,(anonymous_21)
FNDA:0,(anonymous_22)
FNDA:0,(anonymous_23)
FNDA:0,(anonymous_24)
FNDA:0,(anonymous_25)
FNDA:0,(anonymous_26)
FNDA:0,(anonymous_27)
FNDA:0,(anonymous_28)
FNDA:0,(anonymous_29)
FNDA:0,(anonymous_30)
FNDA:0,(anonymous_31)
FNDA:0,(anonymous_32)
FNDA:0,(anonymous_33)
FNDA:0,(anonymous_34)
FNDA:0,(anonymous_35)
FNDA:0,(anonymous_36)
DA:1,0
DA:3,0
DA:4,0
DA:5,0
DA:6,0
DA:7,0
DA:8,0
DA:9,0
DA:10,0
DA:11,0
DA:12,0
DA:13,0
DA:14,0
DA:15,0
DA:16,0
DA:17,0
DA:38,0
DA:59,0
DA:60,0
DA:61,0
DA:62,0
DA:63,0
DA:66,0
DA:75,0
DA:78,0
DA:80,0
DA:81,0
DA:82,0
DA:83,0
DA:86,0
DA:87,0
DA:88,0
DA:89,0
DA:92,0
DA:93,0
DA:94,0
DA:95,0
DA:96,0
DA:97,0
DA:100,0
DA:101,0
DA:102,0
DA:103,0
DA:104,0
DA:105,0
DA:108,0
DA:109,0
DA:110,0
DA:111,0
DA:112,0
DA:113,0
DA:116,0
DA:117,0
DA:118,0
DA:119,0
DA:122,0
DA:123,0
DA:124,0
DA:125,0
DA:126,0
DA:127,0
DA:130,0
DA:131,0
DA:132,0
DA:133,0
DA:135,0
DA:137,0
DA:139,0
DA:148,0
DA:150,0
DA:156,0
DA:157,0
DA:166,0
DA:169,0
DA:170,0
DA:171,0
DA:172,0
DA:174,0
DA:184,0
DA:186,0
DA:189,0
DA:190,0
DA:192,0
DA:193,0
DA:194,0
DA:195,0
DA:196,0
DA:197,0
DA:199,0
DA:201,0
DA:202,0
DA:203,0
DA:206,0
DA:207,0
DA:209,0
DA:210,0
DA:211,0
DA:213,0
DA:217,0
DA:222,0
DA:223,0
DA:226,0
DA:234,0
DA:235,0
DA:236,0
DA:237,0
DA:238,0
DA:241,0
DA:242,0
DA:243,0
DA:245,0
DA:246,0
DA:247,0
DA:249,0
DA:251,0
DA:263,0
DA:272,0
DA:275,0
DA:277,0
DA:284,0
DA:285,0
DA:286,0
DA:288,0
DA:295,0
DA:296,0
DA:299,0
DA:301,0
DA:303,0
DA:304,0
DA:306,0
DA:316,0
DA:317,0
DA:320,0
DA:327,0
DA:328,0
DA:332,0
DA:333,0
DA:342,0
DA:348,0
DA:350,0
DA:357,0
DA:358,0
DA:361,0
DA:371,0
DA:372,0
DA:376,0
DA:378,0
DA:384,0
DA:385,0
DA:388,0
DA:395,0
DA:397,0
DA:398,0
DA:401,0
DA:402,0
DA:403,0
DA:415,0
DA:422,0
DA:423,0
DA:427,0
DA:430,0
DA:439,0
DA:446,0
DA:447,0
DA:450,0
DA:457,0
DA:465,0
DA:473,0
DA:474,0
DA:476,0
DA:477,0
DA:480,0
DA:482,0
DA:489,0
DA:490,0
DA:491,0
DA:495,0
DA:497,0
DA:498,0
DA:499,0
DA:503,0
DA:510,0
DA:511,0
DA:514,0
DA:515,0
DA:516,0
DA:520,0
DA:524,0
DA:528,0
DA:529,0
DA:530,0
DA:534,0
DA:537,0
DA:539,0
DA:546,0
DA:547,0
DA:550,0
DA:553,0
DA:555,0
DA:556,0
DA:557,0
DA:558,0
DA:559,0
DA:566,0
DA:567,0
DA:569,0
DA:580,0
DA:581,0
DA:586,0
DA:587,0
DA:588,0
DA:592,0
DA:593,0
DA:594,0
DA:596,0
DA:597,0
DA:598,0
DA:599,0
DA:602,0
DA:603,0
DA:604,0
DA:606,0
DA:607,0
DA:608,0
DA:609,0
DA:611,0
DA:613,0
DA:616,0
DA:617,0
DA:621,0
DA:626,0
DA:627,0
DA:630,0
DA:631,0
DA:634,0
DA:642,0
DA:644,0
DA:646,0
DA:647,0
DA:648,0
DA:650,0
DA:653,0
DA:654,0
DA:655,0
DA:656,0
DA:659,0
DA:661,0
DA:662,0
DA:663,0
DA:665,0
DA:669,0
DA:670,0
DA:674,0
DA:675,0
DA:676,0
DA:679,0
DA:680,0
DA:682,0
LF:258
LH:0
BRDA:156,0,0,0
BRDA:169,1,0,0
BRDA:169,2,0,0
BRDA:169,2,1,0
BRDA:192,3,0,0
BRDA:192,3,1,0
BRDA:192,4,0,0
BRDA:192,4,1,0
BRDA:194,5,0,0
BRDA:194,5,1,0
BRDA:201,6,0,0
BRDA:202,7,0,0
BRDA:202,7,1,0
BRDA:203,8,0,0
BRDA:203,8,1,0
BRDA:206,9,0,0
BRDA:206,9,1,0
BRDA:207,10,0,0
BRDA:207,10,1,0
BRDA:210,11,0,0
BRDA:210,11,1,0
BRDA:230,12,0,0
BRDA:230,12,1,0
BRDA:254,13,0,0
BRDA:254,13,1,0
BRDA:267,14,0,0
BRDA:267,14,1,0
BRDA:285,15,0,0
BRDA:285,16,0,0
BRDA:285,16,1,0
BRDA:295,17,0,0
BRDA:301,18,0,0
BRDA:301,18,1,0
BRDA:316,19,0,0
BRDA:316,20,0,0
BRDA:316,20,1,0
BRDA:316,20,2,0
BRDA:324,21,0,0
BRDA:324,21,1,0
BRDA:327,22,0,0
BRDA:357,23,0,0
BRDA:371,24,0,0
BRDA:384,25,0,0
BRDA:397,26,0,0
BRDA:397,27,0,0
BRDA:397,27,1,0
BRDA:422,28,0,0
BRDA:427,29,0,0
BRDA:427,29,1,0
BRDA:431,30,0,0
BRDA:431,30,1,0
BRDA:446,31,0,0
BRDA:489,32,0,0
BRDA:497,33,0,0
BRDA:510,34,0,0
BRDA:510,35,0,0
BRDA:510,35,1,0
BRDA:514,36,0,0
BRDA:546,37,0,0
BRDA:546,38,0,0
BRDA:546,38,1,0
BRDA:566,39,0,0
BRDA:566,39,1,0
BRDA:602,40,0,0
BRDA:603,41,0,0
BRDA:604,42,0,0
BRDA:613,43,0,0
BRDA:613,43,1,0
BRDA:613,43,2,0
BRDA:613,43,3,0
BRDA:613,43,4,0
BRDA:613,43,5,0
BRDA:613,43,6,0
BRDA:613,43,7,0
BRDA:648,44,0,0
BRDA:650,45,0,0
BRDA:650,45,1,0
BRDA:651,46,0,0
BRDA:651,46,1,0
BRDA:655,47,0,0
BRDA:661,48,0,0
BRDA:661,48,1,0
BRDA:661,49,0,0
BRDA:661,49,1,0
BRDA:674,50,0,0
BRDA:679,51,0,0
BRDA:679,51,1,0
BRDA:687,52,0,0
BRDA:687,52,1,0
BRF:89
BRH:0
end_of_record
TN:
SF:src/core/reviewPlanner.ts
FN:49,(anonymous_0)
FN:90,(anonymous_1)
FN:115,(anonymous_2)
FN:156,(anonymous_3)
FN:158,(anonymous_4)
FN:185,(anonymous_5)
FN:201,(anonymous_6)
FN:202,(anonymous_7)
FN:217,(anonymous_8)
FN:243,(anonymous_9)
FN:277,(anonymous_10)
FN:286,(anonymous_11)
FN:296,(anonymous_12)
FN:340,(anonymous_13)
FN:398,(anonymous_14)
FN:403,(anonymous_15)
FN:418,(anonymous_16)
FN:436,(anonymous_17)
FN:480,(anonymous_18)
FN:498,(anonymous_19)
FN:499,(anonymous_20)
FN:507,(anonymous_21)
FN:521,(anonymous_22)
FN:522,(anonymous_23)
FN:531,(anonymous_24)
FN:542,(anonymous_25)
FN:551,(anonymous_26)
FN:563,(anonymous_27)
FN:565,(anonymous_28)
FN:579,(anonymous_29)
FN:580,(anonymous_30)
FN:586,(anonymous_31)
FN:598,(anonymous_32)
FN:600,(anonymous_33)
FN:610,(anonymous_34)
FN:624,(anonymous_35)
FN:636,(anonymous_36)
FNF:37
FNH:0
FNDA:0,(anonymous_0)
FNDA:0,(anonymous_1)
FNDA:0,(anonymous_2)
FNDA:0,(anonymous_3)
FNDA:0,(anonymous_4)
FNDA:0,(anonymous_5)
FNDA:0,(anonymous_6)
FNDA:0,(anonymous_7)
FNDA:0,(anonymous_8)
FNDA:0,(anonymous_9)
FNDA:0,(anonymous_10)
FNDA:0,(anonymous_11)
FNDA:0,(anonymous_12)
FNDA:0,(anonymous_13)
FNDA:0,(anonymous_14)
FNDA:0,(anonymous_15)
FNDA:0,(anonymous_16)
FNDA:0,(anonymous_17)
FNDA:0,(anonymous_18)
FNDA:0,(anonymous_19)
FNDA:0,(anonymous_20)
FNDA:0,(anonymous_21)
FNDA:0,(anonymous_22)
FNDA:0,(anonymous_23)
FNDA:0,(anonymous_24)
FNDA:0,(anonymous_25)
FNDA:0,(anonymous_26)
FNDA:0,(anonymous_27)
FNDA:0,(anonymous_28)
FNDA:0,(anonymous_29)
FNDA:0,(anonymous_30)
FNDA:0,(anonymous_31)
FNDA:0,(anonymous_32)
FNDA:0,(anonymous_33)
FNDA:0,(anonymous_34)
FNDA:0,(anonymous_35)
FNDA:0,(anonymous_36)
DA:44,0
DA:50,0
DA:51,0
DA:54,0
DA:94,0
DA:95,0
DA:105,0
DA:108,0
DA:110,0
DA:111,0
DA:115,0
DA:116,0
DA:117,0
DA:120,0
DA:123,0
DA:133,0
DA:142,0
DA:144,0
DA:146,0
DA:157,0
DA:158,0
DA:161,0
DA:162,0
DA:163,0
DA:167,0
DA:168,0
DA:169,0
DA:173,0
DA:174,0
DA:175,0
DA:179,0
DA:180,0
DA:181,0
DA:185,0
DA:186,0
DA:189,0
DA:190,0
DA:191,0
DA:194,0
DA:195,0
DA:202,0
DA:204,0
DA:227,0
DA:229,0
DA:231,0
DA:233,0
DA:236,0
DA:252,0
DA:255,0
DA:257,0
DA:259,0
DA:261,0
DA:267,0
DA:268,0
DA:271,0
DA:286,0
DA:287,0
DA:290,0
DA:305,0
DA:308,0
DA:310,0
DA:311,0
DA:316,0
DA:320,0
DA:321,0
DA:323,0
DA:324,0
DA:330,0
DA:331,0
DA:334,0
DA:349,0
DA:351,0
DA:352,0
DA:353,0
DA:354,0
DA:356,0
DA:357,0
DA:359,0
DA:363,0
DA:365,0
DA:372,0
DA:373,0
DA:374,0
DA:375,0
DA:377,0
DA:378,0
DA:379,0
DA:384,0
DA:385,0
DA:392,0
DA:403,0
DA:405,0
DA:419,0
DA:421,0
DA:422,0
DA:424,0
DA:425,0
DA:427,0
DA:430,0
DA:437,0
DA:438,0
DA:441,0
DA:442,0
DA:445,0
DA:446,0
DA:449,0
DA:451,0
DA:454,0
DA:457,0
DA:459,0
DA:461,0
DA:465,0
DA:467,0
DA:471,0
DA:473,0
DA:481,0
DA:482,0
DA:484,0
DA:485,0
DA:486,0
DA:488,0
DA:492,0
DA:499,0
DA:500,0
DA:503,0
DA:504,0
DA:507,0
DA:508,0
DA:511,0
DA:512,0
DA:515,0
DA:522,0
DA:523,0
DA:525,0
DA:536,0
DA:548,0
DA:550,0
DA:551,0
DA:552,0
DA:553,0
DA:557,0
DA:565,0
DA:566,0
DA:572,0
DA:580,0
DA:588,0
DA:589,0
DA:590,0
DA:592,0
DA:600,0
DA:601,0
DA:602,0
DA:603,0
DA:611,0
DA:625,0
DA:626,0
DA:629,0
DA:630,0
DA:637,0
DA:638,0
LF:160
LH:0
BRDA:92,0,0,0
BRDA:98,1,0,0
BRDA:99,2,0,0
BRDA:100,3,0,0
BRDA:101,4,0,0
BRDA:102,5,0,0
BRDA:103,6,0,0
BRDA:110,7,0,0
BRDA:120,8,0,0
BRDA:120,8,1,0
BRDA:123,9,0,0
BRDA:123,9,1,0
BRDA:161,10,0,0
BRDA:167,11,0,0
BRDA:173,12,0,0
BRDA:179,13,0,0
BRDA:189,14,0,0
BRDA:189,15,0,0
BRDA:189,15,1,0
BRDA:229,16,0,0
BRDA:229,16,1,0
BRDA:229,16,2,0
BRDA:229,16,3,0
BRDA:310,17,0,0
BRDA:359,18,0,0
BRDA:359,18,1,0
BRDA:359,18,2,0
BRDA:363,19,0,0
BRDA:363,19,1,0
BRDA:363,20,0,0
BRDA:363,20,1,0
BRDA:384,21,0,0
BRDA:424,22,0,0
BRDA:437,23,0,0
BRDA:441,24,0,0
BRDA:445,25,0,0
BRDA:451,26,0,0
BRDA:451,26,1,0
BRDA:451,26,2,0
BRDA:451,26,3,0
BRDA:451,26,4,0
BRDA:451,26,5,0
BRDA:451,26,6,0
BRDA:451,26,7,0
BRDA:451,26,8,0
BRDA:451,26,9,0
BRDA:451,26,10,0
BRDA:451,26,11,0
BRDA:451,26,12,0
BRDA:451,26,13,0
BRDA:485,27,0,0
BRDA:485,27,1,0
BRDA:503,28,0,0
BRDA:511,29,0,0
BRDA:550,30,0,0
BRDA:550,31,0,0
BRDA:550,31,1,0
BRDA:553,32,0,0
BRDA:553,32,1,0
BRDA:625,33,0,0
BRF:60
BRH:0
end_of_record
TN:
SF:src/core/rulesLoader.ts
FN:46,(anonymous_9)
FN:54,(anonymous_10)
FN:75,(anonymous_11)
FN:77,(anonymous_12)
FN:77,(anonymous_13)
FN:105,(anonymous_14)
FN:129,(anonymous_15)
FN:158,(anonymous_16)
FN:178,(anonymous_17)
FN:211,(anonymous_18)
FN:232,(anonymous_19)
FN:253,(anonymous_20)
FN:273,(anonymous_21)
FN:293,(anonymous_22)
FN:343,(anonymous_23)
FN:371,(anonymous_24)
FN:384,(anonymous_25)
FN:400,(anonymous_26)
FN:424,(anonymous_27)
FN:458,(anonymous_28)
FN:466,(anonymous_29)
FN:478,(anonymous_30)
FN:482,(anonymous_31)
FN:486,(anonymous_32)
FN:490,(anonymous_33)
FN:492,(anonymous_34)
FN:505,(anonymous_35)
FNF:27
FNH:0
FNDA:0,(anonymous_9)
FNDA:0,(anonymous_10)
FNDA:0,(anonymous_11)
FNDA:0,(anonymous_12)
FNDA:0,(anonymous_13)
FNDA:0,(anonymous_14)
FNDA:0,(anonymous_15)
FNDA:0,(anonymous_16)
FNDA:0,(anonymous_17)
FNDA:0,(anonymous_18)
FNDA:0,(anonymous_19)
FNDA:0,(anonymous_20)
FNDA:0,(anonymous_21)
FNDA:0,(anonymous_22)
FNDA:0,(anonymous_23)
FNDA:0,(anonymous_24)
FNDA:0,(anonymous_25)
FNDA:0,(anonymous_26)
FNDA:0,(anonymous_27)
FNDA:0,(anonymous_28)
FNDA:0,(anonymous_29)
FNDA:0,(anonymous_30)
FNDA:0,(anonymous_31)
FNDA:0,(anonymous_32)
FNDA:0,(anonymous_33)
FNDA:0,(anonymous_34)
FNDA:0,(anonymous_35)
DA:1,0
DA:2,0
DA:3,0
DA:4,0
DA:42,0
DA:47,0
DA:48,0
DA:58,0
DA:59,0
DA:61,0
DA:62,0
DA:65,0
DA:66,0
DA:70,0
DA:71,0
DA:75,0
DA:76,0
DA:77,0
DA:81,0
DA:83,0
DA:90,0
DA:110,0
DA:113,0
DA:114,0
DA:115,0
DA:117,0
DA:118,0
DA:122,0
DA:134,0
DA:135,0
DA:136,0
DA:137,0
DA:140,0
DA:142,0
DA:144,0
DA:147,0
DA:150,0
DA:163,0
DA:165,0
DA:166,0
DA:167,0
DA:169,0
DA:170,0
DA:183,0
DA:184,0
DA:186,0
DA:188,0
DA:191,0
DA:192,0
DA:194,0
DA:195,0
DA:197,0
DA:198,0
DA:200,0
DA:201,0
DA:203,0
DA:204,0
DA:216,0
DA:217,0
DA:218,0
DA:220,0
DA:221,0
DA:222,0
DA:225,0
DA:237,0
DA:238,0
DA:239,0
DA:241,0
DA:242,0
DA:243,0
DA:246,0
DA:258,0
DA:260,0
DA:267,0
DA:278,0
DA:280,0
DA:287,0
DA:294,0
DA:295,0
DA:296,0
DA:300,0
DA:301,0
DA:302,0
DA:303,0
DA:304,0
DA:306,0
DA:308,0
DA:309,0
DA:311,0
DA:312,0
DA:313,0
DA:314,0
DA:315,0
DA:317,0
DA:318,0
DA:322,0
DA:324,0
DA:325,0
DA:326,0
DA:327,0
DA:331,0
DA:344,0
DA:345,0
DA:346,0
DA:350,0
DA:351,0
DA:352,0
DA:355,0
DA:372,0
DA:373,0
DA:374,0
DA:375,0
DA:378,0
DA:385,0
DA:387,0
DA:388,0
DA:389,0
DA:390,0
DA:394,0
DA:401,0
DA:425,0
DA:426,0
DA:433,0
DA:434,0
DA:437,0
DA:438,0
DA:441,0
DA:442,0
DA:443,0
DA:444,0
DA:445,0
DA:447,0
DA:452,0
DA:458,0
DA:475,0
DA:477,0
DA:478,0
DA:481,0
DA:482,0
DA:485,0
DA:486,0
DA:489,0
DA:490,0
DA:491,0
DA:492,0
DA:496,0
DA:506,0
DA:508,0
DA:515,0
LF:149
LH:0
BRDA:70,0,0,0
BRDA:113,1,0,0
BRDA:113,1,1,0
BRDA:113,2,0,0
BRDA:113,2,1,0
BRDA:135,3,0,0
BRDA:142,4,0,0
BRDA:142,4,1,0
BRDA:169,5,0,0
BRDA:188,6,0,0
BRDA:188,6,1,0
BRDA:188,6,2,0
BRDA:188,6,3,0
BRDA:188,6,4,0
BRDA:188,6,5,0
BRDA:220,7,0,0
BRDA:241,8,0,0
BRDA:258,9,0,0
BRDA:258,9,1,0
BRDA:294,10,0,0
BRDA:294,11,0,0
BRDA:294,11,1,0
BRDA:306,12,0,0
BRDA:306,12,1,0
BRDA:309,13,0,0
BRDA:309,13,1,0
BRDA:309,14,0,0
BRDA:309,14,1,0
BRDA:312,15,0,0
BRDA:312,15,1,0
BRDA:313,16,0,0
BRDA:313,16,1,0
BRDA:314,17,0,0
BRDA:314,17,1,0
BRDA:315,18,0,0
BRDA:315,18,1,0
BRDA:326,19,0,0
BRDA:344,20,0,0
BRDA:344,21,0,0
BRDA:344,21,1,0
BRDA:350,22,0,0
BRDA:350,23,0,0
BRDA:350,23,1,0
BRDA:358,24,0,0
BRDA:358,24,1,0
BRDA:360,25,0,0
BRDA:360,25,1,0
BRDA:362,26,0,0
BRDA:362,26,1,0
BRDA:372,27,0,0
BRDA:374,28,0,0
BRDA:374,29,0,0
BRDA:374,29,1,0
BRDA:374,29,2,0
BRDA:389,30,0,0
BRDA:425,31,0,0
BRDA:433,32,0,0
BRDA:443,33,0,0
BRDA:443,33,1,0
BRDA:477,34,0,0
BRDA:481,35,0,0
BRDA:481,36,0,0
BRDA:481,36,1,0
BRDA:485,37,0,0
BRDA:485,38,0,0
BRDA:485,38,1,0
BRDA:489,39,0,0
BRDA:489,40,0,0
BRDA:489,40,1,0
BRDA:491,41,0,0
BRF:70
BRH:0
end_of_record
TN:
SF:src/core/statusReporter.ts
FN:61,(anonymous_0)
FN:79,(anonymous_1)
FN:119,(anonymous_2)
FN:162,(anonymous_3)
FN:205,(anonymous_4)
FN:248,(anonymous_5)
FN:257,(anonymous_6)
FN:279,(anonymous_7)
FN:287,(anonymous_8)
FN:300,(anonymous_9)
FN:318,(anonymous_10)
FN:334,(anonymous_11)
FN:353,(anonymous_12)
FN:376,(anonymous_13)
FN:395,(anonymous_14)
FN:406,(anonymous_15)
FN:424,(anonymous_16)
FN:460,(anonymous_17)
FN:476,(anonymous_18)
FN:482,(anonymous_19)
FN:483,(anonymous_20)
FN:489,(anonymous_21)
FN:498,(anonymous_22)
FN:499,(anonymous_23)
FN:500,(anonymous_24)
FN:501,(anonymous_25)
FN:515,(anonymous_26)
FN:523,(anonymous_27)
FN:530,(anonymous_28)
FN:566,(anonymous_29)
FNF:30
FNH:0
FNDA:0,(anonymous_0)
FNDA:0,(anonymous_1)
FNDA:0,(anonymous_2)
FNDA:0,(anonymous_3)
FNDA:0,(anonymous_4)
FNDA:0,(anonymous_5)
FNDA:0,(anonymous_6)
FNDA:0,(anonymous_7)
FNDA:0,(anonymous_8)
FNDA:0,(anonymous_9)
FNDA:0,(anonymous_10)
FNDA:0,(anonymous_11)
FNDA:0,(anonymous_12)
FNDA:0,(anonymous_13)
FNDA:0,(anonymous_14)
FNDA:0,(anonymous_15)
FNDA:0,(anonymous_16)
FNDA:0,(anonymous_17)
FNDA:0,(anonymous_18)
FNDA:0,(anonymous_19)
FNDA:0,(anonymous_20)
FNDA:0,(anonymous_21)
FNDA:0,(anonymous_22)
FNDA:0,(anonymous_23)
FNDA:0,(anonymous_24)
FNDA:0,(anonymous_25)
FNDA:0,(anonymous_26)
FNDA:0,(anonymous_27)
FNDA:0,(anonymous_28)
FNDA:0,(anonymous_29)
DA:55,0
DA:62,0
DA:63,0
DA:64,0
DA:65,0
DA:83,0
DA:85,0
DA:86,0
DA:87,0
DA:90,0
DA:91,0
DA:93,0
DA:104,0
DA:106,0
DA:107,0
DA:110,0
DA:112,0
DA:124,0
DA:126,0
DA:127,0
DA:128,0
DA:131,0
DA:132,0
DA:134,0
DA:136,0
DA:147,0
DA:149,0
DA:150,0
DA:153,0
DA:155,0
DA:167,0
DA:169,0
DA:170,0
DA:171,0
DA:174,0
DA:175,0
DA:177,0
DA:179,0
DA:190,0
DA:192,0
DA:193,0
DA:196,0
DA:198,0
DA:210,0
DA:212,0
DA:213,0
DA:214,0
DA:217,0
DA:218,0
DA:220,0
DA:222,0
DA:233,0
DA:235,0
DA:236,0
DA:239,0
DA:241,0
DA:252,0
DA:253,0
DA:255,0
DA:257,0
DA:269,0
DA:284,0
DA:285,0
DA:287,0
DA:288,0
DA:292,0
DA:293,0
DA:305,0
DA:307,0
DA:308,0
DA:314,0
DA:315,0
DA:317,0
DA:318,0
DA:324,0
DA:333,0
DA:334,0
DA:340,0
DA:346,0
DA:354,0
DA:356,0
DA:357,0
DA:359,0
DA:360,0
DA:361,0
DA:362,0
DA:363,0
DA:365,0
DA:368,0
DA:370,0
DA:377,0
DA:379,0
DA:380,0
DA:383,0
DA:384,0
DA:387,0
DA:389,0
DA:396,0
DA:397,0
DA:400,0
DA:411,0
DA:412,0
DA:414,0
DA:432,0
DA:433,0
DA:434,0
DA:436,0
DA:438,0
DA:439,0
DA:443,0
DA:444,0
DA:447,0
DA:448,0
DA:450,0
DA:454,0
DA:461,0
DA:464,0
DA:476,0
DA:483,0
DA:496,0
DA:498,0
DA:499,0
DA:500,0
DA:501,0
DA:509,0
DA:517,0
DA:524,0
DA:531,0
DA:533,0
DA:534,0
DA:537,0
DA:538,0
DA:541,0
DA:542,0
DA:545,0
DA:546,0
DA:549,0
DA:550,0
DA:553,0
DA:554,0
DA:557,0
DA:567,0
DA:568,0
DA:569,0
DA:571,0
LF:145
LH:0
BRDA:81,0,0,0
BRDA:85,1,0,0
BRDA:100,2,0,0
BRDA:100,2,1,0
BRDA:101,3,0,0
BRDA:101,3,1,0
BRDA:106,4,0,0
BRDA:122,5,0,0
BRDA:126,6,0,0
BRDA:143,7,0,0
BRDA:143,7,1,0
BRDA:144,8,0,0
BRDA:144,8,1,0
BRDA:149,9,0,0
BRDA:165,10,0,0
BRDA:169,11,0,0
BRDA:186,12,0,0
BRDA:186,12,1,0
BRDA:187,13,0,0
BRDA:187,13,1,0
BRDA:192,14,0,0
BRDA:208,15,0,0
BRDA:212,16,0,0
BRDA:229,17,0,0
BRDA:229,17,1,0
BRDA:230,18,0,0
BRDA:230,18,1,0
BRDA:235,19,0,0
BRDA:288,20,0,0
BRDA:288,20,1,0
BRDA:288,20,2,0
BRDA:307,21,0,0
BRDA:314,22,0,0
BRDA:326,23,0,0
BRDA:326,23,1,0
BRDA:342,24,0,0
BRDA:342,24,1,0
BRDA:356,25,0,0
BRDA:356,25,1,0
BRDA:360,26,0,0
BRDA:361,27,0,0
BRDA:362,28,0,0
BRDA:363,29,0,0
BRDA:379,30,0,0
BRDA:383,31,0,0
BRDA:396,32,0,0
BRDA:438,33,0,0
BRDA:443,34,0,0
BRDA:494,35,0,0
BRDA:517,36,0,0
BRDA:517,36,1,0
BRDA:533,37,0,0
BRDA:533,38,0,0
BRDA:533,38,1,0
BRDA:537,39,0,0
BRDA:537,40,0,0
BRDA:537,40,1,0
BRDA:541,41,0,0
BRDA:541,42,0,0
BRDA:541,42,1,0
BRDA:545,43,0,0
BRDA:545,44,0,0
BRDA:545,44,1,0
BRDA:549,45,0,0
BRDA:549,46,0,0
BRDA:549,46,1,0
BRDA:549,46,2,0
BRDA:553,47,0,0
BRDA:553,48,0,0
BRDA:553,48,1,0
BRDA:553,48,2,0
BRF:71
BRH:0
end_of_record
TN:
SF:src/core/workspace.ts
FN:51,(anonymous_1)
FN:86,(anonymous_2)
FN:126,(anonymous_3)
FN:133,(anonymous_4)
FN:146,(anonymous_5)
FN:160,(anonymous_6)
FN:193,(anonymous_7)
FN:215,(anonymous_8)
FN:232,(anonymous_9)
FN:246,(anonymous_10)
FN:264,(anonymous_11)
FN:271,(anonymous_12)
FN:272,(anonymous_13)
FN:274,(anonymous_14)
FN:275,(anonymous_15)
FN:297,(anonymous_16)
FN:362,(anonymous_17)
FN:369,(anonymous_18)
FN:392,(anonymous_19)
FN:412,(anonymous_20)
FN:420,(anonymous_21)
FN:434,(anonymous_22)
FN:446,(anonymous_23)
FN:480,(anonymous_24)
FN:520,(anonymous_25)
FN:536,(anonymous_26)
FN:537,(anonymous_27)
FN:548,(anonymous_28)
FN:561,(anonymous_29)
FN:566,(anonymous_30)
FN:571,(anonymous_31)
FN:579,(anonymous_32)
FN:591,(anonymous_33)
FNF:33
FNH:0
FNDA:0,(anonymous_1)
FNDA:0,(anonymous_2)
FNDA:0,(anonymous_3)
FNDA:0,(anonymous_4)
FNDA:0,(anonymous_5)
FNDA:0,(anonymous_6)
FNDA:0,(anonymous_7)
FNDA:0,(anonymous_8)
FNDA:0,(anonymous_9)
FNDA:0,(anonymous_10)
FNDA:0,(anonymous_11)
FNDA:0,(anonymous_12)
FNDA:0,(anonymous_13)
FNDA:0,(anonymous_14)
FNDA:0,(anonymous_15)
FNDA:0,(anonymous_16)
FNDA:0,(anonymous_17)
FNDA:0,(anonymous_18)
FNDA:0,(anonymous_19)
FNDA:0,(anonymous_20)
FNDA:0,(anonymous_21)
FNDA:0,(anonymous_22)
FNDA:0,(anonymous_23)
FNDA:0,(anonymous_24)
FNDA:0,(anonymous_25)
FNDA:0,(anonymous_26)
FNDA:0,(anonymous_27)
FNDA:0,(anonymous_28)
FNDA:0,(anonymous_29)
FNDA:0,(anonymous_30)
FNDA:0,(anonymous_31)
FNDA:0,(anonymous_32)
FNDA:0,(anonymous_33)
DA:1,0
DA:2,0
DA:3,0
DA:42,0
DA:45,0
DA:47,0
DA:48,0
DA:49,0
DA:52,0
DA:53,0
DA:54,0
DA:78,0
DA:79,0
DA:87,0
DA:88,0
DA:89,0
DA:90,0
DA:94,0
DA:95,0
DA:96,0
DA:97,0
DA:100,0
DA:101,0
DA:104,0
DA:105,0
DA:106,0
DA:107,0
DA:108,0
DA:109,0
DA:113,0
DA:114,0
DA:116,0
DA:127,0
DA:134,0
DA:135,0
DA:140,0
DA:147,0
DA:148,0
DA:149,0
DA:151,0
DA:152,0
DA:161,0
DA:162,0
DA:163,0
DA:166,0
DA:169,0
DA:170,0
DA:173,0
DA:174,0
DA:177,0
DA:178,0
DA:180,0
DA:181,0
DA:183,0
DA:194,0
DA:195,0
DA:196,0
DA:199,0
DA:200,0
DA:202,0
DA:203,0
DA:205,0
DA:216,0
DA:217,0
DA:218,0
DA:221,0
DA:222,0
DA:223,0
DA:225,0
DA:233,0
DA:234,0
DA:235,0
DA:238,0
DA:240,0
DA:241,0
DA:244,0
DA:246,0
DA:254,0
DA:265,0
DA:266,0
DA:267,0
DA:270,0
DA:271,0
DA:272,0
DA:273,0
DA:274,0
DA:275,0
DA:277,0
DA:279,0
DA:287,0
DA:298,0
DA:306,0
DA:307,0
DA:308,0
DA:309,0
DA:312,0
DA:315,0
DA:316,0
DA:317,0
DA:321,0
DA:322,0
DA:323,0
DA:325,0
DA:330,0
DA:331,0
DA:332,0
DA:333,0
DA:334,0
DA:338,0
DA:339,0
DA:340,0
DA:342,0
DA:343,0
DA:345,0
DA:346,0
DA:349,0
DA:351,0
DA:352,0
DA:353,0
DA:354,0
DA:355,0
DA:363,0
DA:370,0
DA:373,0
DA:374,0
DA:375,0
DA:380,0
DA:381,0
DA:382,0
DA:386,0
DA:393,0
DA:394,0
DA:395,0
DA:396,0
DA:399,0
DA:400,0
DA:402,0
DA:413,0
DA:414,0
DA:421,0
DA:422,0
DA:424,0
DA:425,0
DA:435,0
DA:436,0
DA:437,0
DA:439,0
DA:450,0
DA:452,0
DA:453,0
DA:455,0
DA:456,0
DA:457,0
DA:459,0
DA:460,0
DA:463,0
DA:465,0
DA:466,0
DA:467,0
DA:471,0
DA:474,0
DA:481,0
DA:483,0
DA:484,0
DA:487,0
DA:488,0
DA:490,0
DA:491,0
DA:493,0
DA:494,0
DA:495,0
DA:496,0
DA:497,0
DA:499,0
DA:500,0
DA:503,0
DA:508,0
DA:509,0
DA:511,0
DA:514,0
DA:522,0
DA:529,0
DA:530,0
DA:537,0
DA:538,0
DA:539,0
DA:540,0
DA:542,0
DA:548,0
DA:550,0
DA:551,0
DA:552,0
DA:553,0
DA:556,0
DA:561,0
DA:562,0
DA:563,0
DA:566,0
DA:567,0
DA:568,0
DA:571,0
DA:572,0
DA:573,0
DA:574,0
DA:576,0
DA:579,0
DA:580,0
DA:581,0
DA:582,0
DA:584,0
DA:592,0
LF:211
LH:0
BRDA:51,0,0,0
BRDA:78,1,0,0
BRDA:88,2,0,0
BRDA:104,3,0,0
BRDA:134,4,0,0
BRDA:151,5,0,0
BRDA:162,6,0,0
BRDA:173,7,0,0
BRDA:173,7,1,0
BRDA:193,8,0,0
BRDA:195,9,0,0
BRDA:217,10,0,0
BRDA:232,11,0,0
BRDA:234,12,0,0
BRDA:240,13,0,0
BRDA:266,14,0,0
BRDA:266,15,0,0
BRDA:266,15,1,0
BRDA:271,16,0,0
BRDA:271,16,1,0
BRDA:274,17,0,0
BRDA:274,17,1,0
BRDA:307,18,0,0
BRDA:316,19,0,0
BRDA:330,20,0,0
BRDA:342,21,0,0
BRDA:342,21,1,0
BRDA:370,22,0,0
BRDA:370,22,1,0
BRDA:374,23,0,0
BRDA:381,24,0,0
BRDA:394,25,0,0
BRDA:414,26,0,0
BRDA:414,26,1,0
BRDA:424,27,0,0
BRDA:459,28,0,0
BRDA:459,29,0,0
BRDA:459,29,1,0
BRDA:465,30,0,0
BRDA:493,31,0,0
BRDA:493,31,1,0
BRDA:538,32,0,0
BRDA:538,33,0,0
BRDA:538,33,1,0
BRDA:550,34,0,0
BRDA:550,35,0,0
BRDA:550,35,1,0
BRDA:552,36,0,0
BRDA:573,37,0,0
BRDA:581,38,0,0
BRF:50
BRH:0
end_of_record
