TN:
SF:src/cli/argsParser.ts
FN:59,(anonymous_10)
FN:66,(anonymous_11)
FN:114,(anonymous_12)
FN:138,(anonymous_13)
FN:170,(anonymous_14)
FN:253,(anonymous_15)
FN:259,(anonymous_16)
FN:277,(anonymous_17)
FN:283,(anonymous_18)
FN:303,(anonymous_19)
FN:306,(anonymous_20)
FN:339,(anonymous_21)
FNF:12
FNH:0
FNDA:0,(anonymous_10)
FNDA:0,(anonymous_11)
FNDA:0,(anonymous_12)
FNDA:0,(anonymous_13)
FNDA:0,(anonymous_14)
FNDA:0,(anonymous_15)
FNDA:0,(anonymous_16)
FNDA:0,(anonymous_17)
FNDA:0,(anonymous_18)
FNDA:0,(anonymous_19)
FNDA:0,(anonymous_20)
FNDA:0,(anonymous_21)
DA:1,0
DA:2,0
DA:3,0
DA:4,0
DA:56,0
DA:60,0
DA:67,0
DA:107,0
DA:108,0
DA:115,0
DA:116,0
DA:122,0
DA:123,0
DA:132,0
DA:139,0
DA:141,0
DA:142,0
DA:144,0
DA:145,0
DA:149,0
DA:152,0
DA:153,0
DA:154,0
DA:156,0
DA:160,0
DA:164,0
DA:172,0
DA:173,0
DA:176,0
DA:177,0
DA:181,0
DA:182,0
DA:186,0
DA:187,0
DA:188,0
DA:191,0
DA:192,0
DA:193,0
DA:198,0
DA:199,0
DA:200,0
DA:205,0
DA:206,0
DA:209,0
DA:210,0
DA:213,0
DA:214,0
DA:218,0
DA:219,0
DA:220,0
DA:221,0
DA:222,0
DA:224,0
DA:229,0
DA:230,0
DA:231,0
DA:232,0
DA:234,0
DA:239,0
DA:240,0
DA:244,0
DA:245,0
DA:246,0
DA:254,0
DA:255,0
DA:258,0
DA:259,0
DA:260,0
DA:263,0
DA:264,0
DA:268,0
DA:270,0
DA:278,0
DA:279,0
DA:280,0
DA:283,0
DA:284,0
DA:285,0
DA:286,0
DA:290,0
DA:294,0
DA:296,0
DA:304,0
DA:305,0
DA:306,0
DA:308,0
DA:310,0
DA:311,0
DA:317,0
DA:319,0
DA:320,0
DA:321,0
DA:322,0
DA:330,0
DA:332,0
DA:340,0
DA:341,0
DA:342,0
DA:343,0
DA:345,0
DA:346,0
DA:350,0
DA:351,0
DA:353,0
DA:354,0
LF:105
LH:0
BRDA:76,0,0,0
BRDA:76,0,1,0
BRDA:81,1,0,0
BRDA:81,1,1,0
BRDA:82,2,0,0
BRDA:82,2,1,0
BRDA:83,3,0,0
BRDA:83,3,1,0
BRDA:84,4,0,0
BRDA:84,4,1,0
BRDA:87,5,0,0
BRDA:87,5,1,0
BRDA:88,6,0,0
BRDA:88,6,1,0
BRDA:91,7,0,0
BRDA:91,7,1,0
BRDA:92,8,0,0
BRDA:92,8,1,0
BRDA:96,9,0,0
BRDA:96,9,1,0
BRDA:99,10,0,0
BRDA:99,10,1,0
BRDA:100,11,0,0
BRDA:100,11,1,0
BRDA:101,12,0,0
BRDA:101,12,1,0
BRDA:102,13,0,0
BRDA:102,13,1,0
BRDA:103,14,0,0
BRDA:103,14,1,0
BRDA:104,15,0,0
BRDA:104,15,1,0
BRDA:115,16,0,0
BRDA:122,17,0,0
BRDA:122,18,0,0
BRDA:122,18,1,0
BRDA:122,18,2,0
BRDA:122,18,3,0
BRDA:144,19,0,0
BRDA:144,19,1,0
BRDA:144,20,0,0
BRDA:144,20,1,0
BRDA:144,20,2,0
BRDA:153,21,0,0
BRDA:153,21,1,0
BRDA:172,22,0,0
BRDA:172,23,0,0
BRDA:172,23,1,0
BRDA:176,24,0,0
BRDA:176,25,0,0
BRDA:176,25,1,0
BRDA:176,25,2,0
BRDA:176,25,3,0
BRDA:181,26,0,0
BRDA:181,27,0,0
BRDA:181,27,1,0
BRDA:187,28,0,0
BRDA:192,29,0,0
BRDA:198,30,0,0
BRDA:199,31,0,0
BRDA:205,32,0,0
BRDA:209,33,0,0
BRDA:213,34,0,0
BRDA:218,35,0,0
BRDA:220,36,0,0
BRDA:239,37,0,0
BRDA:239,38,0,0
BRDA:239,38,1,0
BRDA:245,39,0,0
BRDA:260,40,0,0
BRDA:260,40,1,0
BRDA:263,41,0,0
BRDA:268,42,0,0
BRDA:268,42,1,0
BRDA:284,43,0,0
BRDA:284,44,0,0
BRDA:284,44,1,0
BRDA:286,45,0,0
BRDA:286,45,1,0
BRDA:290,46,0,0
BRDA:290,46,1,0
BRDA:308,47,0,0
BRDA:308,47,1,0
BRDA:310,48,0,0
BRDA:310,49,0,0
BRDA:310,49,1,0
BRDA:310,49,2,0
BRDA:310,49,3,0
BRDA:310,49,4,0
BRDA:317,50,0,0
BRDA:321,51,0,0
BRDA:321,52,0,0
BRDA:321,52,1,0
BRDA:321,52,2,0
BRDA:321,52,3,0
BRDA:321,52,4,0
BRDA:345,53,0,0
BRDA:345,54,0,0
BRDA:345,54,1,0
BRF:99
BRH:0
end_of_record
TN:
SF:src/cli/index.ts
FN:56,(anonymous_10)
FN:133,(anonymous_11)
FN:156,(anonymous_12)
FN:162,(anonymous_13)
FN:167,(anonymous_14)
FNF:5
FNH:0
FNDA:0,(anonymous_10)
FNDA:0,(anonymous_11)
FNDA:0,(anonymous_12)
FNDA:0,(anonymous_13)
FNDA:0,(anonymous_14)
DA:3,0
DA:4,0
DA:5,0
DA:6,0
DA:7,0
DA:8,0
DA:9,0
DA:10,0
DA:12,0
DA:14,0
DA:15,0
DA:16,0
DA:19,0
DA:20,0
DA:23,0
DA:29,0
DA:57,0
DA:59,0
DA:60,0
DA:63,0
DA:71,0
DA:72,0
DA:76,0
DA:79,0
DA:80,0
DA:83,0
DA:86,0
DA:87,0
DA:90,0
DA:91,0
DA:95,0
DA:96,0
DA:97,0
DA:101,0
DA:102,0
DA:103,0
DA:107,0
DA:108,0
DA:111,0
DA:112,0
DA:113,0
DA:114,0
DA:115,0
DA:116,0
DA:118,0
DA:119,0
DA:123,0
DA:128,0
DA:134,0
DA:135,0
DA:137,0
DA:139,0
DA:142,0
DA:144,0
DA:148,0
DA:153,0
DA:157,0
DA:158,0
DA:162,0
DA:163,0
DA:164,0
DA:167,0
DA:168,0
DA:169,0
DA:173,0
DA:176,0
DA:177,0
LF:67
LH:0
BRDA:71,0,0,0
BRDA:79,1,0,0
BRDA:86,2,0,0
BRDA:86,3,0,0
BRDA:86,3,1,0
BRDA:90,4,0,0
BRDA:90,5,0,0
BRDA:90,5,1,0
BRDA:90,5,2,0
BRDA:90,5,3,0
BRDA:96,6,0,0
BRDA:102,7,0,0
BRDA:111,8,0,0
BRDA:111,8,1,0
BRDA:114,9,0,0
BRDA:114,9,1,0
BRDA:114,10,0,0
BRDA:114,10,1,0
BRDA:137,11,0,0
BRDA:142,12,0,0
BRDA:176,13,0,0
BRF:21
BRH:0
end_of_record
TN:
SF:src/core/adoClient.ts
FN:93,(anonymous_1)
FN:116,(anonymous_2)
FN:126,(anonymous_3)
FN:133,(anonymous_4)
FN:140,(anonymous_5)
FN:147,(anonymous_6)
FN:189,(anonymous_7)
FN:223,(anonymous_8)
FN:265,(anonymous_9)
FN:342,(anonymous_10)
FN:380,(anonymous_11)
FN:429,(anonymous_12)
FN:473,(anonymous_13)
FN:512,(anonymous_14)
FN:569,(anonymous_15)
FN:616,(anonymous_16)
FN:653,(anonymous_17)
FN:691,(anonymous_18)
FN:730,(anonymous_19)
FN:733,(anonymous_20)
FN:739,(anonymous_21)
FN:747,(anonymous_22)
FN:760,(anonymous_23)
FN:780,(anonymous_24)
FNF:24
FNH:0
FNDA:0,(anonymous_1)
FNDA:0,(anonymous_2)
FNDA:0,(anonymous_3)
FNDA:0,(anonymous_4)
FNDA:0,(anonymous_5)
FNDA:0,(anonymous_6)
FNDA:0,(anonymous_7)
FNDA:0,(anonymous_8)
FNDA:0,(anonymous_9)
FNDA:0,(anonymous_10)
FNDA:0,(anonymous_11)
FNDA:0,(anonymous_12)
FNDA:0,(anonymous_13)
FNDA:0,(anonymous_14)
FNDA:0,(anonymous_15)
FNDA:0,(anonymous_16)
FNDA:0,(anonymous_17)
FNDA:0,(anonymous_18)
FNDA:0,(anonymous_19)
FNDA:0,(anonymous_20)
FNDA:0,(anonymous_21)
FNDA:0,(anonymous_22)
FNDA:0,(anonymous_23)
FNDA:0,(anonymous_24)
DA:1,0
DA:85,0
DA:101,0
DA:102,0
DA:103,0
DA:104,0
DA:105,0
DA:107,0
DA:116,0
DA:120,0
DA:127,0
DA:134,0
DA:141,0
DA:148,0
DA:149,0
DA:151,0
DA:159,0
DA:160,0
DA:161,0
DA:162,0
DA:163,0
DA:165,0
DA:171,0
DA:190,0
DA:191,0
DA:193,0
DA:202,0
DA:203,0
DA:205,0
DA:228,0
DA:229,0
DA:231,0
DA:235,0
DA:236,0
DA:239,0
DA:244,0
DA:245,0
DA:247,0
DA:271,0
DA:274,0
DA:276,0
DA:277,0
DA:280,0
DA:282,0
DA:303,0
DA:304,0
DA:307,0
DA:317,0
DA:318,0
DA:320,0
DA:346,0
DA:347,0
DA:349,0
DA:359,0
DA:360,0
DA:362,0
DA:386,0
DA:387,0
DA:389,0
DA:398,0
DA:408,0
DA:409,0
DA:411,0
DA:434,0
DA:435,0
DA:437,0
DA:443,0
DA:453,0
DA:455,0
DA:477,0
DA:478,0
DA:480,0
DA:490,0
DA:491,0
DA:493,0
DA:515,0
DA:516,0
DA:521,0
DA:522,0
DA:524,0
DA:525,0
DA:528,0
DA:529,0
DA:531,0
DA:534,0
DA:547,0
DA:548,0
DA:550,0
DA:551,0
DA:573,0
DA:574,0
DA:576,0
DA:590,0
DA:591,0
DA:593,0
DA:594,0
DA:595,0
DA:598,0
DA:617,0
DA:618,0
DA:620,0
DA:629,0
DA:630,0
DA:632,0
DA:654,0
DA:655,0
DA:657,0
DA:670,0
DA:672,0
DA:692,0
DA:693,0
DA:695,0
DA:704,0
DA:705,0
DA:706,0
DA:709,0
DA:710,0
DA:712,0
DA:732,0
DA:734,0
DA:736,0
DA:737,0
DA:740,0
DA:741,0
DA:746,0
DA:748,0
DA:751,0
DA:752,0
DA:753,0
DA:754,0
DA:755,0
DA:758,0
DA:761,0
DA:762,0
DA:763,0
DA:764,0
DA:765,0
DA:769,0
DA:774,0
DA:775,0
DA:776,0
DA:778,0
DA:780,0
DA:781,0
DA:784,0
DA:785,0
LF:146
LH:0
BRDA:161,0,0,0
BRDA:161,0,1,0
BRDA:173,1,0,0
BRDA:173,1,1,0
BRDA:174,2,0,0
BRDA:174,2,1,0
BRDA:207,3,0,0
BRDA:207,3,1,0
BRDA:208,4,0,0
BRDA:208,4,1,0
BRDA:235,5,0,0
BRDA:249,6,0,0
BRDA:249,6,1,0
BRDA:250,7,0,0
BRDA:250,7,1,0
BRDA:274,8,0,0
BRDA:274,8,1,0
BRDA:276,9,0,0
BRDA:276,10,0,0
BRDA:276,10,1,0
BRDA:322,11,0,0
BRDA:322,11,1,0
BRDA:323,12,0,0
BRDA:323,12,1,0
BRDA:331,13,0,0
BRDA:331,13,1,0
BRDA:364,14,0,0
BRDA:364,14,1,0
BRDA:365,15,0,0
BRDA:365,15,1,0
BRDA:391,16,0,0
BRDA:391,16,1,0
BRDA:413,17,0,0
BRDA:413,17,1,0
BRDA:414,18,0,0
BRDA:414,18,1,0
BRDA:439,19,0,0
BRDA:439,19,1,0
BRDA:457,20,0,0
BRDA:457,20,1,0
BRDA:458,21,0,0
BRDA:458,21,1,0
BRDA:485,22,0,0
BRDA:485,22,1,0
BRDA:491,23,0,0
BRDA:491,23,1,0
BRDA:495,24,0,0
BRDA:495,24,1,0
BRDA:496,25,0,0
BRDA:496,25,1,0
BRDA:524,26,0,0
BRDA:553,27,0,0
BRDA:553,27,1,0
BRDA:554,28,0,0
BRDA:554,28,1,0
BRDA:593,29,0,0
BRDA:600,30,0,0
BRDA:600,30,1,0
BRDA:601,31,0,0
BRDA:601,31,1,0
BRDA:634,32,0,0
BRDA:634,32,1,0
BRDA:635,33,0,0
BRDA:635,33,1,0
BRDA:674,34,0,0
BRDA:674,34,1,0
BRDA:675,35,0,0
BRDA:675,35,1,0
BRDA:705,36,0,0
BRDA:714,37,0,0
BRDA:714,37,1,0
BRDA:715,38,0,0
BRDA:715,38,1,0
BRDA:751,39,0,0
BRDA:764,40,0,0
BRDA:764,40,1,0
BRDA:769,41,0,0
BRDA:769,41,1,0
BRDA:769,41,2,0
BRDA:769,41,3,0
BRDA:769,41,4,0
BRDA:774,42,0,0
BRDA:778,43,0,0
BRDA:778,43,1,0
BRDA:784,44,0,0
BRDA:784,44,1,0
BRF:86
BRH:0
end_of_record
TN:
SF:src/core/commenter.ts
FN:49,(anonymous_0)
FN:68,(anonymous_1)
FN:163,(anonymous_2)
FN:174,(anonymous_3)
FN:216,(anonymous_4)
FN:220,(anonymous_5)
FN:223,(anonymous_6)
FN:237,(anonymous_7)
FN:250,(anonymous_8)
FN:300,(anonymous_9)
FN:307,(anonymous_10)
FN:323,(anonymous_11)
FN:332,(anonymous_12)
FN:342,(anonymous_13)
FN:354,(anonymous_14)
FN:360,(anonymous_15)
FN:372,(anonymous_16)
FN:374,(anonymous_17)
FN:392,(anonymous_18)
FN:396,(anonymous_19)
FN:405,(anonymous_20)
FN:422,(anonymous_21)
FN:432,(anonymous_22)
FN:468,(anonymous_23)
FN:484,(anonymous_24)
FN:490,(anonymous_25)
FN:491,(anonymous_26)
FN:497,(anonymous_27)
FN:545,(anonymous_28)
FN:569,(anonymous_29)
FNF:30
FNH:0
FNDA:0,(anonymous_0)
FNDA:0,(anonymous_1)
FNDA:0,(anonymous_2)
FNDA:0,(anonymous_3)
FNDA:0,(anonymous_4)
FNDA:0,(anonymous_5)
FNDA:0,(anonymous_6)
FNDA:0,(anonymous_7)
FNDA:0,(anonymous_8)
FNDA:0,(anonymous_9)
FNDA:0,(anonymous_10)
FNDA:0,(anonymous_11)
FNDA:0,(anonymous_12)
FNDA:0,(anonymous_13)
FNDA:0,(anonymous_14)
FNDA:0,(anonymous_15)
FNDA:0,(anonymous_16)
FNDA:0,(anonymous_17)
FNDA:0,(anonymous_18)
FNDA:0,(anonymous_19)
FNDA:0,(anonymous_20)
FNDA:0,(anonymous_21)
FNDA:0,(anonymous_22)
FNDA:0,(anonymous_23)
FNDA:0,(anonymous_24)
FNDA:0,(anonymous_25)
FNDA:0,(anonymous_26)
FNDA:0,(anonymous_27)
FNDA:0,(anonymous_28)
FNDA:0,(anonymous_29)
DA:43,0
DA:50,0
DA:51,0
DA:52,0
DA:53,0
DA:73,0
DA:74,0
DA:75,0
DA:77,0
DA:79,0
DA:80,0
DA:83,0
DA:95,0
DA:96,0
DA:97,0
DA:98,0
DA:102,0
DA:104,0
DA:105,0
DA:106,0
DA:108,0
DA:110,0
DA:111,0
DA:119,0
DA:120,0
DA:121,0
DA:122,0
DA:123,0
DA:124,0
DA:125,0
DA:128,0
DA:129,0
DA:130,0
DA:131,0
DA:135,0
DA:136,0
DA:141,0
DA:142,0
DA:143,0
DA:144,0
DA:146,0
DA:147,0
DA:148,0
DA:152,0
DA:154,0
DA:156,0
DA:167,0
DA:169,0
DA:174,0
DA:180,0
DA:181,0
DA:185,0
DA:186,0
DA:187,0
DA:189,0
DA:191,0
DA:196,0
DA:197,0
DA:198,0
DA:200,0
DA:201,0
DA:205,0
DA:206,0
DA:207,0
DA:210,0
DA:217,0
DA:218,0
DA:220,0
DA:223,0
DA:229,0
DA:230,0
DA:238,0
DA:240,0
DA:241,0
DA:244,0
DA:256,0
DA:267,0
DA:268,0
DA:269,0
DA:271,0
DA:272,0
DA:273,0
DA:274,0
DA:275,0
DA:276,0
DA:277,0
DA:278,0
DA:279,0
DA:282,0
DA:283,0
DA:284,0
DA:287,0
DA:288,0
DA:289,0
DA:290,0
DA:294,0
DA:304,0
DA:305,0
DA:307,0
DA:308,0
DA:309,0
DA:312,0
DA:328,0
DA:329,0
DA:331,0
DA:332,0
DA:348,0
DA:349,0
DA:352,0
DA:354,0
DA:355,0
DA:358,0
DA:359,0
DA:360,0
DA:374,0
DA:376,0
DA:377,0
DA:380,0
DA:381,0
DA:385,0
DA:386,0
DA:393,0
DA:394,0
DA:396,0
DA:397,0
DA:399,0
DA:410,0
DA:413,0
DA:421,0
DA:422,0
DA:440,0
DA:441,0
DA:442,0
DA:444,0
DA:446,0
DA:447,0
DA:451,0
DA:452,0
DA:455,0
DA:456,0
DA:458,0
DA:462,0
DA:469,0
DA:472,0
DA:484,0
DA:491,0
DA:498,0
DA:501,0
DA:502,0
DA:504,0
DA:505,0
DA:506,0
DA:507,0
DA:508,0
DA:510,0
DA:511,0
DA:513,0
DA:514,0
DA:520,0
DA:521,0
DA:523,0
DA:524,0
DA:527,0
DA:528,0
DA:531,0
DA:532,0
DA:536,0
DA:546,0
DA:551,0
DA:552,0
DA:555,0
DA:556,0
DA:559,0
DA:560,0
DA:563,0
DA:570,0
LF:176
LH:0
BRDA:71,0,0,0
BRDA:79,1,0,0
BRDA:96,2,0,0
BRDA:96,3,0,0
BRDA:96,3,1,0
BRDA:106,4,0,0
BRDA:135,5,0,0
BRDA:135,6,0,0
BRDA:135,6,1,0
BRDA:141,7,0,0
BRDA:180,8,0,0
BRDA:187,9,0,0
BRDA:198,10,0,0
BRDA:205,11,0,0
BRDA:271,12,0,0
BRDA:271,12,1,0
BRDA:272,13,0,0
BRDA:272,13,1,0
BRDA:276,14,0,0
BRDA:305,15,0,0
BRDA:309,16,0,0
BRDA:313,17,0,0
BRDA:313,17,1,0
BRDA:313,17,2,0
BRDA:358,18,0,0
BRDA:380,19,0,0
BRDA:446,20,0,0
BRDA:451,21,0,0
BRDA:501,22,0,0
BRDA:501,22,1,0
BRDA:501,23,0,0
BRDA:501,23,1,0
BRDA:506,24,0,0
BRDA:510,25,0,0
BRDA:510,26,0,0
BRDA:510,26,1,0
BRDA:513,27,0,0
BRDA:513,28,0,0
BRDA:513,28,1,0
BRDA:520,29,0,0
BRDA:523,30,0,0
BRDA:523,31,0,0
BRDA:523,31,1,0
BRDA:527,32,0,0
BRDA:527,33,0,0
BRDA:527,33,1,0
BRDA:531,34,0,0
BRDA:531,35,0,0
BRDA:531,35,1,0
BRDA:551,36,0,0
BRDA:555,37,0,0
BRDA:559,38,0,0
BRF:52
BRH:0
end_of_record
TN:
SF:src/core/configLoader.ts
FN:118,(anonymous_9)
FN:145,(anonymous_10)
FN:149,(anonymous_11)
FN:177,(anonymous_12)
FN:286,(anonymous_13)
FN:296,(anonymous_14)
FN:304,(anonymous_15)
FN:312,(anonymous_16)
FN:320,(anonymous_17)
FN:328,(anonymous_18)
FN:336,(anonymous_19)
FN:344,(anonymous_20)
FN:352,(anonymous_21)
FN:360,(anonymous_22)
FN:368,(anonymous_23)
FN:376,(anonymous_24)
FNF:16
FNH:0
FNDA:0,(anonymous_9)
FNDA:0,(anonymous_10)
FNDA:0,(anonymous_11)
FNDA:0,(anonymous_12)
FNDA:0,(anonymous_13)
FNDA:0,(anonymous_14)
FNDA:0,(anonymous_15)
FNDA:0,(anonymous_16)
FNDA:0,(anonymous_17)
FNDA:0,(anonymous_18)
FNDA:0,(anonymous_19)
FNDA:0,(anonymous_20)
FNDA:0,(anonymous_21)
FNDA:0,(anonymous_22)
FNDA:0,(anonymous_23)
FNDA:0,(anonymous_24)
DA:1,0
DA:2,0
DA:3,0
DA:110,0
DA:113,0
DA:119,0
DA:120,0
DA:123,0
DA:126,0
DA:127,0
DA:129,0
DA:132,0
DA:133,0
DA:134,0
DA:136,0
DA:138,0
DA:139,0
DA:146,0
DA:149,0
DA:150,0
DA:151,0
DA:154,0
DA:155,0
DA:158,0
DA:159,0
DA:160,0
DA:161,0
DA:163,0
DA:168,0
DA:171,0
DA:178,0
DA:179,0
DA:182,0
DA:184,0
DA:185,0
DA:188,0
DA:189,0
DA:191,0
DA:192,0
DA:197,0
DA:198,0
DA:201,0
DA:202,0
DA:203,0
DA:204,0
DA:205,0
DA:207,0
DA:208,0
DA:209,0
DA:211,0
DA:212,0
DA:215,0
DA:216,0
DA:221,0
DA:222,0
DA:223,0
DA:224,0
DA:225,0
DA:227,0
DA:228,0
DA:229,0
DA:231,0
DA:232,0
DA:235,0
DA:236,0
DA:240,0
DA:241,0
DA:243,0
DA:247,0
DA:250,0
DA:251,0
DA:252,0
DA:253,0
DA:254,0
DA:255,0
DA:258,0
DA:259,0
DA:260,0
DA:262,0
DA:263,0
DA:266,0
DA:268,0
DA:287,0
DA:288,0
DA:290,0
DA:297,0
DA:298,0
DA:305,0
DA:306,0
DA:313,0
DA:314,0
DA:321,0
DA:322,0
DA:329,0
DA:330,0
DA:337,0
DA:338,0
DA:345,0
DA:346,0
DA:353,0
DA:354,0
DA:361,0
DA:362,0
DA:369,0
DA:370,0
DA:377,0
DA:378,0
LF:107
LH:0
BRDA:129,0,0,0
BRDA:129,0,1,0
BRDA:132,1,0,0
BRDA:150,2,0,0
BRDA:150,3,0,0
BRDA:150,3,1,0
BRDA:154,4,0,0
BRDA:154,5,0,0
BRDA:154,5,1,0
BRDA:159,6,0,0
BRDA:160,7,0,0
BRDA:160,7,1,0
BRDA:160,8,0,0
BRDA:160,8,1,0
BRDA:160,8,2,0
BRDA:178,9,0,0
BRDA:184,10,0,0
BRDA:191,11,0,0
BRDA:201,12,0,0
BRDA:201,13,0,0
BRDA:201,13,1,0
BRDA:207,14,0,0
BRDA:207,14,1,0
BRDA:215,15,0,0
BRDA:215,15,1,0
BRDA:221,16,0,0
BRDA:221,17,0,0
BRDA:221,17,1,0
BRDA:227,18,0,0
BRDA:227,18,1,0
BRDA:235,19,0,0
BRDA:235,19,1,0
BRDA:240,20,0,0
BRDA:240,20,1,0
BRDA:251,21,0,0
BRDA:251,21,1,0
BRDA:251,22,0,0
BRDA:251,22,1,0
BRDA:254,23,0,0
BRDA:254,24,0,0
BRDA:254,24,1,0
BRDA:262,25,0,0
BRDA:278,26,0,0
BRDA:278,26,1,0
BRDA:287,27,0,0
BRF:45
BRH:0
end_of_record
TN:
SF:src/core/contextBuilder.ts
FN:41,(anonymous_0)
FN:49,(anonymous_1)
FN:73,(anonymous_2)
FN:75,(anonymous_3)
FN:76,(anonymous_4)
FN:113,(anonymous_5)
FN:157,(anonymous_6)
FN:208,(anonymous_7)
FN:216,(anonymous_8)
FN:218,(anonymous_9)
FN:233,(anonymous_10)
FN:259,(anonymous_11)
FN:260,(anonymous_12)
FN:269,(anonymous_13)
FN:290,(anonymous_14)
FN:310,(anonymous_15)
FN:330,(anonymous_16)
FN:338,(anonymous_17)
FN:369,(anonymous_18)
FN:393,(anonymous_19)
FN:402,(anonymous_20)
FN:407,(anonymous_21)
FN:431,(anonymous_22)
FN:440,(anonymous_23)
FN:448,(anonymous_24)
FN:459,(anonymous_25)
FN:467,(anonymous_26)
FNF:27
FNH:0
FNDA:0,(anonymous_0)
FNDA:0,(anonymous_1)
FNDA:0,(anonymous_2)
FNDA:0,(anonymous_3)
FNDA:0,(anonymous_4)
FNDA:0,(anonymous_5)
FNDA:0,(anonymous_6)
FNDA:0,(anonymous_7)
FNDA:0,(anonymous_8)
FNDA:0,(anonymous_9)
FNDA:0,(anonymous_10)
FNDA:0,(anonymous_11)
FNDA:0,(anonymous_12)
FNDA:0,(anonymous_13)
FNDA:0,(anonymous_14)
FNDA:0,(anonymous_15)
FNDA:0,(anonymous_16)
FNDA:0,(anonymous_17)
FNDA:0,(anonymous_18)
FNDA:0,(anonymous_19)
FNDA:0,(anonymous_20)
FNDA:0,(anonymous_21)
FNDA:0,(anonymous_22)
FNDA:0,(anonymous_23)
FNDA:0,(anonymous_24)
FNDA:0,(anonymous_25)
FNDA:0,(anonymous_26)
DA:37,0
DA:42,0
DA:43,0
DA:54,0
DA:55,0
DA:61,0
DA:64,0
DA:67,0
DA:68,0
DA:69,0
DA:72,0
DA:73,0
DA:75,0
DA:76,0
DA:80,0
DA:89,0
DA:90,0
DA:91,0
DA:94,0
DA:96,0
DA:98,0
DA:114,0
DA:117,0
DA:118,0
DA:121,0
DA:124,0
DA:125,0
DA:129,0
DA:130,0
DA:131,0
DA:132,0
DA:135,0
DA:136,0
DA:137,0
DA:138,0
DA:141,0
DA:142,0
DA:143,0
DA:147,0
DA:148,0
DA:149,0
DA:151,0
DA:162,0
DA:164,0
DA:165,0
DA:171,0
DA:177,0
DA:179,0
DA:180,0
DA:182,0
DA:183,0
DA:185,0
DA:187,0
DA:188,0
DA:189,0
DA:191,0
DA:192,0
DA:197,0
DA:198,0
DA:201,0
DA:202,0
DA:213,0
DA:215,0
DA:216,0
DA:218,0
DA:223,0
DA:234,0
DA:235,0
DA:238,0
DA:240,0
DA:241,0
DA:242,0
DA:243,0
DA:245,0
DA:246,0
DA:247,0
DA:248,0
DA:250,0
DA:253,0
DA:260,0
DA:262,0
DA:263,0
DA:266,0
DA:267,0
DA:269,0
DA:279,0
DA:291,0
DA:292,0
DA:295,0
DA:298,0
DA:299,0
DA:300,0
DA:301,0
DA:303,0
DA:306,0
DA:307,0
DA:309,0
DA:310,0
DA:313,0
DA:314,0
DA:315,0
DA:316,0
DA:317,0
DA:318,0
DA:321,0
DA:324,0
DA:331,0
DA:339,0
DA:370,0
DA:373,0
DA:374,0
DA:375,0
DA:376,0
DA:378,0
DA:379,0
DA:381,0
DA:385,0
DA:387,0
DA:394,0
DA:395,0
DA:402,0
DA:403,0
DA:406,0
DA:407,0
DA:408,0
DA:409,0
DA:414,0
DA:415,0
DA:416,0
DA:420,0
DA:432,0
DA:434,0
DA:441,0
DA:442,0
DA:449,0
DA:450,0
DA:453,0
DA:460,0
DA:461,0
DA:468,0
DA:470,0
DA:471,0
DA:474,0
DA:475,0
DA:478,0
DA:479,0
DA:482,0
DA:483,0
DA:484,0
DA:487,0
LF:150
LH:0
BRDA:52,0,0,0
BRDA:58,1,0,0
BRDA:59,2,0,0
BRDA:60,3,0,0
BRDA:84,4,0,0
BRDA:84,4,1,0
BRDA:90,5,0,0
BRDA:113,6,0,0
BRDA:114,7,0,0
BRDA:117,8,0,0
BRDA:124,9,0,0
BRDA:129,10,0,0
BRDA:135,11,0,0
BRDA:141,12,0,0
BRDA:160,13,0,0
BRDA:185,14,0,0
BRDA:185,14,1,0
BRDA:185,15,0,0
BRDA:185,15,1,0
BRDA:197,16,0,0
BRDA:233,17,0,0
BRDA:234,18,0,0
BRDA:241,19,0,0
BRDA:241,19,1,0
BRDA:259,20,0,0
BRDA:262,21,0,0
BRDA:266,22,0,0
BRDA:290,23,0,0
BRDA:291,24,0,0
BRDA:300,25,0,0
BRDA:309,26,0,0
BRDA:373,27,0,0
BRDA:373,27,1,0
BRDA:374,28,0,0
BRDA:374,28,1,0
BRDA:375,29,0,0
BRDA:375,29,1,0
BRDA:378,30,0,0
BRDA:378,30,1,0
BRDA:393,31,0,0
BRDA:394,32,0,0
BRDA:408,33,0,0
BRDA:415,34,0,0
BRDA:449,35,0,0
BRDA:470,36,0,0
BRDA:474,37,0,0
BRDA:474,38,0,0
BRDA:474,38,1,0
BRDA:478,39,0,0
BRDA:483,40,0,0
BRF:50
BRH:0
end_of_record
TN:
SF:src/core/diffFetcher.ts
FN:42,(anonymous_0)
FN:58,(anonymous_1)
FN:157,(anonymous_2)
FN:224,(anonymous_3)
FN:239,(anonymous_4)
FN:254,(anonymous_5)
FN:286,(anonymous_6)
FN:344,(anonymous_7)
FN:345,(anonymous_8)
FN:346,(anonymous_9)
FN:359,(anonymous_10)
FN:369,(anonymous_11)
FN:370,(anonymous_12)
FN:406,(anonymous_13)
FN:409,(anonymous_14)
FNF:15
FNH:10
FNDA:3,(anonymous_0)
FNDA:3,(anonymous_1)
FNDA:3,(anonymous_2)
FNDA:3,(anonymous_3)
FNDA:3,(anonymous_4)
FNDA:2,(anonymous_5)
FNDA:3,(anonymous_6)
FNDA:3,(anonymous_7)
FNDA:7,(anonymous_8)
FNDA:4,(anonymous_9)
FNDA:0,(anonymous_10)
FNDA:0,(anonymous_11)
FNDA:0,(anonymous_12)
FNDA:0,(anonymous_13)
FNDA:0,(anonymous_14)
DA:36,1
DA:48,3
DA:49,3
DA:50,3
DA:51,3
DA:62,3
DA:63,3
DA:66,3
DA:67,3
DA:68,0
DA:71,3
DA:72,3
DA:73,0
DA:77,3
DA:82,3
DA:85,3
DA:86,3
DA:87,3
DA:89,3
DA:90,3
DA:91,0
DA:94,3
DA:95,3
DA:101,3
DA:102,3
DA:105,3
DA:106,3
DA:107,3
DA:108,8
DA:109,3
DA:110,5
DA:111,3
DA:117,0
DA:122,3
DA:132,3
DA:133,3
DA:135,0
DA:136,0
DA:137,0
DA:144,0
DA:150,0
DA:162,3
DA:163,3
DA:164,0
DA:167,3
DA:169,3
DA:170,3
DA:171,3
DA:173,3
DA:174,0
DA:187,3
DA:189,3
DA:191,2
DA:192,2
DA:200,1
DA:203,1
DA:204,1
DA:207,3
DA:209,3
DA:217,3
DA:218,0
DA:221,3
DA:225,3
DA:227,0
DA:229,3
DA:231,0
DA:233,0
DA:235,0
DA:240,3
DA:250,3
DA:251,3
DA:255,2
DA:256,2
DA:258,2
DA:259,2
DA:261,2
DA:263,0
DA:264,0
DA:265,0
DA:266,0
DA:267,0
DA:269,0
DA:270,0
DA:271,0
DA:272,0
DA:273,0
DA:275,2
DA:276,2
DA:277,2
DA:278,2
DA:279,2
DA:280,2
DA:283,2
DA:287,3
DA:288,3
DA:290,3
DA:291,3
DA:293,3
DA:295,21
DA:297,21
DA:299,3
DA:300,0
DA:313,3
DA:320,3
DA:321,18
DA:323,8
DA:328,3
DA:329,3
DA:341,3
DA:345,7
DA:346,4
DA:348,3
DA:349,3
DA:350,0
DA:351,0
DA:352,0
DA:353,0
DA:355,0
DA:365,0
DA:368,0
DA:369,0
DA:370,0
DA:371,0
DA:381,0
DA:382,0
DA:384,0
DA:385,0
DA:386,0
DA:387,0
DA:388,0
DA:389,0
DA:390,0
DA:391,0
DA:397,0
DA:407,0
DA:409,0
DA:410,0
DA:411,0
DA:414,0
DA:415,0
DA:416,0
DA:417,0
DA:418,0
DA:420,0
LF:144
LH:86
BRDA:67,0,0,0
BRDA:72,1,0,0
BRDA:90,2,0,0
BRDA:101,3,0,3
BRDA:108,4,0,3
BRDA:108,4,1,5
BRDA:108,5,0,8
BRDA:108,5,1,3
BRDA:110,6,0,3
BRDA:110,7,0,5
BRDA:110,7,1,3
BRDA:136,8,0,0
BRDA:136,8,1,0
BRDA:163,9,0,0
BRDA:169,10,0,3
BRDA:169,10,1,0
BRDA:173,11,0,0
BRDA:189,12,0,2
BRDA:189,12,1,1
BRDA:191,13,0,2
BRDA:191,13,1,0
BRDA:217,14,0,0
BRDA:225,15,0,0
BRDA:225,15,1,3
BRDA:225,15,2,0
BRDA:225,15,3,0
BRDA:225,15,4,0
BRDA:261,16,0,0
BRDA:261,16,1,0
BRDA:261,16,2,2
BRDA:297,17,0,3
BRDA:297,17,1,18
BRDA:299,18,0,0
BRDA:299,19,0,3
BRDA:299,19,1,0
BRDA:314,20,0,3
BRDA:314,20,1,0
BRDA:315,21,0,3
BRDA:315,21,1,0
BRDA:316,22,0,3
BRDA:316,22,1,0
BRDA:317,23,0,3
BRDA:317,23,1,0
BRDA:318,24,0,3
BRDA:318,24,1,3
BRDA:321,25,0,8
BRDA:321,26,0,18
BRDA:321,26,1,10
BRDA:321,26,2,7
BRDA:321,26,3,4
BRDA:328,27,0,3
BRDA:328,28,0,3
BRDA:328,28,1,3
BRDA:348,29,0,3
BRDA:348,29,1,0
BRDA:348,30,0,3
BRDA:348,30,1,3
BRDA:350,31,0,0
BRDA:350,31,1,0
BRDA:352,32,0,0
BRDA:352,32,1,0
BRDA:368,33,0,0
BRDA:368,34,0,0
BRDA:368,34,1,0
BRDA:371,35,0,0
BRDA:371,35,1,0
BRDA:388,36,0,0
BRDA:388,36,1,0
BRDA:388,37,0,0
BRDA:388,37,1,0
BRDA:390,38,0,0
BRDA:390,39,0,0
BRDA:390,39,1,0
BRDA:410,40,0,0
BRDA:410,40,1,0
BRDA:415,41,0,0
BRDA:416,42,0,0
BRDA:417,43,0,0
BRDA:418,44,0,0
BRF:79
BRH:34
end_of_record
TN:
SF:src/core/errorHandler.ts
FN:4,(anonymous_1)
FN:24,(anonymous_2)
FN:39,(anonymous_3)
FN:49,(anonymous_4)
FN:64,(anonymous_5)
FN:77,(anonymous_6)
FN:84,(anonymous_7)
FN:100,(anonymous_8)
FN:115,(anonymous_9)
FN:122,(anonymous_10)
FN:135,(anonymous_11)
FN:146,(anonymous_12)
FN:194,(anonymous_13)
FN:202,(anonymous_14)
FN:211,(anonymous_15)
FN:218,(anonymous_16)
FN:225,(anonymous_17)
FN:267,(anonymous_18)
FN:308,(anonymous_19)
FN:343,(anonymous_20)
FN:352,(anonymous_21)
FN:371,(anonymous_22)
FNF:22
FNH:0
FNDA:0,(anonymous_1)
FNDA:0,(anonymous_2)
FNDA:0,(anonymous_3)
FNDA:0,(anonymous_4)
FNDA:0,(anonymous_5)
FNDA:0,(anonymous_6)
FNDA:0,(anonymous_7)
FNDA:0,(anonymous_8)
FNDA:0,(anonymous_9)
FNDA:0,(anonymous_10)
FNDA:0,(anonymous_11)
FNDA:0,(anonymous_12)
FNDA:0,(anonymous_13)
FNDA:0,(anonymous_14)
FNDA:0,(anonymous_15)
FNDA:0,(anonymous_16)
FNDA:0,(anonymous_17)
FNDA:0,(anonymous_18)
FNDA:0,(anonymous_19)
FNDA:0,(anonymous_20)
FNDA:0,(anonymous_21)
FNDA:0,(anonymous_22)
DA:2,0
DA:4,0
DA:5,0
DA:6,0
DA:7,0
DA:8,0
DA:9,0
DA:10,0
DA:19,0
DA:30,0
DA:31,0
DA:32,0
DA:33,0
DA:34,0
DA:38,0
DA:40,0
DA:41,0
DA:45,0
DA:56,0
DA:57,0
DA:58,0
DA:59,0
DA:63,0
DA:65,0
DA:66,0
DA:67,0
DA:68,0
DA:73,0
DA:75,0
DA:78,0
DA:85,0
DA:88,0
DA:91,0
DA:94,0
DA:101,0
DA:104,0
DA:107,0
DA:109,0
DA:116,0
DA:129,0
DA:140,0
DA:151,0
DA:152,0
DA:155,0
DA:156,0
DA:159,0
DA:160,0
DA:163,0
DA:164,0
DA:167,0
DA:168,0
DA:172,0
DA:173,0
DA:183,0
DA:187,0
DA:188,0
DA:195,0
DA:196,0
DA:199,0
DA:201,0
DA:202,0
DA:205,0
DA:212,0
DA:219,0
DA:226,0
DA:227,0
DA:230,0
DA:232,0
DA:233,0
DA:236,0
DA:237,0
DA:240,0
DA:241,0
DA:245,0
DA:246,0
DA:256,0
DA:260,0
DA:261,0
DA:268,0
DA:270,0
DA:272,0
DA:273,0
DA:274,0
DA:276,0
DA:279,0
DA:280,0
DA:281,0
DA:283,0
DA:284,0
DA:286,0
DA:289,0
DA:290,0
DA:291,0
DA:293,0
DA:296,0
DA:300,0
DA:301,0
DA:309,0
DA:310,0
DA:313,0
DA:314,0
DA:315,0
DA:316,0
DA:317,0
DA:318,0
DA:319,0
DA:321,0
DA:322,0
DA:323,0
DA:324,0
DA:325,0
DA:326,0
DA:327,0
DA:328,0
DA:329,0
DA:333,0
DA:334,0
DA:335,0
DA:337,0
DA:344,0
DA:345,0
DA:346,0
DA:356,0
DA:357,0
DA:359,0
DA:375,0
DA:376,0
DA:378,0
DA:379,0
DA:380,0
DA:382,0
LF:131
LH:0
BRDA:4,0,0,0
BRDA:4,0,1,0
BRDA:26,1,0,0
BRDA:28,2,0,0
BRDA:54,3,0,0
BRDA:67,4,0,0
BRDA:67,5,0,0
BRDA:67,5,1,0
BRDA:68,6,0,0
BRDA:68,6,1,0
BRDA:127,7,0,0
BRDA:151,8,0,0
BRDA:155,9,0,0
BRDA:156,10,0,0
BRDA:156,10,1,0
BRDA:159,11,0,0
BRDA:159,12,0,0
BRDA:159,12,1,0
BRDA:163,13,0,0
BRDA:163,14,0,0
BRDA:163,14,1,0
BRDA:167,15,0,0
BRDA:167,16,0,0
BRDA:167,16,1,0
BRDA:172,17,0,0
BRDA:172,18,0,0
BRDA:172,18,1,0
BRDA:187,19,0,0
BRDA:187,19,1,0
BRDA:187,20,0,0
BRDA:187,20,1,0
BRDA:195,21,0,0
BRDA:199,22,0,0
BRDA:226,23,0,0
BRDA:230,24,0,0
BRDA:232,25,0,0
BRDA:232,26,0,0
BRDA:232,26,1,0
BRDA:236,27,0,0
BRDA:236,28,0,0
BRDA:236,28,1,0
BRDA:240,29,0,0
BRDA:240,30,0,0
BRDA:240,30,1,0
BRDA:245,31,0,0
BRDA:245,32,0,0
BRDA:245,32,1,0
BRDA:260,33,0,0
BRDA:260,33,1,0
BRDA:270,34,0,0
BRDA:270,34,1,0
BRDA:270,34,2,0
BRDA:270,34,3,0
BRDA:273,35,0,0
BRDA:280,36,0,0
BRDA:280,37,0,0
BRDA:280,37,1,0
BRDA:283,38,0,0
BRDA:290,39,0,0
BRDA:300,40,0,0
BRDA:313,41,0,0
BRDA:313,41,1,0
BRDA:314,42,0,0
BRDA:314,42,1,0
BRDA:316,43,0,0
BRDA:316,43,1,0
BRDA:318,44,0,0
BRDA:321,45,0,0
BRDA:322,46,0,0
BRDA:322,46,1,0
BRDA:324,47,0,0
BRDA:324,47,1,0
BRDA:326,48,0,0
BRDA:326,48,1,0
BRDA:328,49,0,0
BRDA:328,50,0,0
BRDA:328,50,1,0
BRDA:334,51,0,0
BRDA:345,52,0,0
BRDA:345,52,1,0
BRDA:356,53,0,0
BRDA:356,53,1,0
BRDA:379,54,0,0
BRF:83
BRH:0
end_of_record
TN:
SF:src/core/geminiAdapter.ts
FN:69,(anonymous_9)
FN:82,(anonymous_10)
FN:117,(anonymous_11)
FN:176,(anonymous_12)
FN:186,(anonymous_13)
FN:207,(anonymous_14)
FN:208,(anonymous_15)
FN:214,(anonymous_16)
FN:221,(anonymous_17)
FN:232,(anonymous_18)
FN:238,(anonymous_19)
FN:244,(anonymous_20)
FN:250,(anonymous_21)
FN:269,(anonymous_22)
FN:286,(anonymous_23)
FN:317,(anonymous_24)
FN:325,(anonymous_25)
FN:397,(anonymous_26)
FN:408,(anonymous_27)
FN:409,(anonymous_28)
FN:433,(anonymous_29)
FN:479,(anonymous_30)
FN:492,(anonymous_31)
FN:511,(anonymous_32)
FN:550,(anonymous_33)
FN:573,(anonymous_34)
FN:574,(anonymous_35)
FN:589,(anonymous_36)
FN:596,(anonymous_37)
FN:605,(anonymous_38)
FN:618,(anonymous_39)
FN:635,(anonymous_40)
FN:649,(anonymous_41)
FNF:33
FNH:0
FNDA:0,(anonymous_9)
FNDA:0,(anonymous_10)
FNDA:0,(anonymous_11)
FNDA:0,(anonymous_12)
FNDA:0,(anonymous_13)
FNDA:0,(anonymous_14)
FNDA:0,(anonymous_15)
FNDA:0,(anonymous_16)
FNDA:0,(anonymous_17)
FNDA:0,(anonymous_18)
FNDA:0,(anonymous_19)
FNDA:0,(anonymous_20)
FNDA:0,(anonymous_21)
FNDA:0,(anonymous_22)
FNDA:0,(anonymous_23)
FNDA:0,(anonymous_24)
FNDA:0,(anonymous_25)
FNDA:0,(anonymous_26)
FNDA:0,(anonymous_27)
FNDA:0,(anonymous_28)
FNDA:0,(anonymous_29)
FNDA:0,(anonymous_30)
FNDA:0,(anonymous_31)
FNDA:0,(anonymous_32)
FNDA:0,(anonymous_33)
FNDA:0,(anonymous_34)
FNDA:0,(anonymous_35)
FNDA:0,(anonymous_36)
FNDA:0,(anonymous_37)
FNDA:0,(anonymous_38)
FNDA:0,(anonymous_39)
FNDA:0,(anonymous_40)
FNDA:0,(anonymous_41)
DA:1,0
DA:2,0
DA:3,0
DA:4,0
DA:63,0
DA:70,0
DA:71,0
DA:72,0
DA:73,0
DA:74,0
DA:76,0
DA:86,0
DA:87,0
DA:89,0
DA:90,0
DA:92,0
DA:98,0
DA:100,0
DA:101,0
DA:104,0
DA:106,0
DA:107,0
DA:109,0
DA:110,0
DA:118,0
DA:120,0
DA:121,0
DA:123,0
DA:124,0
DA:125,0
DA:126,0
DA:128,0
DA:134,0
DA:135,0
DA:136,0
DA:139,0
DA:140,0
DA:141,0
DA:145,0
DA:147,0
DA:149,0
DA:150,0
DA:154,0
DA:157,0
DA:158,0
DA:159,0
DA:163,0
DA:165,0
DA:166,0
DA:170,0
DA:177,0
DA:188,0
DA:189,0
DA:192,0
DA:195,0
DA:198,0
DA:199,0
DA:201,0
DA:208,0
DA:221,0
DA:222,0
DA:224,0
DA:229,0
DA:230,0
DA:232,0
DA:233,0
DA:234,0
DA:235,0
DA:238,0
DA:239,0
DA:240,0
DA:241,0
DA:244,0
DA:245,0
DA:246,0
DA:247,0
DA:250,0
DA:251,0
DA:253,0
DA:254,0
DA:255,0
DA:257,0
DA:258,0
DA:263,0
DA:264,0
DA:265,0
DA:269,0
DA:270,0
DA:271,0
DA:272,0
DA:276,0
DA:277,0
DA:278,0
DA:291,0
DA:293,0
DA:294,0
DA:295,0
DA:297,0
DA:298,0
DA:299,0
DA:300,0
DA:308,0
DA:311,0
DA:318,0
DA:319,0
DA:329,0
DA:330,0
DA:333,0
DA:335,0
DA:336,0
DA:338,0
DA:339,0
DA:340,0
DA:341,0
DA:344,0
DA:345,0
DA:346,0
DA:347,0
DA:350,0
DA:351,0
DA:352,0
DA:354,0
DA:355,0
DA:356,0
DA:357,0
DA:358,0
DA:359,0
DA:360,0
DA:361,0
DA:362,0
DA:363,0
DA:364,0
DA:365,0
DA:366,0
DA:367,0
DA:368,0
DA:369,0
DA:370,0
DA:371,0
DA:372,0
DA:373,0
DA:374,0
DA:375,0
DA:376,0
DA:377,0
DA:378,0
DA:379,0
DA:380,0
DA:381,0
DA:382,0
DA:383,0
DA:385,0
DA:389,0
DA:391,0
DA:398,0
DA:400,0
DA:402,0
DA:403,0
DA:404,0
DA:406,0
DA:407,0
DA:408,0
DA:409,0
DA:414,0
DA:421,0
DA:424,0
DA:425,0
DA:426,0
DA:434,0
DA:436,0
DA:437,0
DA:438,0
DA:439,0
DA:442,0
DA:443,0
DA:444,0
DA:447,0
DA:454,0
DA:455,0
DA:458,0
DA:459,0
DA:462,0
DA:463,0
DA:466,0
DA:467,0
DA:470,0
DA:473,0
DA:480,0
DA:481,0
DA:482,0
DA:483,0
DA:484,0
DA:486,0
DA:493,0
DA:499,0
DA:500,0
DA:501,0
DA:505,0
DA:512,0
DA:515,0
DA:516,0
DA:517,0
DA:520,0
DA:539,0
DA:542,0
DA:544,0
DA:551,0
DA:554,0
DA:555,0
DA:557,0
DA:558,0
DA:559,0
DA:560,0
DA:561,0
DA:562,0
DA:572,0
DA:573,0
DA:574,0
DA:579,0
DA:590,0
DA:597,0
DA:598,0
DA:606,0
DA:607,0
DA:608,0
DA:611,0
DA:619,0
DA:620,0
DA:622,0
DA:623,0
DA:625,0
DA:627,0
DA:628,0
DA:638,0
DA:650,0
LF:235
LH:0
BRDA:69,0,0,0
BRDA:100,1,0,0
BRDA:120,2,0,0
BRDA:120,2,1,0
BRDA:121,3,0,0
BRDA:121,3,1,0
BRDA:125,4,0,0
BRDA:125,4,1,0
BRDA:135,5,0,0
BRDA:140,6,0,0
BRDA:157,7,0,0
BRDA:177,8,0,0
BRDA:177,8,1,0
BRDA:177,8,2,0
BRDA:177,8,3,0
BRDA:188,9,0,0
BRDA:188,9,1,0
BRDA:189,10,0,0
BRDA:189,10,1,0
BRDA:257,11,0,0
BRDA:257,11,1,0
BRDA:276,12,0,0
BRDA:297,13,0,0
BRDA:297,14,0,0
BRDA:297,14,1,0
BRDA:303,15,0,0
BRDA:303,15,1,0
BRDA:319,16,0,0
BRDA:319,16,1,0
BRDA:329,17,0,0
BRDA:329,17,1,0
BRDA:338,18,0,0
BRDA:344,19,0,0
BRDA:400,20,0,0
BRDA:400,20,1,0
BRDA:402,21,0,0
BRDA:402,21,1,0
BRDA:403,22,0,0
BRDA:403,22,1,0
BRDA:406,23,0,0
BRDA:406,23,1,0
BRDA:409,24,0,0
BRDA:409,24,1,0
BRDA:416,25,0,0
BRDA:416,25,1,0
BRDA:437,26,0,0
BRDA:437,27,0,0
BRDA:437,27,1,0
BRDA:442,28,0,0
BRDA:442,29,0,0
BRDA:442,29,1,0
BRDA:454,30,0,0
BRDA:458,31,0,0
BRDA:462,32,0,0
BRDA:466,33,0,0
BRDA:480,34,0,0
BRDA:482,35,0,0
BRDA:482,36,0,0
BRDA:482,36,1,0
BRDA:483,37,0,0
BRDA:483,38,0,0
BRDA:483,38,1,0
BRDA:484,39,0,0
BRDA:484,40,0,0
BRDA:484,40,1,0
BRDA:500,41,0,0
BRDA:501,42,0,0
BRDA:501,42,1,0
BRDA:515,43,0,0
BRDA:515,43,1,0
BRDA:516,44,0,0
BRDA:516,44,1,0
BRDA:517,45,0,0
BRDA:517,45,1,0
BRDA:559,46,0,0
BRDA:561,47,0,0
BRDA:561,48,0,0
BRDA:561,48,1,0
BRDA:561,48,2,0
BRDA:561,48,3,0
BRDA:565,49,0,0
BRDA:565,49,1,0
BRDA:565,50,0,0
BRDA:565,50,1,0
BRDA:574,51,0,0
BRDA:574,51,1,0
BRDA:597,52,0,0
BRDA:607,53,0,0
BRDA:625,54,0,0
BRDA:625,54,1,0
BRF:90
BRH:0
end_of_record
TN:
SF:src/core/gitManager.ts
FN:25,(anonymous_9)
FN:33,(anonymous_10)
FN:108,(anonymous_11)
FN:136,(anonymous_12)
FN:169,(anonymous_13)
FN:183,(anonymous_14)
FN:202,(anonymous_15)
FN:215,(anonymous_16)
FN:237,(anonymous_17)
FN:281,(anonymous_18)
FN:310,(anonymous_19)
FN:319,(anonymous_20)
FN:320,(anonymous_21)
FN:326,(anonymous_22)
FN:327,(anonymous_23)
FN:337,(anonymous_24)
FNF:16
FNH:0
FNDA:0,(anonymous_9)
FNDA:0,(anonymous_10)
FNDA:0,(anonymous_11)
FNDA:0,(anonymous_12)
FNDA:0,(anonymous_13)
FNDA:0,(anonymous_14)
FNDA:0,(anonymous_15)
FNDA:0,(anonymous_16)
FNDA:0,(anonymous_17)
FNDA:0,(anonymous_18)
FNDA:0,(anonymous_19)
FNDA:0,(anonymous_20)
FNDA:0,(anonymous_21)
FNDA:0,(anonymous_22)
FNDA:0,(anonymous_23)
FNDA:0,(anonymous_24)
DA:1,0
DA:2,0
DA:3,0
DA:21,0
DA:26,0
DA:27,0
DA:37,0
DA:38,0
DA:39,0
DA:42,0
DA:43,0
DA:47,0
DA:50,0
DA:53,0
DA:54,0
DA:55,0
DA:57,0
DA:58,0
DA:60,0
DA:61,0
DA:64,0
DA:68,0
DA:69,0
DA:70,0
DA:72,0
DA:76,0
DA:77,0
DA:80,0
DA:82,0
DA:89,0
DA:90,0
DA:92,0
DA:94,0
DA:113,0
DA:114,0
DA:116,0
DA:117,0
DA:119,0
DA:120,0
DA:122,0
DA:142,0
DA:143,0
DA:145,0
DA:146,0
DA:147,0
DA:150,0
DA:152,0
DA:153,0
DA:155,0
DA:174,0
DA:175,0
DA:177,0
DA:183,0
DA:185,0
DA:186,0
DA:188,0
DA:203,0
DA:204,0
DA:205,0
DA:207,0
DA:208,0
DA:216,0
DA:217,0
DA:219,0
DA:221,0
DA:222,0
DA:225,0
DA:226,0
DA:229,0
DA:242,0
DA:243,0
DA:249,0
DA:255,0
DA:261,0
DA:267,0
DA:282,0
DA:283,0
DA:284,0
DA:286,0
DA:293,0
DA:295,0
DA:296,0
DA:298,0
DA:299,0
DA:301,0
DA:315,0
DA:318,0
DA:319,0
DA:320,0
DA:325,0
DA:326,0
DA:327,0
DA:331,0
DA:339,0
DA:344,0
DA:345,0
LF:96
LH:0
BRDA:42,0,0,0
BRDA:53,1,0,0
BRDA:53,2,0,0
BRDA:53,2,1,0
BRDA:60,3,0,0
BRDA:69,4,0,0
BRDA:116,5,0,0
BRDA:116,5,1,0
BRDA:146,6,0,0
BRDA:219,7,0,0
BRDA:221,8,0,0
BRDA:296,9,0,0
BRDA:296,9,1,0
BRDA:296,9,2,0
BRDA:318,10,0,0
BRDA:318,11,0,0
BRDA:318,11,1,0
BRDA:325,12,0,0
BRDA:325,13,0,0
BRDA:325,13,1,0
BRF:20
BRH:0
end_of_record
TN:
SF:src/core/logger.ts
FN:23,(anonymous_1)
FN:42,(anonymous_2)
FN:66,(anonymous_3)
FN:85,(anonymous_4)
FN:92,(anonymous_5)
FN:99,(anonymous_6)
FN:106,(anonymous_7)
FN:113,(anonymous_8)
FN:120,(anonymous_9)
FN:127,(anonymous_10)
FN:135,(anonymous_11)
FN:142,(anonymous_12)
FN:149,(anonymous_13)
FN:156,(anonymous_14)
FN:166,(anonymous_15)
FN:184,(anonymous_16)
FN:191,(anonymous_17)
FN:205,(anonymous_18)
FN:207,(anonymous_19)
FN:216,(anonymous_20)
FN:224,(anonymous_21)
FN:224,(anonymous_22)
FN:227,(anonymous_23)
FN:228,(anonymous_24)
FN:232,(anonymous_25)
FN:233,(anonymous_26)
FN:239,(anonymous_27)
FN:240,(anonymous_28)
FN:248,(anonymous_29)
FN:268,(anonymous_30)
FN:289,(anonymous_31)
FN:318,(anonymous_32)
FN:319,(anonymous_33)
FNF:33
FNH:0
FNDA:0,(anonymous_1)
FNDA:0,(anonymous_2)
FNDA:0,(anonymous_3)
FNDA:0,(anonymous_4)
FNDA:0,(anonymous_5)
FNDA:0,(anonymous_6)
FNDA:0,(anonymous_7)
FNDA:0,(anonymous_8)
FNDA:0,(anonymous_9)
FNDA:0,(anonymous_10)
FNDA:0,(anonymous_11)
FNDA:0,(anonymous_12)
FNDA:0,(anonymous_13)
FNDA:0,(anonymous_14)
FNDA:0,(anonymous_15)
FNDA:0,(anonymous_16)
FNDA:0,(anonymous_17)
FNDA:0,(anonymous_18)
FNDA:0,(anonymous_19)
FNDA:0,(anonymous_20)
FNDA:0,(anonymous_21)
FNDA:0,(anonymous_22)
FNDA:0,(anonymous_23)
FNDA:0,(anonymous_24)
FNDA:0,(anonymous_25)
FNDA:0,(anonymous_26)
FNDA:0,(anonymous_27)
FNDA:0,(anonymous_28)
FNDA:0,(anonymous_29)
FNDA:0,(anonymous_30)
FNDA:0,(anonymous_31)
FNDA:0,(anonymous_32)
FNDA:0,(anonymous_33)
DA:1,0
DA:2,0
DA:3,0
DA:4,0
DA:17,0
DA:24,0
DA:25,0
DA:26,0
DA:34,0
DA:37,0
DA:38,0
DA:43,0
DA:44,0
DA:45,0
DA:46,0
DA:54,0
DA:55,0
DA:56,0
DA:57,0
DA:60,0
DA:67,0
DA:68,0
DA:69,0
DA:76,0
DA:86,0
DA:93,0
DA:100,0
DA:107,0
DA:114,0
DA:121,0
DA:128,0
DA:129,0
DA:136,0
DA:143,0
DA:150,0
DA:157,0
DA:158,0
DA:159,0
DA:160,0
DA:167,0
DA:169,0
DA:171,0
DA:173,0
DA:175,0
DA:177,0
DA:185,0
DA:186,0
DA:189,0
DA:190,0
DA:191,0
DA:193,0
DA:194,0
DA:195,0
DA:199,0
DA:206,0
DA:207,0
DA:208,0
DA:209,0
DA:217,0
DA:218,0
DA:219,0
DA:223,0
DA:224,0
DA:227,0
DA:228,0
DA:232,0
DA:233,0
DA:235,0
DA:236,0
DA:239,0
DA:240,0
DA:241,0
DA:249,0
DA:250,0
DA:251,0
DA:252,0
DA:253,0
DA:255,0
DA:256,0
DA:259,0
DA:260,0
DA:261,0
DA:269,0
DA:270,0
DA:271,0
DA:272,0
DA:273,0
DA:274,0
DA:276,0
DA:277,0
DA:280,0
DA:281,0
DA:282,0
DA:290,0
DA:291,0
DA:292,0
DA:293,0
DA:294,0
DA:295,0
DA:297,0
DA:298,0
DA:301,0
DA:304,0
DA:305,0
DA:306,0
DA:308,0
DA:311,0
DA:319,0
DA:320,0
DA:321,0
DA:323,0
LF:111
LH:0
BRDA:23,0,0,0
BRDA:24,1,0,0
BRDA:24,1,1,0
BRDA:37,2,0,0
BRDA:45,3,0,0
BRDA:45,3,1,0
BRDA:54,4,0,0
BRDA:54,5,0,0
BRDA:54,5,1,0
BRDA:56,6,0,0
BRDA:68,7,0,0
BRDA:68,7,1,0
BRDA:77,8,0,0
BRDA:77,8,1,0
BRDA:167,9,0,0
BRDA:167,9,1,0
BRDA:167,9,2,0
BRDA:167,9,3,0
BRDA:167,9,4,0
BRDA:185,10,0,0
BRDA:217,11,0,0
BRDA:223,12,0,0
BRDA:223,12,1,0
BRDA:224,13,0,0
BRDA:224,13,1,0
BRDA:228,14,0,0
BRDA:228,14,1,0
BRDA:232,15,0,0
BRDA:232,15,1,0
BRDA:233,16,0,0
BRDA:233,16,1,0
BRDA:240,17,0,0
BRDA:240,17,1,0
BRDA:249,18,0,0
BRDA:252,19,0,0
BRDA:252,19,1,0
BRDA:255,20,0,0
BRDA:269,21,0,0
BRDA:271,22,0,0
BRDA:271,22,1,0
BRDA:273,23,0,0
BRDA:273,23,1,0
BRDA:276,24,0,0
BRDA:290,25,0,0
BRDA:292,26,0,0
BRDA:292,26,1,0
BRDA:294,27,0,0
BRDA:294,27,1,0
BRDA:297,28,0,0
BRDA:320,29,0,0
BRF:50
BRH:0
end_of_record
TN:
SF:src/core/resultMapper.ts
FN:71,(anonymous_0)
FN:90,(anonymous_1)
FN:115,(anonymous_2)
FN:139,(anonymous_3)
FN:156,(anonymous_4)
FN:163,(anonymous_5)
FN:195,(anonymous_6)
FN:226,(anonymous_7)
FN:247,(anonymous_8)
FN:323,(anonymous_9)
FN:397,(anonymous_10)
FN:412,(anonymous_11)
FN:470,(anonymous_12)
FN:544,(anonymous_13)
FN:584,(anonymous_14)
FN:604,(anonymous_15)
FNF:16
FNH:0
FNDA:0,(anonymous_0)
FNDA:0,(anonymous_1)
FNDA:0,(anonymous_2)
FNDA:0,(anonymous_3)
FNDA:0,(anonymous_4)
FNDA:0,(anonymous_5)
FNDA:0,(anonymous_6)
FNDA:0,(anonymous_7)
FNDA:0,(anonymous_8)
FNDA:0,(anonymous_9)
FNDA:0,(anonymous_10)
FNDA:0,(anonymous_11)
FNDA:0,(anonymous_12)
FNDA:0,(anonymous_13)
FNDA:0,(anonymous_14)
FNDA:0,(anonymous_15)
DA:66,0
DA:72,0
DA:73,0
DA:74,0
DA:94,0
DA:95,0
DA:96,0
DA:98,0
DA:101,0
DA:104,0
DA:105,0
DA:106,0
DA:108,0
DA:109,0
DA:112,0
DA:113,0
DA:115,0
DA:116,0
DA:119,0
DA:120,0
DA:121,0
DA:127,0
DA:128,0
DA:131,0
DA:139,0
DA:143,0
DA:145,0
DA:147,0
DA:148,0
DA:149,0
DA:160,0
DA:163,0
DA:165,0
DA:166,0
DA:167,0
DA:170,0
DA:171,0
DA:174,0
DA:177,0
DA:178,0
DA:182,0
DA:183,0
DA:186,0
DA:189,0
DA:200,0
DA:202,0
DA:204,0
DA:205,0
DA:206,0
DA:210,0
DA:212,0
DA:213,0
DA:214,0
DA:215,0
DA:220,0
DA:227,0
DA:229,0
DA:230,0
DA:234,0
DA:235,0
DA:238,0
DA:241,0
DA:252,0
DA:254,0
DA:255,0
DA:256,0
DA:259,0
DA:272,0
DA:275,0
DA:276,0
DA:288,0
DA:289,0
DA:290,0
DA:291,0
DA:295,0
DA:296,0
DA:297,0
DA:308,0
DA:328,0
DA:330,0
DA:331,0
DA:333,0
DA:334,0
DA:335,0
DA:337,0
DA:338,0
DA:340,0
DA:341,0
DA:342,0
DA:346,0
DA:359,0
DA:362,0
DA:363,0
DA:364,0
DA:365,0
DA:369,0
DA:370,0
DA:371,0
DA:382,0
DA:398,0
DA:404,0
DA:406,0
DA:413,0
DA:416,0
DA:422,0
DA:423,0
DA:426,0
DA:429,0
DA:430,0
DA:431,0
DA:433,0
DA:434,0
DA:437,0
DA:438,0
DA:442,0
DA:443,0
DA:447,0
DA:450,0
DA:452,0
DA:475,0
DA:477,0
DA:480,0
DA:481,0
DA:484,0
DA:485,0
DA:486,0
DA:490,0
DA:491,0
DA:492,0
DA:493,0
DA:495,0
DA:496,0
DA:499,0
DA:500,0
DA:501,0
DA:505,0
DA:506,0
DA:507,0
DA:508,0
DA:510,0
DA:512,0
DA:513,0
DA:515,0
DA:516,0
DA:518,0
DA:519,0
DA:524,0
DA:525,0
DA:526,0
DA:528,0
DA:545,0
DA:547,0
DA:548,0
DA:549,0
DA:553,0
DA:554,0
DA:555,0
DA:559,0
DA:560,0
DA:562,0
DA:563,0
DA:567,0
DA:568,0
DA:569,0
DA:570,0
DA:574,0
DA:576,0
DA:577,0
DA:585,0
DA:587,0
DA:594,0
DA:595,0
DA:598,0
DA:605,0
LF:174
LH:0
BRDA:92,0,0,0
BRDA:119,1,0,0
BRDA:127,2,0,0
BRDA:127,3,0,0
BRDA:127,3,1,0
BRDA:133,4,0,0
BRDA:133,4,1,0
BRDA:167,5,0,0
BRDA:171,6,0,0
BRDA:178,7,0,0
BRDA:178,7,1,0
BRDA:182,8,0,0
BRDA:202,9,0,0
BRDA:202,9,1,0
BRDA:205,10,0,0
BRDA:214,11,0,0
BRDA:230,12,0,0
BRDA:230,12,1,0
BRDA:234,13,0,0
BRDA:252,14,0,0
BRDA:256,15,0,0
BRDA:260,16,0,0
BRDA:260,16,1,0
BRDA:262,17,0,0
BRDA:262,17,1,0
BRDA:266,18,0,0
BRDA:266,18,1,0
BRDA:266,18,2,0
BRDA:295,19,0,0
BRDA:328,20,0,0
BRDA:331,21,0,0
BRDA:333,22,0,0
BRDA:333,22,1,0
BRDA:334,23,0,0
BRDA:334,23,1,0
BRDA:335,24,0,0
BRDA:335,24,1,0
BRDA:340,25,0,0
BRDA:340,26,0,0
BRDA:340,26,1,0
BRDA:347,27,0,0
BRDA:347,27,1,0
BRDA:369,28,0,0
BRDA:389,29,0,0
BRDA:389,29,1,0
BRDA:406,30,0,0
BRDA:406,30,1,0
BRDA:406,31,0,0
BRDA:406,31,1,0
BRDA:430,32,0,0
BRDA:430,33,0,0
BRDA:430,33,1,0
BRDA:433,34,0,0
BRDA:433,35,0,0
BRDA:433,35,1,0
BRDA:437,36,0,0
BRDA:442,37,0,0
BRDA:442,38,0,0
BRDA:442,38,1,0
BRDA:447,39,0,0
BRDA:447,39,1,0
BRDA:447,40,0,0
BRDA:447,40,1,0
BRDA:484,41,0,0
BRDA:495,42,0,0
BRDA:499,43,0,0
BRDA:505,44,0,0
BRDA:510,45,0,0
BRDA:510,46,0,0
BRDA:510,47,0,0
BRDA:512,48,0,0
BRDA:515,49,0,0
BRDA:518,50,0,0
BRDA:547,51,0,0
BRDA:547,52,0,0
BRDA:547,52,1,0
BRDA:553,53,0,0
BRDA:553,54,0,0
BRDA:553,54,1,0
BRDA:560,55,0,0
BRDA:560,56,0,0
BRDA:560,56,1,0
BRDA:560,56,2,0
BRDA:560,56,3,0
BRDA:568,57,0,0
BRDA:568,58,0,0
BRDA:568,58,1,0
BRDA:594,59,0,0
BRF:88
BRH:0
end_of_record
TN:
SF:src/core/reviewOrchestrator.ts
FN:58,(anonymous_1)
FN:74,(anonymous_2)
FN:184,(anonymous_3)
FN:263,(anonymous_4)
FN:290,(anonymous_5)
FN:301,(anonymous_6)
FN:322,(anonymous_7)
FN:374,(anonymous_8)
FN:388,(anonymous_9)
FN:412,(anonymous_10)
FN:439,(anonymous_11)
FN:463,(anonymous_12)
FN:487,(anonymous_13)
FN:505,(anonymous_14)
FN:579,(anonymous_15)
FN:628,(anonymous_16)
FN:669,(anonymous_17)
FN:709,(anonymous_18)
FN:726,(anonymous_19)
FN:742,(anonymous_20)
FN:752,(anonymous_21)
FN:762,(anonymous_22)
FN:778,(anonymous_23)
FN:779,(anonymous_24)
FN:785,(anonymous_25)
FN:799,(anonymous_26)
FN:800,(anonymous_27)
FN:815,(anonymous_28)
FN:841,(anonymous_29)
FN:909,(anonymous_30)
FN:914,(anonymous_31)
FN:926,(anonymous_32)
FN:947,(anonymous_33)
FN:962,(anonymous_34)
FN:966,(anonymous_35)
FN:967,(anonymous_36)
FN:968,(anonymous_37)
FN:983,(anonymous_38)
FN:988,(anonymous_39)
FN:993,(anonymous_40)
FN:994,(anonymous_41)
FN:995,(anonymous_42)
FN:996,(anonymous_43)
FN:997,(anonymous_44)
FN:1017,(anonymous_45)
FN:1024,(anonymous_46)
FN:1025,(anonymous_47)
FN:1035,(anonymous_48)
FN:1036,(anonymous_49)
FN:1037,(anonymous_50)
FN:1087,(anonymous_51)
FN:1122,(anonymous_52)
FN:1153,(anonymous_53)
FN:1162,(anonymous_54)
FNF:54
FNH:0
FNDA:0,(anonymous_1)
FNDA:0,(anonymous_2)
FNDA:0,(anonymous_3)
FNDA:0,(anonymous_4)
FNDA:0,(anonymous_5)
FNDA:0,(anonymous_6)
FNDA:0,(anonymous_7)
FNDA:0,(anonymous_8)
FNDA:0,(anonymous_9)
FNDA:0,(anonymous_10)
FNDA:0,(anonymous_11)
FNDA:0,(anonymous_12)
FNDA:0,(anonymous_13)
FNDA:0,(anonymous_14)
FNDA:0,(anonymous_15)
FNDA:0,(anonymous_16)
FNDA:0,(anonymous_17)
FNDA:0,(anonymous_18)
FNDA:0,(anonymous_19)
FNDA:0,(anonymous_20)
FNDA:0,(anonymous_21)
FNDA:0,(anonymous_22)
FNDA:0,(anonymous_23)
FNDA:0,(anonymous_24)
FNDA:0,(anonymous_25)
FNDA:0,(anonymous_26)
FNDA:0,(anonymous_27)
FNDA:0,(anonymous_28)
FNDA:0,(anonymous_29)
FNDA:0,(anonymous_30)
FNDA:0,(anonymous_31)
FNDA:0,(anonymous_32)
FNDA:0,(anonymous_33)
FNDA:0,(anonymous_34)
FNDA:0,(anonymous_35)
FNDA:0,(anonymous_36)
FNDA:0,(anonymous_37)
FNDA:0,(anonymous_38)
FNDA:0,(anonymous_39)
FNDA:0,(anonymous_40)
FNDA:0,(anonymous_41)
FNDA:0,(anonymous_42)
FNDA:0,(anonymous_43)
FNDA:0,(anonymous_44)
FNDA:0,(anonymous_45)
FNDA:0,(anonymous_46)
FNDA:0,(anonymous_47)
FNDA:0,(anonymous_48)
FNDA:0,(anonymous_49)
FNDA:0,(anonymous_50)
FNDA:0,(anonymous_51)
FNDA:0,(anonymous_52)
FNDA:0,(anonymous_53)
FNDA:0,(anonymous_54)
DA:1,0
DA:3,0
DA:4,0
DA:5,0
DA:6,0
DA:7,0
DA:8,0
DA:9,0
DA:10,0
DA:11,0
DA:12,0
DA:13,0
DA:14,0
DA:15,0
DA:16,0
DA:17,0
DA:38,0
DA:59,0
DA:60,0
DA:61,0
DA:62,0
DA:63,0
DA:66,0
DA:75,0
DA:78,0
DA:80,0
DA:81,0
DA:82,0
DA:83,0
DA:86,0
DA:87,0
DA:88,0
DA:89,0
DA:92,0
DA:93,0
DA:94,0
DA:95,0
DA:97,0
DA:98,0
DA:101,0
DA:102,0
DA:103,0
DA:104,0
DA:105,0
DA:106,0
DA:109,0
DA:110,0
DA:111,0
DA:112,0
DA:113,0
DA:114,0
DA:117,0
DA:118,0
DA:119,0
DA:120,0
DA:123,0
DA:124,0
DA:125,0
DA:126,0
DA:127,0
DA:128,0
DA:131,0
DA:132,0
DA:133,0
DA:134,0
DA:136,0
DA:138,0
DA:140,0
DA:149,0
DA:151,0
DA:157,0
DA:158,0
DA:167,0
DA:170,0
DA:171,0
DA:172,0
DA:173,0
DA:175,0
DA:185,0
DA:187,0
DA:190,0
DA:191,0
DA:193,0
DA:194,0
DA:195,0
DA:196,0
DA:197,0
DA:198,0
DA:200,0
DA:202,0
DA:203,0
DA:204,0
DA:207,0
DA:208,0
DA:210,0
DA:211,0
DA:212,0
DA:214,0
DA:218,0
DA:223,0
DA:224,0
DA:227,0
DA:235,0
DA:236,0
DA:237,0
DA:238,0
DA:239,0
DA:242,0
DA:243,0
DA:244,0
DA:246,0
DA:247,0
DA:248,0
DA:250,0
DA:252,0
DA:264,0
DA:273,0
DA:276,0
DA:279,0
DA:280,0
DA:281,0
DA:284,0
DA:291,0
DA:292,0
DA:293,0
DA:295,0
DA:302,0
DA:303,0
DA:306,0
DA:308,0
DA:310,0
DA:311,0
DA:313,0
DA:323,0
DA:324,0
DA:327,0
DA:334,0
DA:335,0
DA:339,0
DA:340,0
DA:349,0
DA:350,0
DA:353,0
DA:354,0
DA:360,0
DA:366,0
DA:368,0
DA:375,0
DA:376,0
DA:379,0
DA:389,0
DA:390,0
DA:394,0
DA:396,0
DA:402,0
DA:403,0
DA:406,0
DA:413,0
DA:415,0
DA:416,0
DA:419,0
DA:420,0
DA:421,0
DA:433,0
DA:440,0
DA:441,0
DA:445,0
DA:448,0
DA:457,0
DA:464,0
DA:465,0
DA:468,0
DA:476,0
DA:477,0
DA:481,0
DA:488,0
DA:490,0
DA:499,0
DA:506,0
DA:507,0
DA:508,0
DA:509,0
DA:510,0
DA:512,0
DA:514,0
DA:515,0
DA:516,0
DA:518,0
DA:519,0
DA:522,0
DA:525,0
DA:534,0
DA:535,0
DA:536,0
DA:538,0
DA:541,0
DA:542,0
DA:543,0
DA:547,0
DA:548,0
DA:551,0
DA:552,0
DA:555,0
DA:559,0
DA:560,0
DA:561,0
DA:562,0
DA:563,0
DA:567,0
DA:568,0
DA:572,0
DA:573,0
DA:586,0
DA:588,0
DA:589,0
DA:590,0
DA:591,0
DA:593,0
DA:595,0
DA:596,0
DA:598,0
DA:599,0
DA:608,0
DA:609,0
DA:610,0
DA:613,0
DA:616,0
DA:617,0
DA:622,0
DA:635,0
DA:638,0
DA:639,0
DA:640,0
DA:642,0
DA:651,0
DA:652,0
DA:653,0
DA:656,0
DA:659,0
DA:660,0
DA:661,0
DA:662,0
DA:675,0
DA:677,0
DA:678,0
DA:680,0
DA:681,0
DA:682,0
DA:684,0
DA:685,0
DA:694,0
DA:695,0
DA:696,0
DA:699,0
DA:703,0
DA:710,0
DA:711,0
DA:714,0
DA:715,0
DA:716,0
DA:719,0
DA:720,0
DA:727,0
DA:744,0
DA:745,0
DA:746,0
DA:753,0
DA:754,0
DA:755,0
DA:756,0
DA:763,0
DA:764,0
DA:766,0
DA:779,0
DA:786,0
DA:788,0
DA:800,0
DA:801,0
DA:804,0
DA:816,0
DA:817,0
DA:819,0
DA:820,0
DA:821,0
DA:822,0
DA:824,0
DA:825,0
DA:835,0
DA:842,0
DA:845,0
DA:846,0
DA:848,0
DA:850,0
DA:851,0
DA:852,0
DA:855,0
DA:856,0
DA:866,0
DA:867,0
DA:877,0
DA:878,0
DA:892,0
DA:893,0
DA:903,0
DA:911,0
DA:912,0
DA:914,0
DA:915,0
DA:918,0
DA:920,0
DA:927,0
DA:928,0
DA:929,0
DA:933,0
DA:935,0
DA:936,0
DA:937,0
DA:941,0
DA:948,0
DA:949,0
DA:952,0
DA:953,0
DA:954,0
DA:958,0
DA:962,0
DA:966,0
DA:967,0
DA:968,0
DA:972,0
DA:975,0
DA:977,0
DA:984,0
DA:985,0
DA:988,0
DA:991,0
DA:993,0
DA:994,0
DA:995,0
DA:996,0
DA:997,0
DA:1004,0
DA:1005,0
DA:1007,0
DA:1018,0
DA:1019,0
DA:1024,0
DA:1025,0
DA:1026,0
DA:1030,0
DA:1031,0
DA:1032,0
DA:1034,0
DA:1035,0
DA:1036,0
DA:1037,0
DA:1040,0
DA:1041,0
DA:1042,0
DA:1044,0
DA:1045,0
DA:1046,0
DA:1047,0
DA:1048,0
DA:1050,0
DA:1052,0
DA:1055,0
DA:1056,0
DA:1060,0
DA:1065,0
DA:1066,0
DA:1067,0
DA:1072,0
DA:1073,0
DA:1076,0
DA:1077,0
DA:1080,0
DA:1088,0
DA:1090,0
DA:1092,0
DA:1093,0
DA:1094,0
DA:1096,0
DA:1099,0
DA:1100,0
DA:1101,0
DA:1102,0
DA:1105,0
DA:1107,0
DA:1108,0
DA:1109,0
DA:1111,0
DA:1115,0
DA:1116,0
DA:1123,0
DA:1124,0
DA:1125,0
DA:1129,0
DA:1132,0
DA:1135,0
DA:1136,0
DA:1137,0
DA:1138,0
DA:1140,0
DA:1144,0
DA:1146,0
DA:1148,0
DA:1149,0
DA:1154,0
DA:1155,0
DA:1156,0
DA:1159,0
DA:1160,0
DA:1162,0
LF:413
LH:0
BRDA:157,0,0,0
BRDA:170,1,0,0
BRDA:170,2,0,0
BRDA:170,2,1,0
BRDA:193,3,0,0
BRDA:193,3,1,0
BRDA:193,4,0,0
BRDA:193,4,1,0
BRDA:195,5,0,0
BRDA:195,5,1,0
BRDA:202,6,0,0
BRDA:203,7,0,0
BRDA:203,7,1,0
BRDA:204,8,0,0
BRDA:204,8,1,0
BRDA:207,9,0,0
BRDA:207,9,1,0
BRDA:208,10,0,0
BRDA:208,10,1,0
BRDA:211,11,0,0
BRDA:211,11,1,0
BRDA:231,12,0,0
BRDA:231,12,1,0
BRDA:255,13,0,0
BRDA:255,13,1,0
BRDA:268,14,0,0
BRDA:268,14,1,0
BRDA:280,15,0,0
BRDA:292,16,0,0
BRDA:292,17,0,0
BRDA:292,17,1,0
BRDA:302,18,0,0
BRDA:308,19,0,0
BRDA:308,19,1,0
BRDA:323,20,0,0
BRDA:323,21,0,0
BRDA:323,21,1,0
BRDA:323,21,2,0
BRDA:331,22,0,0
BRDA:331,22,1,0
BRDA:334,23,0,0
BRDA:356,24,0,0
BRDA:356,24,1,0
BRDA:375,25,0,0
BRDA:389,26,0,0
BRDA:402,27,0,0
BRDA:415,28,0,0
BRDA:415,29,0,0
BRDA:415,29,1,0
BRDA:440,30,0,0
BRDA:445,31,0,0
BRDA:445,31,1,0
BRDA:449,32,0,0
BRDA:449,32,1,0
BRDA:464,33,0,0
BRDA:470,34,0,0
BRDA:470,34,1,0
BRDA:476,35,0,0
BRDA:476,36,0,0
BRDA:476,36,1,0
BRDA:476,36,2,0
BRDA:541,37,0,0
BRDA:551,38,0,0
BRDA:551,38,1,0
BRDA:559,39,0,0
BRDA:567,40,0,0
BRDA:616,41,0,0
BRDA:616,42,0,0
BRDA:616,42,1,0
BRDA:763,43,0,0
BRDA:763,43,1,0
BRDA:764,44,0,0
BRDA:764,44,1,0
BRDA:767,45,0,0
BRDA:767,45,1,0
BRDA:767,45,2,0
BRDA:767,45,3,0
BRDA:767,45,4,0
BRDA:801,46,0,0
BRDA:801,46,1,0
BRDA:821,47,0,0
BRDA:821,47,1,0
BRDA:824,48,0,0
BRDA:846,49,0,0
BRDA:846,50,0,0
BRDA:846,50,1,0
BRDA:855,51,0,0
BRDA:855,52,0,0
BRDA:855,52,1,0
BRDA:866,53,0,0
BRDA:866,54,0,0
BRDA:866,54,1,0
BRDA:877,55,0,0
BRDA:892,56,0,0
BRDA:896,57,0,0
BRDA:896,57,1,0
BRDA:927,58,0,0
BRDA:935,59,0,0
BRDA:948,60,0,0
BRDA:948,61,0,0
BRDA:948,61,1,0
BRDA:952,62,0,0
BRDA:984,63,0,0
BRDA:984,64,0,0
BRDA:984,64,1,0
BRDA:1004,65,0,0
BRDA:1004,65,1,0
BRDA:1040,66,0,0
BRDA:1041,67,0,0
BRDA:1042,68,0,0
BRDA:1052,69,0,0
BRDA:1052,69,1,0
BRDA:1052,69,2,0
BRDA:1052,69,3,0
BRDA:1052,69,4,0
BRDA:1052,69,5,0
BRDA:1052,69,6,0
BRDA:1052,69,7,0
BRDA:1052,69,8,0
BRDA:1052,69,9,0
BRDA:1052,69,10,0
BRDA:1094,70,0,0
BRDA:1096,71,0,0
BRDA:1096,71,1,0
BRDA:1097,72,0,0
BRDA:1097,72,1,0
BRDA:1101,73,0,0
BRDA:1107,74,0,0
BRDA:1107,74,1,0
BRDA:1107,75,0,0
BRDA:1107,75,1,0
BRDA:1124,76,0,0
BRDA:1135,77,0,0
BRDA:1135,77,1,0
BRDA:1135,78,0,0
BRDA:1135,78,1,0
BRDA:1137,79,0,0
BRDA:1137,79,1,0
BRDA:1137,80,0,0
BRDA:1137,80,1,0
BRDA:1154,81,0,0
BRDA:1159,82,0,0
BRDA:1159,82,1,0
BRDA:1167,83,0,0
BRDA:1167,83,1,0
BRF:145
BRH:0
end_of_record
TN:
SF:src/core/reviewPlanner.ts
FN:49,(anonymous_0)
FN:103,(anonymous_1)
FN:128,(anonymous_2)
FN:169,(anonymous_3)
FN:171,(anonymous_4)
FN:205,(anonymous_5)
FN:215,(anonymous_6)
FN:232,(anonymous_7)
FN:233,(anonymous_8)
FN:248,(anonymous_9)
FN:274,(anonymous_10)
FN:308,(anonymous_11)
FN:317,(anonymous_12)
FN:328,(anonymous_13)
FN:371,(anonymous_14)
FN:398,(anonymous_15)
FN:411,(anonymous_16)
FN:423,(anonymous_17)
FN:444,(anonymous_18)
FN:489,(anonymous_19)
FN:547,(anonymous_20)
FN:552,(anonymous_21)
FN:567,(anonymous_22)
FN:585,(anonymous_23)
FN:629,(anonymous_24)
FN:647,(anonymous_25)
FN:648,(anonymous_26)
FN:656,(anonymous_27)
FN:670,(anonymous_28)
FN:671,(anonymous_29)
FN:680,(anonymous_30)
FN:691,(anonymous_31)
FN:700,(anonymous_32)
FN:712,(anonymous_33)
FN:714,(anonymous_34)
FN:728,(anonymous_35)
FN:729,(anonymous_36)
FN:735,(anonymous_37)
FN:747,(anonymous_38)
FN:749,(anonymous_39)
FN:759,(anonymous_40)
FN:773,(anonymous_41)
FN:785,(anonymous_42)
FNF:43
FNH:0
FNDA:0,(anonymous_0)
FNDA:0,(anonymous_1)
FNDA:0,(anonymous_2)
FNDA:0,(anonymous_3)
FNDA:0,(anonymous_4)
FNDA:0,(anonymous_5)
FNDA:0,(anonymous_6)
FNDA:0,(anonymous_7)
FNDA:0,(anonymous_8)
FNDA:0,(anonymous_9)
FNDA:0,(anonymous_10)
FNDA:0,(anonymous_11)
FNDA:0,(anonymous_12)
FNDA:0,(anonymous_13)
FNDA:0,(anonymous_14)
FNDA:0,(anonymous_15)
FNDA:0,(anonymous_16)
FNDA:0,(anonymous_17)
FNDA:0,(anonymous_18)
FNDA:0,(anonymous_19)
FNDA:0,(anonymous_20)
FNDA:0,(anonymous_21)
FNDA:0,(anonymous_22)
FNDA:0,(anonymous_23)
FNDA:0,(anonymous_24)
FNDA:0,(anonymous_25)
FNDA:0,(anonymous_26)
FNDA:0,(anonymous_27)
FNDA:0,(anonymous_28)
FNDA:0,(anonymous_29)
FNDA:0,(anonymous_30)
FNDA:0,(anonymous_31)
FNDA:0,(anonymous_32)
FNDA:0,(anonymous_33)
FNDA:0,(anonymous_34)
FNDA:0,(anonymous_35)
FNDA:0,(anonymous_36)
FNDA:0,(anonymous_37)
FNDA:0,(anonymous_38)
FNDA:0,(anonymous_39)
FNDA:0,(anonymous_40)
FNDA:0,(anonymous_41)
FNDA:0,(anonymous_42)
DA:44,0
DA:50,0
DA:51,0
DA:54,0
DA:107,0
DA:108,0
DA:118,0
DA:121,0
DA:123,0
DA:124,0
DA:128,0
DA:129,0
DA:130,0
DA:133,0
DA:136,0
DA:146,0
DA:155,0
DA:157,0
DA:159,0
DA:170,0
DA:171,0
DA:172,0
DA:175,0
DA:176,0
DA:177,0
DA:181,0
DA:182,0
DA:183,0
DA:187,0
DA:188,0
DA:189,0
DA:193,0
DA:194,0
DA:195,0
DA:199,0
DA:200,0
DA:201,0
DA:205,0
DA:206,0
DA:209,0
DA:210,0
DA:211,0
DA:215,0
DA:216,0
DA:217,0
DA:220,0
DA:221,0
DA:222,0
DA:225,0
DA:226,0
DA:233,0
DA:235,0
DA:258,0
DA:260,0
DA:262,0
DA:264,0
DA:267,0
DA:283,0
DA:286,0
DA:288,0
DA:290,0
DA:292,0
DA:298,0
DA:299,0
DA:302,0
DA:317,0
DA:318,0
DA:321,0
DA:337,0
DA:338,0
DA:341,0
DA:344,0
DA:345,0
DA:346,0
DA:347,0
DA:351,0
DA:354,0
DA:355,0
DA:361,0
DA:362,0
DA:365,0
DA:381,0
DA:388,0
DA:399,0
DA:401,0
DA:402,0
DA:403,0
DA:404,0
DA:406,0
DA:410,0
DA:411,0
DA:412,0
DA:413,0
DA:417,0
DA:424,0
DA:425,0
DA:428,0
DA:429,0
DA:433,0
DA:434,0
DA:438,0
DA:454,0
DA:457,0
DA:459,0
DA:465,0
DA:467,0
DA:473,0
DA:476,0
DA:479,0
DA:498,0
DA:500,0
DA:501,0
DA:502,0
DA:503,0
DA:505,0
DA:506,0
DA:508,0
DA:512,0
DA:514,0
DA:521,0
DA:522,0
DA:523,0
DA:524,0
DA:526,0
DA:527,0
DA:528,0
DA:533,0
DA:534,0
DA:541,0
DA:552,0
DA:554,0
DA:568,0
DA:570,0
DA:571,0
DA:573,0
DA:574,0
DA:576,0
DA:579,0
DA:586,0
DA:587,0
DA:590,0
DA:591,0
DA:594,0
DA:595,0
DA:598,0
DA:600,0
DA:603,0
DA:606,0
DA:608,0
DA:610,0
DA:614,0
DA:616,0
DA:620,0
DA:622,0
DA:630,0
DA:631,0
DA:633,0
DA:634,0
DA:635,0
DA:637,0
DA:641,0
DA:648,0
DA:649,0
DA:652,0
DA:653,0
DA:656,0
DA:657,0
DA:660,0
DA:661,0
DA:664,0
DA:671,0
DA:672,0
DA:674,0
DA:685,0
DA:697,0
DA:699,0
DA:700,0
DA:701,0
DA:702,0
DA:706,0
DA:714,0
DA:715,0
DA:721,0
DA:729,0
DA:737,0
DA:738,0
DA:739,0
DA:741,0
DA:749,0
DA:750,0
DA:751,0
DA:752,0
DA:760,0
DA:774,0
DA:775,0
DA:778,0
DA:779,0
DA:786,0
DA:787,0
LF:199
LH:0
BRDA:105,0,0,0
BRDA:111,1,0,0
BRDA:112,2,0,0
BRDA:113,3,0,0
BRDA:114,4,0,0
BRDA:115,5,0,0
BRDA:116,6,0,0
BRDA:123,7,0,0
BRDA:133,8,0,0
BRDA:133,8,1,0
BRDA:136,9,0,0
BRDA:136,9,1,0
BRDA:175,10,0,0
BRDA:181,11,0,0
BRDA:187,12,0,0
BRDA:193,13,0,0
BRDA:199,14,0,0
BRDA:209,15,0,0
BRDA:209,16,0,0
BRDA:209,16,1,0
BRDA:217,17,0,0
BRDA:217,17,1,0
BRDA:220,18,0,0
BRDA:260,19,0,0
BRDA:260,19,1,0
BRDA:260,19,2,0
BRDA:260,19,3,0
BRDA:344,20,0,0
BRDA:403,21,0,0
BRDA:412,22,0,0
BRDA:425,23,0,0
BRDA:425,23,1,0
BRDA:428,24,0,0
BRDA:428,25,0,0
BRDA:428,25,1,0
BRDA:433,26,0,0
BRDA:433,27,0,0
BRDA:433,27,1,0
BRDA:457,28,0,0
BRDA:457,28,1,0
BRDA:457,28,2,0
BRDA:508,29,0,0
BRDA:508,29,1,0
BRDA:508,29,2,0
BRDA:512,30,0,0
BRDA:512,30,1,0
BRDA:512,31,0,0
BRDA:512,31,1,0
BRDA:533,32,0,0
BRDA:573,33,0,0
BRDA:586,34,0,0
BRDA:590,35,0,0
BRDA:594,36,0,0
BRDA:600,37,0,0
BRDA:600,37,1,0
BRDA:600,37,2,0
BRDA:600,37,3,0
BRDA:600,37,4,0
BRDA:600,37,5,0
BRDA:600,37,6,0
BRDA:600,37,7,0
BRDA:600,37,8,0
BRDA:600,37,9,0
BRDA:600,37,10,0
BRDA:600,37,11,0
BRDA:600,37,12,0
BRDA:600,37,13,0
BRDA:634,38,0,0
BRDA:634,38,1,0
BRDA:652,39,0,0
BRDA:660,40,0,0
BRDA:699,41,0,0
BRDA:699,42,0,0
BRDA:699,42,1,0
BRDA:702,43,0,0
BRDA:702,43,1,0
BRDA:774,44,0,0
BRF:77
BRH:0
end_of_record
TN:
SF:src/core/rulesLoader.ts
FN:46,(anonymous_9)
FN:54,(anonymous_10)
FN:75,(anonymous_11)
FN:77,(anonymous_12)
FN:77,(anonymous_13)
FN:105,(anonymous_14)
FN:129,(anonymous_15)
FN:158,(anonymous_16)
FN:178,(anonymous_17)
FN:211,(anonymous_18)
FN:232,(anonymous_19)
FN:253,(anonymous_20)
FN:273,(anonymous_21)
FN:293,(anonymous_22)
FN:343,(anonymous_23)
FN:371,(anonymous_24)
FN:384,(anonymous_25)
FN:400,(anonymous_26)
FN:424,(anonymous_27)
FN:458,(anonymous_28)
FN:466,(anonymous_29)
FN:478,(anonymous_30)
FN:482,(anonymous_31)
FN:486,(anonymous_32)
FN:490,(anonymous_33)
FN:492,(anonymous_34)
FN:505,(anonymous_35)
FNF:27
FNH:0
FNDA:0,(anonymous_9)
FNDA:0,(anonymous_10)
FNDA:0,(anonymous_11)
FNDA:0,(anonymous_12)
FNDA:0,(anonymous_13)
FNDA:0,(anonymous_14)
FNDA:0,(anonymous_15)
FNDA:0,(anonymous_16)
FNDA:0,(anonymous_17)
FNDA:0,(anonymous_18)
FNDA:0,(anonymous_19)
FNDA:0,(anonymous_20)
FNDA:0,(anonymous_21)
FNDA:0,(anonymous_22)
FNDA:0,(anonymous_23)
FNDA:0,(anonymous_24)
FNDA:0,(anonymous_25)
FNDA:0,(anonymous_26)
FNDA:0,(anonymous_27)
FNDA:0,(anonymous_28)
FNDA:0,(anonymous_29)
FNDA:0,(anonymous_30)
FNDA:0,(anonymous_31)
FNDA:0,(anonymous_32)
FNDA:0,(anonymous_33)
FNDA:0,(anonymous_34)
FNDA:0,(anonymous_35)
DA:1,0
DA:2,0
DA:3,0
DA:4,0
DA:42,0
DA:47,0
DA:48,0
DA:58,0
DA:59,0
DA:61,0
DA:62,0
DA:65,0
DA:66,0
DA:70,0
DA:71,0
DA:75,0
DA:76,0
DA:77,0
DA:81,0
DA:83,0
DA:90,0
DA:110,0
DA:113,0
DA:114,0
DA:115,0
DA:117,0
DA:118,0
DA:122,0
DA:134,0
DA:135,0
DA:136,0
DA:137,0
DA:140,0
DA:142,0
DA:144,0
DA:147,0
DA:150,0
DA:163,0
DA:165,0
DA:166,0
DA:167,0
DA:169,0
DA:170,0
DA:183,0
DA:184,0
DA:186,0
DA:188,0
DA:191,0
DA:192,0
DA:194,0
DA:195,0
DA:197,0
DA:198,0
DA:200,0
DA:201,0
DA:203,0
DA:204,0
DA:216,0
DA:217,0
DA:218,0
DA:220,0
DA:221,0
DA:222,0
DA:225,0
DA:237,0
DA:238,0
DA:239,0
DA:241,0
DA:242,0
DA:243,0
DA:246,0
DA:258,0
DA:260,0
DA:267,0
DA:278,0
DA:280,0
DA:287,0
DA:294,0
DA:295,0
DA:296,0
DA:300,0
DA:301,0
DA:302,0
DA:303,0
DA:304,0
DA:306,0
DA:308,0
DA:309,0
DA:311,0
DA:312,0
DA:313,0
DA:314,0
DA:315,0
DA:317,0
DA:318,0
DA:322,0
DA:324,0
DA:325,0
DA:326,0
DA:327,0
DA:331,0
DA:344,0
DA:345,0
DA:346,0
DA:350,0
DA:351,0
DA:352,0
DA:355,0
DA:372,0
DA:373,0
DA:374,0
DA:375,0
DA:378,0
DA:385,0
DA:387,0
DA:388,0
DA:389,0
DA:390,0
DA:394,0
DA:401,0
DA:425,0
DA:426,0
DA:433,0
DA:434,0
DA:437,0
DA:438,0
DA:441,0
DA:442,0
DA:443,0
DA:444,0
DA:445,0
DA:447,0
DA:452,0
DA:458,0
DA:475,0
DA:477,0
DA:478,0
DA:481,0
DA:482,0
DA:485,0
DA:486,0
DA:489,0
DA:490,0
DA:491,0
DA:492,0
DA:496,0
DA:506,0
DA:508,0
DA:515,0
LF:149
LH:0
BRDA:70,0,0,0
BRDA:113,1,0,0
BRDA:113,1,1,0
BRDA:113,2,0,0
BRDA:113,2,1,0
BRDA:135,3,0,0
BRDA:142,4,0,0
BRDA:142,4,1,0
BRDA:169,5,0,0
BRDA:188,6,0,0
BRDA:188,6,1,0
BRDA:188,6,2,0
BRDA:188,6,3,0
BRDA:188,6,4,0
BRDA:188,6,5,0
BRDA:220,7,0,0
BRDA:241,8,0,0
BRDA:258,9,0,0
BRDA:258,9,1,0
BRDA:294,10,0,0
BRDA:294,11,0,0
BRDA:294,11,1,0
BRDA:306,12,0,0
BRDA:306,12,1,0
BRDA:309,13,0,0
BRDA:309,13,1,0
BRDA:309,14,0,0
BRDA:309,14,1,0
BRDA:312,15,0,0
BRDA:312,15,1,0
BRDA:313,16,0,0
BRDA:313,16,1,0
BRDA:314,17,0,0
BRDA:314,17,1,0
BRDA:315,18,0,0
BRDA:315,18,1,0
BRDA:326,19,0,0
BRDA:344,20,0,0
BRDA:344,21,0,0
BRDA:344,21,1,0
BRDA:350,22,0,0
BRDA:350,23,0,0
BRDA:350,23,1,0
BRDA:358,24,0,0
BRDA:358,24,1,0
BRDA:360,25,0,0
BRDA:360,25,1,0
BRDA:362,26,0,0
BRDA:362,26,1,0
BRDA:372,27,0,0
BRDA:374,28,0,0
BRDA:374,29,0,0
BRDA:374,29,1,0
BRDA:374,29,2,0
BRDA:389,30,0,0
BRDA:425,31,0,0
BRDA:433,32,0,0
BRDA:443,33,0,0
BRDA:443,33,1,0
BRDA:477,34,0,0
BRDA:481,35,0,0
BRDA:481,36,0,0
BRDA:481,36,1,0
BRDA:485,37,0,0
BRDA:485,38,0,0
BRDA:485,38,1,0
BRDA:489,39,0,0
BRDA:489,40,0,0
BRDA:489,40,1,0
BRDA:491,41,0,0
BRF:70
BRH:0
end_of_record
TN:
SF:src/core/statusReporter.ts
FN:61,(anonymous_0)
FN:79,(anonymous_1)
FN:119,(anonymous_2)
FN:162,(anonymous_3)
FN:205,(anonymous_4)
FN:248,(anonymous_5)
FN:257,(anonymous_6)
FN:279,(anonymous_7)
FN:287,(anonymous_8)
FN:300,(anonymous_9)
FN:318,(anonymous_10)
FN:334,(anonymous_11)
FN:353,(anonymous_12)
FN:376,(anonymous_13)
FN:395,(anonymous_14)
FN:406,(anonymous_15)
FN:424,(anonymous_16)
FN:460,(anonymous_17)
FN:476,(anonymous_18)
FN:482,(anonymous_19)
FN:483,(anonymous_20)
FN:489,(anonymous_21)
FN:498,(anonymous_22)
FN:499,(anonymous_23)
FN:500,(anonymous_24)
FN:501,(anonymous_25)
FN:515,(anonymous_26)
FN:523,(anonymous_27)
FN:530,(anonymous_28)
FN:566,(anonymous_29)
FNF:30
FNH:0
FNDA:0,(anonymous_0)
FNDA:0,(anonymous_1)
FNDA:0,(anonymous_2)
FNDA:0,(anonymous_3)
FNDA:0,(anonymous_4)
FNDA:0,(anonymous_5)
FNDA:0,(anonymous_6)
FNDA:0,(anonymous_7)
FNDA:0,(anonymous_8)
FNDA:0,(anonymous_9)
FNDA:0,(anonymous_10)
FNDA:0,(anonymous_11)
FNDA:0,(anonymous_12)
FNDA:0,(anonymous_13)
FNDA:0,(anonymous_14)
FNDA:0,(anonymous_15)
FNDA:0,(anonymous_16)
FNDA:0,(anonymous_17)
FNDA:0,(anonymous_18)
FNDA:0,(anonymous_19)
FNDA:0,(anonymous_20)
FNDA:0,(anonymous_21)
FNDA:0,(anonymous_22)
FNDA:0,(anonymous_23)
FNDA:0,(anonymous_24)
FNDA:0,(anonymous_25)
FNDA:0,(anonymous_26)
FNDA:0,(anonymous_27)
FNDA:0,(anonymous_28)
FNDA:0,(anonymous_29)
DA:55,0
DA:62,0
DA:63,0
DA:64,0
DA:65,0
DA:83,0
DA:85,0
DA:86,0
DA:87,0
DA:90,0
DA:91,0
DA:93,0
DA:104,0
DA:106,0
DA:107,0
DA:110,0
DA:112,0
DA:124,0
DA:126,0
DA:127,0
DA:128,0
DA:131,0
DA:132,0
DA:134,0
DA:136,0
DA:147,0
DA:149,0
DA:150,0
DA:153,0
DA:155,0
DA:167,0
DA:169,0
DA:170,0
DA:171,0
DA:174,0
DA:175,0
DA:177,0
DA:179,0
DA:190,0
DA:192,0
DA:193,0
DA:196,0
DA:198,0
DA:210,0
DA:212,0
DA:213,0
DA:214,0
DA:217,0
DA:218,0
DA:220,0
DA:222,0
DA:233,0
DA:235,0
DA:236,0
DA:239,0
DA:241,0
DA:252,0
DA:253,0
DA:255,0
DA:257,0
DA:269,0
DA:284,0
DA:285,0
DA:287,0
DA:288,0
DA:292,0
DA:293,0
DA:305,0
DA:307,0
DA:308,0
DA:314,0
DA:315,0
DA:317,0
DA:318,0
DA:324,0
DA:333,0
DA:334,0
DA:340,0
DA:346,0
DA:354,0
DA:356,0
DA:357,0
DA:359,0
DA:360,0
DA:361,0
DA:362,0
DA:363,0
DA:365,0
DA:368,0
DA:370,0
DA:377,0
DA:379,0
DA:380,0
DA:383,0
DA:384,0
DA:387,0
DA:389,0
DA:396,0
DA:397,0
DA:400,0
DA:411,0
DA:412,0
DA:414,0
DA:432,0
DA:433,0
DA:434,0
DA:436,0
DA:438,0
DA:439,0
DA:443,0
DA:444,0
DA:447,0
DA:448,0
DA:450,0
DA:454,0
DA:461,0
DA:464,0
DA:476,0
DA:483,0
DA:496,0
DA:498,0
DA:499,0
DA:500,0
DA:501,0
DA:509,0
DA:517,0
DA:524,0
DA:531,0
DA:533,0
DA:534,0
DA:537,0
DA:538,0
DA:541,0
DA:542,0
DA:545,0
DA:546,0
DA:549,0
DA:550,0
DA:553,0
DA:554,0
DA:557,0
DA:567,0
DA:568,0
DA:569,0
DA:571,0
LF:145
LH:0
BRDA:81,0,0,0
BRDA:85,1,0,0
BRDA:100,2,0,0
BRDA:100,2,1,0
BRDA:101,3,0,0
BRDA:101,3,1,0
BRDA:106,4,0,0
BRDA:122,5,0,0
BRDA:126,6,0,0
BRDA:143,7,0,0
BRDA:143,7,1,0
BRDA:144,8,0,0
BRDA:144,8,1,0
BRDA:149,9,0,0
BRDA:165,10,0,0
BRDA:169,11,0,0
BRDA:186,12,0,0
BRDA:186,12,1,0
BRDA:187,13,0,0
BRDA:187,13,1,0
BRDA:192,14,0,0
BRDA:208,15,0,0
BRDA:212,16,0,0
BRDA:229,17,0,0
BRDA:229,17,1,0
BRDA:230,18,0,0
BRDA:230,18,1,0
BRDA:235,19,0,0
BRDA:288,20,0,0
BRDA:288,20,1,0
BRDA:288,20,2,0
BRDA:307,21,0,0
BRDA:314,22,0,0
BRDA:326,23,0,0
BRDA:326,23,1,0
BRDA:342,24,0,0
BRDA:342,24,1,0
BRDA:356,25,0,0
BRDA:356,25,1,0
BRDA:360,26,0,0
BRDA:361,27,0,0
BRDA:362,28,0,0
BRDA:363,29,0,0
BRDA:379,30,0,0
BRDA:383,31,0,0
BRDA:396,32,0,0
BRDA:438,33,0,0
BRDA:443,34,0,0
BRDA:494,35,0,0
BRDA:517,36,0,0
BRDA:517,36,1,0
BRDA:533,37,0,0
BRDA:533,38,0,0
BRDA:533,38,1,0
BRDA:537,39,0,0
BRDA:537,40,0,0
BRDA:537,40,1,0
BRDA:541,41,0,0
BRDA:541,42,0,0
BRDA:541,42,1,0
BRDA:545,43,0,0
BRDA:545,44,0,0
BRDA:545,44,1,0
BRDA:549,45,0,0
BRDA:549,46,0,0
BRDA:549,46,1,0
BRDA:549,46,2,0
BRDA:553,47,0,0
BRDA:553,48,0,0
BRDA:553,48,1,0
BRDA:553,48,2,0
BRF:71
BRH:0
end_of_record
TN:
SF:src/core/workspace.ts
FN:51,(anonymous_1)
FN:86,(anonymous_2)
FN:126,(anonymous_3)
FN:133,(anonymous_4)
FN:146,(anonymous_5)
FN:160,(anonymous_6)
FN:193,(anonymous_7)
FN:215,(anonymous_8)
FN:232,(anonymous_9)
FN:246,(anonymous_10)
FN:264,(anonymous_11)
FN:271,(anonymous_12)
FN:272,(anonymous_13)
FN:274,(anonymous_14)
FN:275,(anonymous_15)
FN:297,(anonymous_16)
FN:362,(anonymous_17)
FN:369,(anonymous_18)
FN:392,(anonymous_19)
FN:412,(anonymous_20)
FN:420,(anonymous_21)
FN:434,(anonymous_22)
FN:446,(anonymous_23)
FN:480,(anonymous_24)
FN:520,(anonymous_25)
FN:536,(anonymous_26)
FN:537,(anonymous_27)
FN:548,(anonymous_28)
FN:561,(anonymous_29)
FN:566,(anonymous_30)
FN:571,(anonymous_31)
FN:579,(anonymous_32)
FN:591,(anonymous_33)
FNF:33
FNH:0
FNDA:0,(anonymous_1)
FNDA:0,(anonymous_2)
FNDA:0,(anonymous_3)
FNDA:0,(anonymous_4)
FNDA:0,(anonymous_5)
FNDA:0,(anonymous_6)
FNDA:0,(anonymous_7)
FNDA:0,(anonymous_8)
FNDA:0,(anonymous_9)
FNDA:0,(anonymous_10)
FNDA:0,(anonymous_11)
FNDA:0,(anonymous_12)
FNDA:0,(anonymous_13)
FNDA:0,(anonymous_14)
FNDA:0,(anonymous_15)
FNDA:0,(anonymous_16)
FNDA:0,(anonymous_17)
FNDA:0,(anonymous_18)
FNDA:0,(anonymous_19)
FNDA:0,(anonymous_20)
FNDA:0,(anonymous_21)
FNDA:0,(anonymous_22)
FNDA:0,(anonymous_23)
FNDA:0,(anonymous_24)
FNDA:0,(anonymous_25)
FNDA:0,(anonymous_26)
FNDA:0,(anonymous_27)
FNDA:0,(anonymous_28)
FNDA:0,(anonymous_29)
FNDA:0,(anonymous_30)
FNDA:0,(anonymous_31)
FNDA:0,(anonymous_32)
FNDA:0,(anonymous_33)
DA:1,0
DA:2,0
DA:3,0
DA:42,0
DA:45,0
DA:47,0
DA:48,0
DA:49,0
DA:52,0
DA:53,0
DA:54,0
DA:78,0
DA:79,0
DA:87,0
DA:88,0
DA:89,0
DA:90,0
DA:94,0
DA:95,0
DA:96,0
DA:97,0
DA:100,0
DA:101,0
DA:104,0
DA:105,0
DA:106,0
DA:107,0
DA:108,0
DA:109,0
DA:113,0
DA:114,0
DA:116,0
DA:127,0
DA:134,0
DA:135,0
DA:140,0
DA:147,0
DA:148,0
DA:149,0
DA:151,0
DA:152,0
DA:161,0
DA:162,0
DA:163,0
DA:166,0
DA:169,0
DA:170,0
DA:173,0
DA:174,0
DA:177,0
DA:178,0
DA:180,0
DA:181,0
DA:183,0
DA:194,0
DA:195,0
DA:196,0
DA:199,0
DA:200,0
DA:202,0
DA:203,0
DA:205,0
DA:216,0
DA:217,0
DA:218,0
DA:221,0
DA:222,0
DA:223,0
DA:225,0
DA:233,0
DA:234,0
DA:235,0
DA:238,0
DA:240,0
DA:241,0
DA:244,0
DA:246,0
DA:254,0
DA:265,0
DA:266,0
DA:267,0
DA:270,0
DA:271,0
DA:272,0
DA:273,0
DA:274,0
DA:275,0
DA:277,0
DA:279,0
DA:287,0
DA:298,0
DA:306,0
DA:307,0
DA:308,0
DA:309,0
DA:312,0
DA:315,0
DA:316,0
DA:317,0
DA:321,0
DA:322,0
DA:323,0
DA:325,0
DA:330,0
DA:331,0
DA:332,0
DA:333,0
DA:334,0
DA:338,0
DA:339,0
DA:340,0
DA:342,0
DA:343,0
DA:345,0
DA:346,0
DA:349,0
DA:351,0
DA:352,0
DA:353,0
DA:354,0
DA:355,0
DA:363,0
DA:370,0
DA:373,0
DA:374,0
DA:375,0
DA:380,0
DA:381,0
DA:382,0
DA:386,0
DA:393,0
DA:394,0
DA:395,0
DA:396,0
DA:399,0
DA:400,0
DA:402,0
DA:413,0
DA:414,0
DA:421,0
DA:422,0
DA:424,0
DA:425,0
DA:435,0
DA:436,0
DA:437,0
DA:439,0
DA:450,0
DA:452,0
DA:453,0
DA:455,0
DA:456,0
DA:457,0
DA:459,0
DA:460,0
DA:463,0
DA:465,0
DA:466,0
DA:467,0
DA:471,0
DA:474,0
DA:481,0
DA:483,0
DA:484,0
DA:487,0
DA:488,0
DA:490,0
DA:491,0
DA:493,0
DA:494,0
DA:495,0
DA:496,0
DA:497,0
DA:499,0
DA:500,0
DA:503,0
DA:508,0
DA:509,0
DA:511,0
DA:514,0
DA:522,0
DA:529,0
DA:530,0
DA:537,0
DA:538,0
DA:539,0
DA:540,0
DA:542,0
DA:548,0
DA:550,0
DA:551,0
DA:552,0
DA:553,0
DA:556,0
DA:561,0
DA:562,0
DA:563,0
DA:566,0
DA:567,0
DA:568,0
DA:571,0
DA:572,0
DA:573,0
DA:574,0
DA:576,0
DA:579,0
DA:580,0
DA:581,0
DA:582,0
DA:584,0
DA:592,0
LF:211
LH:0
BRDA:51,0,0,0
BRDA:78,1,0,0
BRDA:88,2,0,0
BRDA:104,3,0,0
BRDA:134,4,0,0
BRDA:151,5,0,0
BRDA:162,6,0,0
BRDA:173,7,0,0
BRDA:173,7,1,0
BRDA:193,8,0,0
BRDA:195,9,0,0
BRDA:217,10,0,0
BRDA:232,11,0,0
BRDA:234,12,0,0
BRDA:240,13,0,0
BRDA:266,14,0,0
BRDA:266,15,0,0
BRDA:266,15,1,0
BRDA:271,16,0,0
BRDA:271,16,1,0
BRDA:274,17,0,0
BRDA:274,17,1,0
BRDA:307,18,0,0
BRDA:316,19,0,0
BRDA:330,20,0,0
BRDA:342,21,0,0
BRDA:342,21,1,0
BRDA:370,22,0,0
BRDA:370,22,1,0
BRDA:374,23,0,0
BRDA:381,24,0,0
BRDA:394,25,0,0
BRDA:414,26,0,0
BRDA:414,26,1,0
BRDA:424,27,0,0
BRDA:459,28,0,0
BRDA:459,29,0,0
BRDA:459,29,1,0
BRDA:465,30,0,0
BRDA:493,31,0,0
BRDA:493,31,1,0
BRDA:538,32,0,0
BRDA:538,33,0,0
BRDA:538,33,1,0
BRDA:550,34,0,0
BRDA:550,35,0,0
BRDA:550,35,1,0
BRDA:552,36,0,0
BRDA:573,37,0,0
BRDA:581,38,0,0
BRF:50
BRH:0
end_of_record
